<?xml version="1.0" encoding="UTF-8"?>
<coverage generated="1718815860863" clover="3.2.0">
  <project timestamp="1718815860863" name="All files">
    <metrics statements="1168" coveredstatements="1120" conditionals="290" coveredconditionals="262" methods="341" coveredmethods="332" elements="1799" coveredelements="1714" complexity="0" loc="1168" ncloc="1168" packages="8" files="27" classes="27"/>
    <package name="server">
      <metrics statements="16" coveredstatements="14" conditionals="1" coveredconditionals="0" methods="1" coveredmethods="0"/>
      <file name="index.ts" path="C:\Users\Utente\Desktop\poli\materie\Ingegneria del software\Progetto\ezelectronics\code\server\index.ts">
        <metrics statements="16" coveredstatements="14" conditionals="1" coveredconditionals="0" methods="1" coveredmethods="0"/>
        <line num="1" count="12" type="stmt"/>
        <line num="2" count="12" type="stmt"/>
        <line num="3" count="12" type="stmt"/>
        <line num="4" count="12" type="stmt"/>
        <line num="5" count="12" type="stmt"/>
        <line num="7" count="12" type="stmt"/>
        <line num="8" count="12" type="stmt"/>
        <line num="10" count="12" type="stmt"/>
        <line num="12" count="12" type="stmt"/>
        <line num="16" count="12" type="stmt"/>
        <line num="17" count="12" type="stmt"/>
        <line num="18" count="12" type="stmt"/>
        <line num="19" count="12" type="cond" truecount="0" falsecount="1"/>
        <line num="20" count="0" type="stmt"/>
        <line num="21" count="0" type="stmt"/>
        <line num="25" count="12" type="stmt"/>
      </file>
    </package>
    <package name="server.src">
      <metrics statements="50" coveredstatements="50" conditionals="8" coveredconditionals="8" methods="10" coveredmethods="10"/>
      <file name="helper.ts" path="C:\Users\Utente\Desktop\poli\materie\Ingegneria del software\Progetto\ezelectronics\code\server\src\helper.ts">
        <metrics statements="11" coveredstatements="11" conditionals="7" coveredconditionals="7" methods="4" coveredmethods="4"/>
        <line num="1" count="12" type="stmt"/>
        <line num="17" count="837" type="stmt"/>
        <line num="18" count="837" type="cond" truecount="1" falsecount="0"/>
        <line num="19" count="42" type="stmt"/>
        <line num="20" count="42" type="stmt"/>
        <line num="21" count="53" type="stmt"/>
        <line num="23" count="42" type="stmt"/>
        <line num="25" count="795" type="stmt"/>
        <line num="33" count="24" type="stmt"/>
        <line num="34" count="168" type="cond" truecount="2" falsecount="0"/>
        <line num="42" count="12" type="stmt"/>
      </file>
      <file name="routes.ts" path="C:\Users\Utente\Desktop\poli\materie\Ingegneria del software\Progetto\ezelectronics\code\server\src\routes.ts">
        <metrics statements="25" coveredstatements="25" conditionals="0" coveredconditionals="0" methods="1" coveredmethods="1"/>
        <line num="1" count="12" type="stmt"/>
        <line num="2" count="12" type="stmt"/>
        <line num="3" count="12" type="stmt"/>
        <line num="4" count="12" type="stmt"/>
        <line num="5" count="12" type="stmt"/>
        <line num="6" count="12" type="stmt"/>
        <line num="7" count="12" type="stmt"/>
        <line num="11" count="12" type="stmt"/>
        <line num="12" count="12" type="stmt"/>
        <line num="24" count="12" type="stmt"/>
        <line num="25" count="12" type="stmt"/>
        <line num="26" count="12" type="stmt"/>
        <line num="34" count="12" type="stmt"/>
        <line num="35" count="12" type="stmt"/>
        <line num="36" count="12" type="stmt"/>
        <line num="37" count="12" type="stmt"/>
        <line num="38" count="12" type="stmt"/>
        <line num="39" count="12" type="stmt"/>
        <line num="54" count="12" type="stmt"/>
        <line num="55" count="12" type="stmt"/>
        <line num="56" count="12" type="stmt"/>
        <line num="57" count="12" type="stmt"/>
        <line num="58" count="12" type="stmt"/>
        <line num="60" count="12" type="stmt"/>
        <line num="63" count="12" type="stmt"/>
      </file>
      <file name="utilities.ts" path="C:\Users\Utente\Desktop\poli\materie\Ingegneria del software\Progetto\ezelectronics\code\server\src\utilities.ts">
        <metrics statements="14" coveredstatements="14" conditionals="1" coveredconditionals="1" methods="5" coveredmethods="5"/>
        <line num="1" count="19" type="stmt"/>
        <line num="2" count="19" type="stmt"/>
        <line num="14" count="286" type="stmt"/>
        <line num="22" count="147" type="stmt"/>
        <line num="26" count="382" type="stmt"/>
        <line num="31" count="8" type="stmt"/>
        <line num="32" count="8" type="stmt"/>
        <line num="33" count="8" type="cond" truecount="1" falsecount="0"/>
        <line num="34" count="2" type="stmt"/>
        <line num="36" count="6" type="stmt"/>
        <line num="46" count="3" type="stmt"/>
        <line num="47" count="3" type="stmt"/>
        <line num="48" count="3" type="stmt"/>
        <line num="52" count="19" type="stmt"/>
      </file>
    </package>
    <package name="server.src.components">
      <metrics statements="38" coveredstatements="38" conditionals="4" coveredconditionals="4" methods="7" coveredmethods="7"/>
      <file name="cart.ts" path="C:\Users\Utente\Desktop\poli\materie\Ingegneria del software\Progetto\ezelectronics\code\server\src\components\cart.ts">
        <metrics statements="10" coveredstatements="10" conditionals="0" coveredconditionals="0" methods="2" coveredmethods="2"/>
        <line num="22" count="198" type="stmt"/>
        <line num="23" count="198" type="stmt"/>
        <line num="24" count="198" type="stmt"/>
        <line num="25" count="198" type="stmt"/>
        <line num="26" count="198" type="stmt"/>
        <line num="47" count="139" type="stmt"/>
        <line num="48" count="139" type="stmt"/>
        <line num="49" count="139" type="stmt"/>
        <line num="50" count="139" type="stmt"/>
        <line num="54" count="16" type="stmt"/>
      </file>
      <file name="product.ts" path="C:\Users\Utente\Desktop\poli\materie\Ingegneria del software\Progetto\ezelectronics\code\server\src\components\product.ts">
        <metrics statements="11" coveredstatements="11" conditionals="2" coveredconditionals="2" methods="2" coveredmethods="2"/>
        <line num="23" count="356" type="stmt"/>
        <line num="24" count="356" type="stmt"/>
        <line num="25" count="356" type="stmt"/>
        <line num="26" count="356" type="stmt"/>
        <line num="27" count="356" type="stmt"/>
        <line num="28" count="356" type="stmt"/>
        <line num="35" count="25" type="cond" truecount="2" falsecount="0"/>
        <line num="36" count="25" type="stmt"/>
        <line num="37" count="25" type="stmt"/>
        <line num="38" count="25" type="stmt"/>
        <line num="41" count="25" type="stmt"/>
      </file>
      <file name="review.ts" path="C:\Users\Utente\Desktop\poli\materie\Ingegneria del software\Progetto\ezelectronics\code\server\src\components\review.ts">
        <metrics statements="6" coveredstatements="6" conditionals="0" coveredconditionals="0" methods="1" coveredmethods="1"/>
        <line num="20" count="54" type="stmt"/>
        <line num="21" count="54" type="stmt"/>
        <line num="22" count="54" type="stmt"/>
        <line num="23" count="54" type="stmt"/>
        <line num="24" count="54" type="stmt"/>
        <line num="28" count="17" type="stmt"/>
      </file>
      <file name="user.ts" path="C:\Users\Utente\Desktop\poli\materie\Ingegneria del software\Progetto\ezelectronics\code\server\src\components\user.ts">
        <metrics statements="11" coveredstatements="11" conditionals="2" coveredconditionals="2" methods="2" coveredmethods="2"/>
        <line num="22" count="1157" type="stmt"/>
        <line num="23" count="1157" type="stmt"/>
        <line num="24" count="1157" type="stmt"/>
        <line num="25" count="1157" type="stmt"/>
        <line num="26" count="1157" type="stmt"/>
        <line num="27" count="1157" type="stmt"/>
        <line num="35" count="27" type="cond" truecount="2" falsecount="0"/>
        <line num="36" count="27" type="stmt"/>
        <line num="37" count="27" type="stmt"/>
        <line num="38" count="27" type="stmt"/>
        <line num="41" count="27" type="stmt"/>
      </file>
    </package>
    <package name="server.src.controllers">
      <metrics statements="249" coveredstatements="239" conditionals="102" coveredconditionals="92" methods="34" coveredmethods="34"/>
      <file name="cartController.ts" path="C:\Users\Utente\Desktop\poli\materie\Ingegneria del software\Progetto\ezelectronics\code\server\src\controllers\cartController.ts">
        <metrics statements="85" coveredstatements="85" conditionals="17" coveredconditionals="17" methods="11" coveredmethods="11"/>
        <line num="2" count="14" type="stmt"/>
        <line num="3" count="14" type="stmt"/>
        <line num="4" count="14" type="stmt"/>
        <line num="5" count="14" type="stmt"/>
        <line num="6" count="14" type="stmt"/>
        <line num="7" count="14" type="stmt"/>
        <line num="8" count="14" type="stmt"/>
        <line num="20" count="60" type="stmt"/>
        <line num="21" count="60" type="stmt"/>
        <line num="22" count="60" type="stmt"/>
        <line num="34" count="52" type="stmt"/>
        <line num="36" count="52" type="stmt"/>
        <line num="37" count="50" type="cond" truecount="1" falsecount="0"/>
        <line num="38" count="3" type="stmt"/>
        <line num="41" count="47" type="stmt"/>
        <line num="43" count="46" type="cond" truecount="1" falsecount="0"/>
        <line num="44" count="28" type="stmt"/>
        <line num="47" count="45" type="stmt"/>
        <line num="48" count="45" type="cond" truecount="2" falsecount="0"/>
        <line num="49" count="7" type="stmt"/>
        <line num="51" count="38" type="stmt"/>
        <line num="53" count="43" type="stmt"/>
        <line num="55" count="42" type="stmt"/>
        <line num="57" count="10" type="stmt"/>
        <line num="67" count="19" type="stmt"/>
        <line num="68" count="19" type="stmt"/>
        <line num="69" count="18" type="cond" truecount="2" falsecount="0"/>
        <line num="70" count="3" type="stmt"/>
        <line num="72" count="15" type="stmt"/>
        <line num="76" count="1" type="stmt"/>
        <line num="88" count="22" type="stmt"/>
        <line num="90" count="22" type="stmt"/>
        <line num="91" count="21" type="cond" truecount="1" falsecount="0"/>
        <line num="92" count="3" type="stmt"/>
        <line num="94" count="18" type="stmt"/>
        <line num="96" count="18" type="cond" truecount="1" falsecount="0"/>
        <line num="97" count="3" type="stmt"/>
        <line num="100" count="15" type="stmt"/>
        <line num="102" count="16" type="stmt"/>
        <line num="103" count="15" type="cond" truecount="2" falsecount="0"/>
        <line num="104" count="4" type="stmt"/>
        <line num="105" count="11" type="cond" truecount="2" falsecount="0"/>
        <line num="106" count="1" type="stmt"/>
        <line num="109" count="10" type="stmt"/>
        <line num="113" count="8" type="stmt"/>
        <line num="114" count="8" type="stmt"/>
        <line num="115" count="7" type="stmt"/>
        <line num="119" count="15" type="stmt"/>
        <line num="132" count="8" type="stmt"/>
        <line num="133" count="8" type="stmt"/>
        <line num="134" count="7" type="stmt"/>
        <line num="136" count="1" type="stmt"/>
        <line num="149" count="22" type="stmt"/>
        <line num="151" count="22" type="stmt"/>
        <line num="154" count="19" type="stmt"/>
        <line num="155" count="18" type="cond" truecount="1" falsecount="0"/>
        <line num="156" count="3" type="stmt"/>
        <line num="158" count="15" type="stmt"/>
        <line num="160" count="15" type="stmt"/>
        <line num="161" count="15" type="cond" truecount="1" falsecount="0"/>
        <line num="162" count="4" type="stmt"/>
        <line num="164" count="11" type="cond" truecount="2" falsecount="0"/>
        <line num="166" count="4" type="stmt"/>
        <line num="169" count="7" type="stmt"/>
        <line num="172" count="9" type="stmt"/>
        <line num="173" count="8" type="stmt"/>
        <line num="176" count="14" type="stmt"/>
        <line num="188" count="9" type="stmt"/>
        <line num="190" count="9" type="stmt"/>
        <line num="191" count="8" type="cond" truecount="1" falsecount="0"/>
        <line num="192" count="3" type="stmt"/>
        <line num="194" count="5" type="stmt"/>
        <line num="196" count="5" type="stmt"/>
        <line num="198" count="4" type="stmt"/>
        <line num="200" count="3" type="stmt"/>
        <line num="202" count="6" type="stmt"/>
        <line num="212" count="8" type="stmt"/>
        <line num="213" count="8" type="stmt"/>
        <line num="214" count="5" type="stmt"/>
        <line num="217" count="3" type="stmt"/>
        <line num="226" count="13" type="stmt"/>
        <line num="227" count="13" type="stmt"/>
        <line num="228" count="10" type="stmt"/>
        <line num="230" count="3" type="stmt"/>
        <line num="235" count="14" type="stmt"/>
      </file>
      <file name="productController.ts" path="C:\Users\Utente\Desktop\poli\materie\Ingegneria del software\Progetto\ezelectronics\code\server\src\controllers\productController.ts">
        <metrics statements="81" coveredstatements="73" conditionals="69" coveredconditionals="61" methods="9" coveredmethods="9"/>
        <line num="1" count="15" type="stmt"/>
        <line num="2" count="15" type="stmt"/>
        <line num="13" count="90" type="stmt"/>
        <line num="27" count="466" type="stmt"/>
        <line num="29" count="466" type="stmt"/>
        <line num="30" count="466" type="cond" truecount="3" falsecount="0"/>
        <line num="31" count="3" type="stmt"/>
        <line num="35" count="463" type="cond" truecount="2" falsecount="0"/>
        <line num="37" count="463" type="stmt"/>
        <line num="40" count="4" type="stmt"/>
        <line num="56" count="6" type="cond" truecount="2" falsecount="1"/>
        <line num="57" count="0" type="stmt"/>
        <line num="61" count="6" type="cond" truecount="2" falsecount="1"/>
        <line num="62" count="0" type="stmt"/>
        <line num="66" count="6" type="cond" truecount="1" falsecount="0"/>
        <line num="68" count="2" type="stmt"/>
        <line num="69" count="2" type="cond" truecount="0" falsecount="1"/>
        <line num="70" count="0" type="stmt"/>
        <line num="73" count="2" type="stmt"/>
        <line num="74" count="2" type="cond" truecount="0" falsecount="1"/>
        <line num="75" count="0" type="stmt"/>
        <line num="79" count="6" type="stmt"/>
        <line num="81" count="6" type="stmt"/>
        <line num="83" count="5" type="cond" truecount="2" falsecount="1"/>
        <line num="84" count="0" type="stmt"/>
        <line num="88" count="5" type="cond" truecount="0" falsecount="1"/>
        <line num="89" count="0" type="stmt"/>
        <line num="91" count="5" type="stmt"/>
        <line num="93" count="2" type="stmt"/>
        <line num="105" count="22" type="stmt"/>
        <line num="106" count="22" type="stmt"/>
        <line num="108" count="20" type="cond" truecount="1" falsecount="0"/>
        <line num="109" count="1" type="stmt"/>
        <line num="111" count="19" type="stmt"/>
        <line num="112" count="12" type="stmt"/>
        <line num="114" count="10" type="stmt"/>
        <line num="126" count="166" type="cond" truecount="4" falsecount="0"/>
        <line num="127" count="1" type="stmt"/>
        <line num="130" count="165" type="cond" truecount="4" falsecount="0"/>
        <line num="131" count="2" type="stmt"/>
        <line num="135" count="163" type="cond" truecount="1" falsecount="0"/>
        <line num="136" count="14" type="cond" truecount="6" falsecount="0"/>
        <line num="137" count="6" type="stmt"/>
        <line num="142" count="157" type="cond" truecount="1" falsecount="0"/>
        <line num="143" count="132" type="cond" truecount="4" falsecount="0"/>
        <line num="144" count="6" type="stmt"/>
        <line num="150" count="151" type="cond" truecount="1" falsecount="0"/>
        <line num="151" count="126" type="stmt"/>
        <line num="152" count="126" type="cond" truecount="3" falsecount="0"/>
        <line num="153" count="11" type="stmt"/>
        <line num="155" count="115" type="stmt"/>
        <line num="159" count="25" type="stmt"/>
        <line num="171" count="26" type="cond" truecount="4" falsecount="0"/>
        <line num="172" count="2" type="stmt"/>
        <line num="175" count="24" type="cond" truecount="4" falsecount="0"/>
        <line num="176" count="2" type="stmt"/>
        <line num="179" count="22" type="cond" truecount="3" falsecount="1"/>
        <line num="180" count="0" type="stmt"/>
        <line num="184" count="22" type="cond" truecount="1" falsecount="0"/>
        <line num="185" count="9" type="cond" truecount="6" falsecount="0"/>
        <line num="186" count="6" type="stmt"/>
        <line num="191" count="16" type="cond" truecount="1" falsecount="0"/>
        <line num="192" count="11" type="cond" truecount="4" falsecount="0"/>
        <line num="193" count="7" type="stmt"/>
        <line num="199" count="9" type="cond" truecount="1" falsecount="0"/>
        <line num="201" count="4" type="stmt"/>
        <line num="202" count="3" type="stmt"/>
        <line num="203" count="3" type="cond" truecount="0" falsecount="1"/>
        <line num="204" count="0" type="stmt"/>
        <line num="207" count="3" type="stmt"/>
        <line num="211" count="3" type="stmt"/>
        <line num="215" count="5" type="stmt"/>
        <line num="225" count="6" type="stmt"/>
        <line num="226" count="6" type="stmt"/>
        <line num="227" count="5" type="stmt"/>
        <line num="230" count="1" type="stmt"/>
        <line num="240" count="9" type="stmt"/>
        <line num="241" count="9" type="stmt"/>
        <line num="242" count="5" type="stmt"/>
        <line num="244" count="4" type="stmt"/>
        <line num="250" count="15" type="stmt"/>
      </file>
      <file name="reviewController.ts" path="C:\Users\Utente\Desktop\poli\materie\Ingegneria del software\Progetto\ezelectronics\code\server\src\controllers\reviewController.ts">
        <metrics statements="37" coveredstatements="37" conditionals="6" coveredconditionals="6" methods="6" coveredmethods="6"/>
        <line num="1" count="13" type="stmt"/>
        <line num="3" count="13" type="stmt"/>
        <line num="4" count="13" type="stmt"/>
        <line num="5" count="13" type="stmt"/>
        <line num="7" count="13" type="stmt"/>
        <line num="8" count="13" type="stmt"/>
        <line num="15" count="17" type="stmt"/>
        <line num="16" count="17" type="stmt"/>
        <line num="29" count="19" type="stmt"/>
        <line num="30" count="19" type="cond" truecount="1" falsecount="0"/>
        <line num="31" count="2" type="stmt"/>
        <line num="34" count="17" type="stmt"/>
        <line num="35" count="17" type="cond" truecount="1" falsecount="0"/>
        <line num="36" count="2" type="stmt"/>
        <line num="39" count="15" type="stmt"/>
        <line num="40" count="15" type="stmt"/>
        <line num="51" count="23" type="stmt"/>
        <line num="52" count="23" type="cond" truecount="1" falsecount="0"/>
        <line num="53" count="3" type="stmt"/>
        <line num="56" count="20" type="stmt"/>
        <line num="66" count="10" type="stmt"/>
        <line num="67" count="10" type="cond" truecount="1" falsecount="0"/>
        <line num="68" count="3" type="stmt"/>
        <line num="71" count="7" type="stmt"/>
        <line num="72" count="7" type="cond" truecount="1" falsecount="0"/>
        <line num="73" count="4" type="stmt"/>
        <line num="77" count="3" type="stmt"/>
        <line num="86" count="6" type="stmt"/>
        <line num="87" count="6" type="stmt"/>
        <line num="88" count="6" type="cond" truecount="1" falsecount="0"/>
        <line num="89" count="2" type="stmt"/>
        <line num="91" count="4" type="stmt"/>
        <line num="94" count="3" type="stmt"/>
        <line num="104" count="5" type="stmt"/>
        <line num="105" count="5" type="stmt"/>
        <line num="108" count="1" type="stmt"/>
        <line num="113" count="13" type="stmt"/>
      </file>
      <file name="userController.ts" path="C:\Users\Utente\Desktop\poli\materie\Ingegneria del software\Progetto\ezelectronics\code\server\src\controllers\userController.ts">
        <metrics statements="46" coveredstatements="44" conditionals="10" coveredconditionals="8" methods="8" coveredmethods="8"/>
        <line num="1" count="14" type="stmt"/>
        <line num="3" count="14" type="stmt"/>
        <line num="4" count="14" type="stmt"/>
        <line num="14" count="50" type="stmt"/>
        <line num="27" count="41" type="stmt"/>
        <line num="28" count="41" type="stmt"/>
        <line num="29" count="37" type="stmt"/>
        <line num="31" count="4" type="stmt"/>
        <line num="40" count="14" type="stmt"/>
        <line num="41" count="14" type="stmt"/>
        <line num="42" count="13" type="stmt"/>
        <line num="45" count="1" type="stmt"/>
        <line num="55" count="9" type="stmt"/>
        <line num="56" count="9" type="stmt"/>
        <line num="57" count="8" type="stmt"/>
        <line num="59" count="1" type="stmt"/>
        <line num="73" count="20" type="stmt"/>
        <line num="74" count="15" type="cond" truecount="0" falsecount="1"/>
        <line num="75" count="0" type="stmt"/>
        <line num="78" count="15" type="cond" truecount="1" falsecount="0"/>
        <line num="79" count="8" type="cond" truecount="1" falsecount="0"/>
        <line num="80" count="3" type="stmt"/>
        <line num="82" count="12" type="stmt"/>
        <line num="94" count="21" type="stmt"/>
        <line num="96" count="21" type="stmt"/>
        <line num="97" count="17" type="cond" truecount="1" falsecount="0"/>
        <line num="98" count="12" type="cond" truecount="1" falsecount="0"/>
        <line num="100" count="4" type="stmt"/>
        <line num="103" count="8" type="cond" truecount="1" falsecount="0"/>
        <line num="104" count="4" type="stmt"/>
        <line num="108" count="9" type="stmt"/>
        <line num="110" count="12" type="stmt"/>
        <line num="119" count="5" type="stmt"/>
        <line num="120" count="5" type="stmt"/>
        <line num="121" count="4" type="stmt"/>
        <line num="123" count="1" type="stmt"/>
        <line num="140" count="11" type="cond" truecount="1" falsecount="0"/>
        <line num="141" count="5" type="cond" truecount="1" falsecount="0"/>
        <line num="142" count="3" type="stmt"/>
        <line num="146" count="8" type="cond" truecount="1" falsecount="0"/>
        <line num="147" count="2" type="stmt"/>
        <line num="150" count="6" type="stmt"/>
        <line num="151" count="4" type="cond" truecount="0" falsecount="1"/>
        <line num="152" count="0" type="stmt"/>
        <line num="154" count="4" type="stmt"/>
        <line num="158" count="14" type="stmt"/>
      </file>
    </package>
    <package name="server.src.dao">
      <metrics statements="409" coveredstatements="402" conditionals="95" coveredconditionals="92" methods="125" coveredmethods="125"/>
      <file name="cartDAO.ts" path="C:\Users\Utente\Desktop\poli\materie\Ingegneria del software\Progetto\ezelectronics\code\server\src\dao\cartDAO.ts">
        <metrics statements="148" coveredstatements="148" conditionals="34" coveredconditionals="34" methods="47" coveredmethods="47"/>
        <line num="1" count="15" type="stmt"/>
        <line num="2" count="15" type="stmt"/>
        <line num="22" count="91" type="stmt"/>
        <line num="23" count="91" type="stmt"/>
        <line num="25" count="91" type="stmt"/>
        <line num="26" count="91" type="stmt"/>
        <line num="27" count="90" type="cond" truecount="1" falsecount="0"/>
        <line num="28" count="1" type="stmt"/>
        <line num="30" count="90" type="cond" truecount="1" falsecount="0"/>
        <line num="31" count="36" type="stmt"/>
        <line num="35" count="54" type="stmt"/>
        <line num="36" count="54" type="stmt"/>
        <line num="37" count="53" type="cond" truecount="1" falsecount="0"/>
        <line num="38" count="1" type="stmt"/>
        <line num="40" count="53" type="cond" truecount="1" falsecount="0"/>
        <line num="41" count="9" type="stmt"/>
        <line num="43" count="52" type="stmt"/>
        <line num="44" count="52" type="stmt"/>
        <line num="49" count="3" type="stmt"/>
        <line num="63" count="29" type="stmt"/>
        <line num="64" count="29" type="stmt"/>
        <line num="65" count="29" type="stmt"/>
        <line num="66" count="29" type="stmt"/>
        <line num="67" count="28" type="cond" truecount="2" falsecount="0"/>
        <line num="68" count="1" type="stmt"/>
        <line num="70" count="27" type="stmt"/>
        <line num="74" count="1" type="stmt"/>
        <line num="86" count="10" type="stmt"/>
        <line num="87" count="10" type="stmt"/>
        <line num="88" count="10" type="stmt"/>
        <line num="89" count="10" type="stmt"/>
        <line num="90" count="9" type="cond" truecount="2" falsecount="0"/>
        <line num="91" count="1" type="stmt"/>
        <line num="93" count="8" type="stmt"/>
        <line num="98" count="1" type="stmt"/>
        <line num="109" count="39" type="stmt"/>
        <line num="110" count="39" type="stmt"/>
        <line num="111" count="39" type="stmt"/>
        <line num="112" count="39" type="stmt"/>
        <line num="113" count="38" type="cond" truecount="2" falsecount="0"/>
        <line num="114" count="1" type="stmt"/>
        <line num="116" count="37" type="stmt"/>
        <line num="120" count="1" type="stmt"/>
        <line num="133" count="44" type="stmt"/>
        <line num="134" count="44" type="stmt"/>
        <line num="135" count="44" type="stmt"/>
        <line num="136" count="44" type="stmt"/>
        <line num="137" count="43" type="cond" truecount="2" falsecount="0"/>
        <line num="138" count="1" type="stmt"/>
        <line num="141" count="42" type="stmt"/>
        <line num="145" count="1" type="stmt"/>
        <line num="157" count="14" type="stmt"/>
        <line num="158" count="14" type="stmt"/>
        <line num="160" count="14" type="stmt"/>
        <line num="161" count="14" type="stmt"/>
        <line num="162" count="13" type="cond" truecount="1" falsecount="0"/>
        <line num="163" count="1" type="stmt"/>
        <line num="166" count="12" type="cond" truecount="1" falsecount="0"/>
        <line num="167" count="5" type="stmt"/>
        <line num="170" count="7" type="stmt"/>
        <line num="171" count="7" type="stmt"/>
        <line num="173" count="11" type="cond" truecount="1" falsecount="0"/>
        <line num="174" count="8" type="stmt"/>
        <line num="176" count="11" type="stmt"/>
        <line num="178" count="11" type="cond" truecount="1" falsecount="0"/>
        <line num="179" count="11" type="stmt"/>
        <line num="180" count="11" type="stmt"/>
        <line num="186" count="7" type="stmt"/>
        <line num="189" count="1" type="stmt"/>
        <line num="202" count="8" type="stmt"/>
        <line num="203" count="8" type="stmt"/>
        <line num="204" count="8" type="stmt"/>
        <line num="205" count="8" type="stmt"/>
        <line num="206" count="7" type="cond" truecount="2" falsecount="0"/>
        <line num="207" count="1" type="stmt"/>
        <line num="209" count="6" type="stmt"/>
        <line num="213" count="1" type="stmt"/>
        <line num="226" count="11" type="stmt"/>
        <line num="227" count="11" type="stmt"/>
        <line num="228" count="11" type="stmt"/>
        <line num="229" count="11" type="stmt"/>
        <line num="230" count="10" type="cond" truecount="2" falsecount="0"/>
        <line num="231" count="1" type="stmt"/>
        <line num="233" count="9" type="stmt"/>
        <line num="237" count="1" type="stmt"/>
        <line num="250" count="11" type="stmt"/>
        <line num="251" count="11" type="stmt"/>
        <line num="252" count="11" type="stmt"/>
        <line num="253" count="11" type="stmt"/>
        <line num="254" count="10" type="cond" truecount="2" falsecount="0"/>
        <line num="255" count="1" type="stmt"/>
        <line num="257" count="9" type="stmt"/>
        <line num="261" count="1" type="stmt"/>
        <line num="273" count="8" type="stmt"/>
        <line num="274" count="8" type="stmt"/>
        <line num="275" count="8" type="stmt"/>
        <line num="276" count="8" type="stmt"/>
        <line num="277" count="7" type="cond" truecount="2" falsecount="0"/>
        <line num="278" count="1" type="stmt"/>
        <line num="280" count="6" type="stmt"/>
        <line num="284" count="1" type="stmt"/>
        <line num="296" count="7" type="stmt"/>
        <line num="297" count="7" type="stmt"/>
        <line num="298" count="7" type="stmt"/>
        <line num="299" count="7" type="stmt"/>
        <line num="300" count="6" type="cond" truecount="2" falsecount="0"/>
        <line num="301" count="1" type="stmt"/>
        <line num="303" count="5" type="stmt"/>
        <line num="307" count="1" type="stmt"/>
        <line num="322" count="11" type="stmt"/>
        <line num="323" count="11" type="stmt"/>
        <line num="324" count="11" type="stmt"/>
        <line num="325" count="11" type="stmt"/>
        <line num="326" count="10" type="cond" truecount="2" falsecount="0"/>
        <line num="327" count="1" type="stmt"/>
        <line num="329" count="9" type="stmt"/>
        <line num="333" count="1" type="stmt"/>
        <line num="344" count="9" type="stmt"/>
        <line num="345" count="9" type="stmt"/>
        <line num="346" count="9" type="stmt"/>
        <line num="347" count="9" type="stmt"/>
        <line num="349" count="9" type="stmt"/>
        <line num="350" count="8" type="cond" truecount="1" falsecount="0"/>
        <line num="351" count="1" type="stmt"/>
        <line num="354" count="7" type="stmt"/>
        <line num="355" count="6" type="cond" truecount="1" falsecount="0"/>
        <line num="356" count="1" type="stmt"/>
        <line num="358" count="5" type="stmt"/>
        <line num="362" count="2" type="stmt"/>
        <line num="374" count="38" type="stmt"/>
        <line num="375" count="38" type="stmt"/>
        <line num="377" count="38" type="stmt"/>
        <line num="378" count="38" type="stmt"/>
        <line num="379" count="37" type="cond" truecount="1" falsecount="0"/>
        <line num="380" count="1" type="stmt"/>
        <line num="383" count="36" type="cond" truecount="1" falsecount="0"/>
        <line num="384" count="6" type="stmt"/>
        <line num="387" count="30" type="stmt"/>
        <line num="388" count="30" type="stmt"/>
        <line num="390" count="40" type="cond" truecount="1" falsecount="0"/>
        <line num="391" count="35" type="stmt"/>
        <line num="393" count="40" type="stmt"/>
        <line num="395" count="40" type="cond" truecount="1" falsecount="0"/>
        <line num="396" count="25" type="stmt"/>
        <line num="397" count="25" type="stmt"/>
        <line num="400" count="30" type="stmt"/>
        <line num="403" count="1" type="stmt"/>
        <line num="413" count="15" type="stmt"/>
      </file>
      <file name="productDAO.ts" path="C:\Users\Utente\Desktop\poli\materie\Ingegneria del software\Progetto\ezelectronics\code\server\src\dao\productDAO.ts">
        <metrics statements="108" coveredstatements="103" conditionals="30" coveredconditionals="27" methods="30" coveredmethods="30"/>
        <line num="1" count="21" type="stmt"/>
        <line num="2" count="21" type="stmt"/>
        <line num="3" count="21" type="stmt"/>
        <line num="19" count="669" type="stmt"/>
        <line num="20" count="669" type="stmt"/>
        <line num="21" count="669" type="stmt"/>
        <line num="22" count="669" type="stmt"/>
        <line num="24" count="669" type="cond" truecount="2" falsecount="0"/>
        <line num="25" count="8" type="stmt"/>
        <line num="26" count="8" type="stmt"/>
        <line num="27" count="661" type="cond" truecount="1" falsecount="0"/>
        <line num="28" count="644" type="stmt"/>
        <line num="29" count="644" type="stmt"/>
        <line num="32" count="669" type="stmt"/>
        <line num="33" count="669" type="cond" truecount="1" falsecount="1"/>
        <line num="34" count="0" type="stmt"/>
        <line num="36" count="669" type="stmt"/>
        <line num="37" count="669" type="stmt"/>
        <line num="41" count="0" type="stmt"/>
        <line num="54" count="11" type="stmt"/>
        <line num="55" count="11" type="stmt"/>
        <line num="56" count="11" type="stmt"/>
        <line num="57" count="11" type="stmt"/>
        <line num="59" count="11" type="cond" truecount="2" falsecount="0"/>
        <line num="60" count="3" type="stmt"/>
        <line num="61" count="3" type="stmt"/>
        <line num="62" count="8" type="cond" truecount="1" falsecount="0"/>
        <line num="63" count="4" type="stmt"/>
        <line num="64" count="4" type="stmt"/>
        <line num="67" count="11" type="stmt"/>
        <line num="68" count="11" type="cond" truecount="1" falsecount="1"/>
        <line num="69" count="0" type="stmt"/>
        <line num="72" count="21" type="stmt"/>
        <line num="74" count="11" type="cond" truecount="1" falsecount="1"/>
        <line num="75" count="0" type="stmt"/>
        <line num="77" count="18" type="stmt"/>
        <line num="78" count="11" type="stmt"/>
        <line num="83" count="0" type="stmt"/>
        <line num="96" count="12" type="stmt"/>
        <line num="97" count="12" type="stmt"/>
        <line num="98" count="12" type="stmt"/>
        <line num="99" count="11" type="cond" truecount="2" falsecount="0"/>
        <line num="100" count="1" type="stmt"/>
        <line num="102" count="10" type="stmt"/>
        <line num="119" count="465" type="stmt"/>
        <line num="123" count="465" type="stmt"/>
        <line num="124" count="465" type="stmt"/>
        <line num="125" count="465" type="stmt"/>
        <line num="126" count="464" type="cond" truecount="1" falsecount="0"/>
        <line num="127" count="464" type="stmt"/>
        <line num="138" count="11" type="stmt"/>
        <line num="139" count="11" type="stmt"/>
        <line num="140" count="10" type="cond" truecount="1" falsecount="0"/>
        <line num="141" count="1" type="stmt"/>
        <line num="142" count="1" type="stmt"/>
        <line num="144" count="9" type="cond" truecount="1" falsecount="0"/>
        <line num="145" count="2" type="stmt"/>
        <line num="146" count="2" type="stmt"/>
        <line num="148" count="7" type="stmt"/>
        <line num="149" count="7" type="stmt"/>
        <line num="151" count="7" type="stmt"/>
        <line num="152" count="6" type="cond" truecount="1" falsecount="0"/>
        <line num="153" count="1" type="stmt"/>
        <line num="154" count="1" type="stmt"/>
        <line num="156" count="5" type="stmt"/>
        <line num="170" count="31" type="stmt"/>
        <line num="171" count="31" type="stmt"/>
        <line num="172" count="30" type="cond" truecount="1" falsecount="0"/>
        <line num="173" count="1" type="stmt"/>
        <line num="174" count="1" type="stmt"/>
        <line num="176" count="29" type="cond" truecount="1" falsecount="0"/>
        <line num="177" count="5" type="stmt"/>
        <line num="178" count="5" type="stmt"/>
        <line num="180" count="24" type="stmt"/>
        <line num="182" count="24" type="cond" truecount="1" falsecount="0"/>
        <line num="183" count="3" type="stmt"/>
        <line num="184" count="3" type="stmt"/>
        <line num="187" count="21" type="cond" truecount="1" falsecount="0"/>
        <line num="188" count="4" type="stmt"/>
        <line num="189" count="4" type="stmt"/>
        <line num="192" count="17" type="stmt"/>
        <line num="195" count="17" type="cond" truecount="3" falsecount="0"/>
        <line num="196" count="2" type="stmt"/>
        <line num="197" count="2" type="stmt"/>
        <line num="200" count="15" type="stmt"/>
        <line num="201" count="14" type="cond" truecount="1" falsecount="0"/>
        <line num="202" count="1" type="stmt"/>
        <line num="203" count="1" type="stmt"/>
        <line num="205" count="13" type="stmt"/>
        <line num="217" count="7" type="stmt"/>
        <line num="218" count="7" type="stmt"/>
        <line num="219" count="7" type="stmt"/>
        <line num="220" count="6" type="cond" truecount="1" falsecount="0"/>
        <line num="221" count="6" type="stmt"/>
        <line num="232" count="10" type="stmt"/>
        <line num="233" count="10" type="stmt"/>
        <line num="234" count="10" type="cond" truecount="1" falsecount="0"/>
        <line num="235" count="1" type="stmt"/>
        <line num="236" count="1" type="stmt"/>
        <line num="238" count="9" type="cond" truecount="1" falsecount="0"/>
        <line num="239" count="3" type="stmt"/>
        <line num="240" count="3" type="stmt"/>
        <line num="242" count="6" type="stmt"/>
        <line num="243" count="6" type="cond" truecount="1" falsecount="0"/>
        <line num="244" count="1" type="stmt"/>
        <line num="245" count="1" type="stmt"/>
        <line num="247" count="5" type="stmt"/>
        <line num="255" count="21" type="stmt"/>
      </file>
      <file name="reviewDAO.ts" path="C:\Users\Utente\Desktop\poli\materie\Ingegneria del software\Progetto\ezelectronics\code\server\src\dao\reviewDAO.ts">
        <metrics statements="62" coveredstatements="61" conditionals="13" coveredconditionals="13" methods="20" coveredmethods="20"/>
        <line num="2" count="15" type="stmt"/>
        <line num="3" count="15" type="stmt"/>
        <line num="18" count="23" type="stmt"/>
        <line num="19" count="23" type="stmt"/>
        <line num="21" count="23" type="stmt"/>
        <line num="22" count="23" type="cond" truecount="2" falsecount="0"/>
        <line num="23" count="1" type="stmt"/>
        <line num="25" count="22" type="stmt"/>
        <line num="26" count="22" type="stmt"/>
        <line num="27" count="22" type="stmt"/>
        <line num="29" count="0" type="stmt"/>
        <line num="45" count="31" type="stmt"/>
        <line num="46" count="31" type="stmt"/>
        <line num="47" count="31" type="stmt"/>
        <line num="48" count="31" type="stmt"/>
        <line num="49" count="30" type="cond" truecount="2" falsecount="0"/>
        <line num="50" count="1" type="stmt"/>
        <line num="51" count="29" type="cond" truecount="2" falsecount="0"/>
        <line num="52" count="22" type="stmt"/>
        <line num="55" count="7" type="stmt"/>
        <line num="56" count="7" type="stmt"/>
        <line num="60" count="1" type="stmt"/>
        <line num="72" count="20" type="stmt"/>
        <line num="73" count="20" type="stmt"/>
        <line num="74" count="20" type="stmt"/>
        <line num="75" count="20" type="stmt"/>
        <line num="76" count="19" type="cond" truecount="2" falsecount="0"/>
        <line num="77" count="1" type="stmt"/>
        <line num="79" count="18" type="stmt"/>
        <line num="83" count="1" type="stmt"/>
        <line num="98" count="7" type="stmt"/>
        <line num="100" count="7" type="stmt"/>
        <line num="101" count="7" type="stmt"/>
        <line num="102" count="7" type="stmt"/>
        <line num="103" count="6" type="cond" truecount="2" falsecount="0"/>
        <line num="104" count="1" type="stmt"/>
        <line num="106" count="5" type="stmt"/>
        <line num="110" count="1" type="stmt"/>
        <line num="131" count="10" type="stmt"/>
        <line num="132" count="10" type="stmt"/>
        <line num="133" count="10" type="stmt"/>
        <line num="134" count="10" type="stmt"/>
        <line num="135" count="9" type="cond" truecount="1" falsecount="0"/>
        <line num="136" count="2" type="stmt"/>
        <line num="137" count="2" type="stmt"/>
        <line num="139" count="7" type="stmt"/>
        <line num="140" count="7" type="stmt"/>
        <line num="141" count="6" type="cond" truecount="1" falsecount="0"/>
        <line num="142" count="1" type="stmt"/>
        <line num="143" count="1" type="stmt"/>
        <line num="145" count="5" type="stmt"/>
        <line num="149" count="2" type="stmt"/>
        <line num="159" count="8" type="stmt"/>
        <line num="160" count="8" type="stmt"/>
        <line num="161" count="8" type="stmt"/>
        <line num="162" count="8" type="stmt"/>
        <line num="163" count="7" type="cond" truecount="1" falsecount="0"/>
        <line num="164" count="1" type="stmt"/>
        <line num="165" count="1" type="stmt"/>
        <line num="167" count="6" type="stmt"/>
        <line num="170" count="1" type="stmt"/>
        <line num="177" count="15" type="stmt"/>
      </file>
      <file name="userDAO.ts" path="C:\Users\Utente\Desktop\poli\materie\Ingegneria del software\Progetto\ezelectronics\code\server\src\dao\userDAO.ts">
        <metrics statements="91" coveredstatements="90" conditionals="18" coveredconditionals="18" methods="28" coveredmethods="28"/>
        <line num="1" count="20" type="stmt"/>
        <line num="2" count="20" type="stmt"/>
        <line num="3" count="20" type="stmt"/>
        <line num="4" count="20" type="stmt"/>
        <line num="19" count="464" type="stmt"/>
        <line num="20" count="464" type="stmt"/>
        <line num="25" count="464" type="stmt"/>
        <line num="26" count="464" type="stmt"/>
        <line num="27" count="463" type="cond" truecount="1" falsecount="0"/>
        <line num="29" count="463" type="cond" truecount="5" falsecount="0"/>
        <line num="30" count="7" type="stmt"/>
        <line num="33" count="456" type="stmt"/>
        <line num="34" count="456" type="stmt"/>
        <line num="35" count="456" type="cond" truecount="1" falsecount="0"/>
        <line num="36" count="456" type="stmt"/>
        <line num="41" count="1" type="stmt"/>
        <line num="57" count="83" type="stmt"/>
        <line num="58" count="83" type="stmt"/>
        <line num="59" count="83" type="stmt"/>
        <line num="60" count="83" type="stmt"/>
        <line num="61" count="83" type="stmt"/>
        <line num="62" count="83" type="stmt"/>
        <line num="63" count="82" type="cond" truecount="1" falsecount="0"/>
        <line num="64" count="6" type="cond" truecount="1" falsecount="0"/>
        <line num="65" count="6" type="stmt"/>
        <line num="67" count="82" type="stmt"/>
        <line num="70" count="1" type="stmt"/>
        <line num="83" count="1078" type="stmt"/>
        <line num="84" count="1078" type="stmt"/>
        <line num="85" count="1078" type="stmt"/>
        <line num="86" count="1078" type="stmt"/>
        <line num="87" count="1078" type="cond" truecount="1" falsecount="0"/>
        <line num="88" count="1" type="stmt"/>
        <line num="89" count="1" type="stmt"/>
        <line num="91" count="1077" type="cond" truecount="1" falsecount="0"/>
        <line num="92" count="15" type="stmt"/>
        <line num="93" count="15" type="stmt"/>
        <line num="95" count="1062" type="stmt"/>
        <line num="96" count="1062" type="stmt"/>
        <line num="99" count="0" type="stmt"/>
        <line num="116" count="7" type="stmt"/>
        <line num="117" count="7" type="stmt"/>
        <line num="118" count="7" type="stmt"/>
        <line num="119" count="6" type="stmt"/>
        <line num="120" count="6" type="stmt"/>
        <line num="121" count="6" type="cond" truecount="2" falsecount="0"/>
        <line num="122" count="1" type="stmt"/>
        <line num="125" count="5" type="stmt"/>
        <line num="126" count="5" type="stmt"/>
        <line num="127" count="5" type="stmt"/>
        <line num="128" count="5" type="stmt"/>
        <line num="129" count="5" type="stmt"/>
        <line num="135" count="1" type="stmt"/>
        <line num="145" count="14" type="stmt"/>
        <line num="146" count="14" type="stmt"/>
        <line num="147" count="14" type="stmt"/>
        <line num="148" count="14" type="stmt"/>
        <line num="149" count="13" type="cond" truecount="1" falsecount="0"/>
        <line num="150" count="1" type="stmt"/>
        <line num="151" count="1" type="stmt"/>
        <line num="153" count="12" type="stmt"/>
        <line num="154" count="12" type="stmt"/>
        <line num="157" count="1" type="stmt"/>
        <line num="170" count="27" type="stmt"/>
        <line num="171" count="27" type="stmt"/>
        <line num="172" count="27" type="stmt"/>
        <line num="173" count="27" type="stmt"/>
        <line num="174" count="26" type="cond" truecount="1" falsecount="0"/>
        <line num="175" count="1" type="stmt"/>
        <line num="176" count="1" type="stmt"/>
        <line num="178" count="30" type="stmt"/>
        <line num="179" count="25" type="stmt"/>
        <line num="182" count="1" type="stmt"/>
        <line num="195" count="12" type="stmt"/>
        <line num="196" count="12" type="stmt"/>
        <line num="198" count="12" type="stmt"/>
        <line num="200" count="12" type="stmt"/>
        <line num="201" count="11" type="cond" truecount="2" falsecount="0"/>
        <line num="202" count="1" type="stmt"/>
        <line num="204" count="10" type="stmt"/>
        <line num="208" count="1" type="stmt"/>
        <line num="219" count="9" type="stmt"/>
        <line num="220" count="9" type="stmt"/>
        <line num="221" count="9" type="stmt"/>
        <line num="222" count="9" type="stmt"/>
        <line num="223" count="8" type="cond" truecount="1" falsecount="0"/>
        <line num="224" count="1" type="stmt"/>
        <line num="225" count="1" type="stmt"/>
        <line num="227" count="7" type="stmt"/>
        <line num="230" count="1" type="stmt"/>
        <line num="236" count="20" type="stmt"/>
      </file>
    </package>
    <package name="server.src.db">
      <metrics statements="31" coveredstatements="27" conditionals="9" coveredconditionals="2" methods="10" coveredmethods="10"/>
      <file name="cleanup.ts" path="C:\Users\Utente\Desktop\poli\materie\Ingegneria del software\Progetto\ezelectronics\code\server\src\db\cleanup.ts">
        <metrics statements="10" coveredstatements="10" conditionals="0" coveredconditionals="0" methods="4" coveredmethods="4"/>
        <line num="3" count="8" type="stmt"/>
        <line num="9" count="188" type="stmt"/>
        <line num="10" count="188" type="stmt"/>
        <line num="11" count="188" type="stmt"/>
        <line num="13" count="188" type="stmt"/>
        <line num="15" count="188" type="stmt"/>
        <line num="17" count="188" type="stmt"/>
        <line num="19" count="188" type="stmt"/>
        <line num="21" count="188" type="stmt"/>
        <line num="24" count="188" type="stmt"/>
      </file>
      <file name="db.ts" path="C:\Users\Utente\Desktop\poli\materie\Ingegneria del software\Progetto\ezelectronics\code\server\src\db\db.ts">
        <metrics statements="21" coveredstatements="17" conditionals="9" coveredconditionals="2" methods="6" coveredmethods="6"/>
        <line num="9" count="34" type="stmt"/>
        <line num="16" count="34" type="cond" truecount="1" falsecount="1"/>
        <line num="19" count="34" type="cond" truecount="1" falsecount="1"/>
        <line num="22" count="34" type="stmt"/>
        <line num="23" count="25" type="cond" truecount="0" falsecount="1"/>
        <line num="24" count="25" type="stmt"/>
        <line num="27" count="34" type="stmt"/>
        <line num="29" count="34" type="stmt"/>
        <line num="39" count="25" type="cond" truecount="0" falsecount="1"/>
        <line num="40" count="0" type="stmt"/>
        <line num="45" count="34" type="stmt"/>
        <line num="53" count="25" type="cond" truecount="0" falsecount="1"/>
        <line num="54" count="0" type="stmt"/>
        <line num="59" count="34" type="stmt"/>
        <line num="68" count="34" type="stmt"/>
        <line num="78" count="25" type="cond" truecount="0" falsecount="1"/>
        <line num="79" count="0" type="stmt"/>
        <line num="84" count="34" type="stmt"/>
        <line num="94" count="25" type="cond" truecount="0" falsecount="1"/>
        <line num="95" count="0" type="stmt"/>
        <line num="106" count="34" type="stmt"/>
      </file>
    </package>
    <package name="server.src.errors">
      <metrics statements="107" coveredstatements="86" conditionals="0" coveredconditionals="0" methods="26" coveredmethods="19"/>
      <file name="cartError.ts" path="C:\Users\Utente\Desktop\poli\materie\Ingegneria del software\Progetto\ezelectronics\code\server\src\errors\cartError.ts">
        <metrics statements="21" coveredstatements="15" conditionals="0" coveredconditionals="0" methods="5" coveredmethods="3"/>
        <line num="1" count="14" type="stmt"/>
        <line num="2" count="14" type="stmt"/>
        <line num="3" count="14" type="stmt"/>
        <line num="4" count="14" type="stmt"/>
        <line num="5" count="14" type="stmt"/>
        <line num="15" count="12" type="stmt"/>
        <line num="16" count="12" type="stmt"/>
        <line num="17" count="12" type="stmt"/>
        <line num="29" count="0" type="stmt"/>
        <line num="30" count="0" type="stmt"/>
        <line num="31" count="0" type="stmt"/>
        <line num="43" count="5" type="stmt"/>
        <line num="44" count="5" type="stmt"/>
        <line num="45" count="5" type="stmt"/>
        <line num="57" count="0" type="stmt"/>
        <line num="58" count="0" type="stmt"/>
        <line num="59" count="0" type="stmt"/>
        <line num="68" count="6" type="stmt"/>
        <line num="69" count="6" type="stmt"/>
        <line num="70" count="6" type="stmt"/>
        <line num="74" count="14" type="stmt"/>
      </file>
      <file name="productError.ts" path="C:\Users\Utente\Desktop\poli\materie\Ingegneria del software\Progetto\ezelectronics\code\server\src\errors\productError.ts">
        <metrics statements="44" coveredstatements="41" conditionals="0" coveredconditionals="0" methods="11" coveredmethods="10"/>
        <line num="1" count="23" type="stmt"/>
        <line num="2" count="23" type="stmt"/>
        <line num="3" count="23" type="stmt"/>
        <line num="4" count="23" type="stmt"/>
        <line num="5" count="23" type="stmt"/>
        <line num="6" count="23" type="stmt"/>
        <line num="7" count="23" type="stmt"/>
        <line num="8" count="23" type="stmt"/>
        <line num="9" count="23" type="stmt"/>
        <line num="10" count="23" type="stmt"/>
        <line num="19" count="46" type="stmt"/>
        <line num="20" count="46" type="stmt"/>
        <line num="21" count="46" type="stmt"/>
        <line num="30" count="6" type="stmt"/>
        <line num="31" count="6" type="stmt"/>
        <line num="32" count="6" type="stmt"/>
        <line num="44" count="5" type="stmt"/>
        <line num="45" count="5" type="stmt"/>
        <line num="46" count="5" type="stmt"/>
        <line num="58" count="3" type="stmt"/>
        <line num="59" count="3" type="stmt"/>
        <line num="60" count="3" type="stmt"/>
        <line num="72" count="0" type="stmt"/>
        <line num="73" count="0" type="stmt"/>
        <line num="74" count="0" type="stmt"/>
        <line num="83" count="15" type="stmt"/>
        <line num="84" count="15" type="stmt"/>
        <line num="85" count="15" type="stmt"/>
        <line num="94" count="8" type="stmt"/>
        <line num="95" count="8" type="stmt"/>
        <line num="96" count="8" type="stmt"/>
        <line num="105" count="13" type="stmt"/>
        <line num="106" count="13" type="stmt"/>
        <line num="107" count="13" type="stmt"/>
        <line num="116" count="12" type="stmt"/>
        <line num="117" count="12" type="stmt"/>
        <line num="118" count="12" type="stmt"/>
        <line num="127" count="15" type="stmt"/>
        <line num="128" count="15" type="stmt"/>
        <line num="129" count="15" type="stmt"/>
        <line num="138" count="4" type="stmt"/>
        <line num="139" count="4" type="stmt"/>
        <line num="140" count="4" type="stmt"/>
        <line num="144" count="23" type="stmt"/>
      </file>
      <file name="reviewError.ts" path="C:\Users\Utente\Desktop\poli\materie\Ingegneria del software\Progetto\ezelectronics\code\server\src\errors\reviewError.ts">
        <metrics statements="9" coveredstatements="9" conditionals="0" coveredconditionals="0" methods="2" coveredmethods="2"/>
        <line num="1" count="15" type="stmt"/>
        <line num="2" count="15" type="stmt"/>
        <line num="9" count="3" type="stmt"/>
        <line num="10" count="3" type="stmt"/>
        <line num="11" count="3" type="stmt"/>
        <line num="20" count="7" type="stmt"/>
        <line num="21" count="7" type="stmt"/>
        <line num="22" count="7" type="stmt"/>
        <line num="26" count="15" type="stmt"/>
      </file>
      <file name="userError.ts" path="C:\Users\Utente\Desktop\poli\materie\Ingegneria del software\Progetto\ezelectronics\code\server\src\errors\userError.ts">
        <metrics statements="33" coveredstatements="21" conditionals="0" coveredconditionals="0" methods="8" coveredmethods="4"/>
        <line num="1" count="22" type="stmt"/>
        <line num="2" count="22" type="stmt"/>
        <line num="3" count="22" type="stmt"/>
        <line num="4" count="22" type="stmt"/>
        <line num="5" count="22" type="stmt"/>
        <line num="6" count="22" type="stmt"/>
        <line num="7" count="22" type="stmt"/>
        <line num="8" count="22" type="stmt"/>
        <line num="18" count="21" type="stmt"/>
        <line num="19" count="21" type="stmt"/>
        <line num="20" count="21" type="stmt"/>
        <line num="32" count="0" type="stmt"/>
        <line num="33" count="0" type="stmt"/>
        <line num="34" count="0" type="stmt"/>
        <line num="46" count="0" type="stmt"/>
        <line num="47" count="0" type="stmt"/>
        <line num="48" count="0" type="stmt"/>
        <line num="62" count="8" type="stmt"/>
        <line num="63" count="8" type="stmt"/>
        <line num="64" count="8" type="stmt"/>
        <line num="73" count="0" type="stmt"/>
        <line num="74" count="0" type="stmt"/>
        <line num="75" count="0" type="stmt"/>
        <line num="84" count="4" type="stmt"/>
        <line num="85" count="4" type="stmt"/>
        <line num="86" count="4" type="stmt"/>
        <line num="95" count="13" type="stmt"/>
        <line num="96" count="13" type="stmt"/>
        <line num="97" count="13" type="stmt"/>
        <line num="106" count="0" type="stmt"/>
        <line num="107" count="0" type="stmt"/>
        <line num="108" count="0" type="stmt"/>
        <line num="112" count="22" type="stmt"/>
      </file>
    </package>
    <package name="server.src.routers">
      <metrics statements="268" coveredstatements="264" conditionals="71" coveredconditionals="64" methods="128" coveredmethods="127"/>
      <file name="auth.ts" path="C:\Users\Utente\Desktop\poli\materie\Ingegneria del software\Progetto\ezelectronics\code\server\src\routers\auth.ts">
        <metrics statements="44" coveredstatements="42" conditionals="19" coveredconditionals="14" methods="21" coveredmethods="20"/>
        <line num="3" count="12" type="stmt"/>
        <line num="4" count="12" type="stmt"/>
        <line num="5" count="12" type="stmt"/>
        <line num="6" count="12" type="stmt"/>
        <line num="7" count="12" type="stmt"/>
        <line num="21" count="32" type="stmt"/>
        <line num="22" count="32" type="stmt"/>
        <line num="23" count="32" type="stmt"/>
        <line num="31" count="32" type="stmt"/>
        <line num="38" count="32" type="stmt"/>
        <line num="39" count="32" type="stmt"/>
        <line num="41" count="32" type="stmt"/>
        <line num="48" count="32" type="stmt"/>
        <line num="50" count="454" type="stmt"/>
        <line num="51" count="454" type="cond" truecount="2" falsecount="0"/>
        <line num="52" count="450" type="stmt"/>
        <line num="53" count="450" type="stmt"/>
        <line num="56" count="4" type="stmt"/>
        <line num="66" count="32" type="stmt"/>
        <line num="67" count="450" type="stmt"/>
        <line num="76" count="32" type="stmt"/>
        <line num="77" count="576" type="stmt"/>
        <line num="78" count="574" type="stmt"/>
        <line num="80" count="2" type="stmt"/>
        <line num="97" count="454" type="stmt"/>
        <line num="98" count="454" type="stmt"/>
        <line num="99" count="454" type="cond" truecount="0" falsecount="1"/>
        <line num="100" count="454" type="cond" truecount="1" falsecount="0"/>
        <line num="102" count="450" type="stmt"/>
        <line num="103" count="450" type="cond" truecount="0" falsecount="1"/>
        <line num="104" count="450" type="stmt"/>
        <line num="118" count="3" type="stmt"/>
        <line num="119" count="3" type="stmt"/>
        <line num="132" count="584" type="cond" truecount="1" falsecount="0"/>
        <line num="133" count="44" type="stmt"/>
        <line num="145" count="147" type="cond" truecount="3" falsecount="0"/>
        <line num="146" count="22" type="stmt"/>
        <line num="158" count="0" type="cond" truecount="0" falsecount="3"/>
        <line num="159" count="0" type="stmt"/>
        <line num="163" count="28" type="cond" truecount="3" falsecount="0"/>
        <line num="164" count="12" type="stmt"/>
        <line num="168" count="314" type="cond" truecount="4" falsecount="0"/>
        <line num="169" count="22" type="stmt"/>
        <line num="174" count="12" type="stmt"/>
      </file>
      <file name="cartRoutes.ts" path="C:\Users\Utente\Desktop\poli\materie\Ingegneria del software\Progetto\ezelectronics\code\server\src\routers\cartRoutes.ts">
        <metrics statements="46" coveredstatements="46" conditionals="0" coveredconditionals="0" methods="27" coveredmethods="27"/>
        <line num="1" count="12" type="stmt"/>
        <line num="2" count="12" type="stmt"/>
        <line num="3" count="12" type="stmt"/>
        <line num="4" count="12" type="stmt"/>
        <line num="5" count="12" type="stmt"/>
        <line num="9" count="12" type="stmt"/>
        <line num="10" count="12" type="stmt"/>
        <line num="25" count="12" type="stmt"/>
        <line num="26" count="12" type="stmt"/>
        <line num="27" count="12" type="stmt"/>
        <line num="28" count="12" type="stmt"/>
        <line num="29" count="12" type="stmt"/>
        <line num="37" count="12" type="stmt"/>
        <line num="54" count="12" type="stmt"/>
        <line num="58" count="17" type="stmt"/>
        <line num="60" count="16" type="stmt"/>
        <line num="63" count="1" type="stmt"/>
        <line num="74" count="12" type="stmt"/>
        <line num="80" count="46" type="stmt"/>
        <line num="81" count="40" type="stmt"/>
        <line num="83" count="6" type="stmt"/>
        <line num="93" count="12" type="stmt"/>
        <line num="97" count="18" type="stmt"/>
        <line num="98" count="7" type="stmt"/>
        <line num="100" count="11" type="stmt"/>
        <line num="109" count="12" type="stmt"/>
        <line num="113" count="7" type="stmt"/>
        <line num="114" count="6" type="stmt"/>
        <line num="115" count="1" type="stmt"/>
        <line num="124" count="12" type="stmt"/>
        <line num="130" count="18" type="stmt"/>
        <line num="131" count="7" type="stmt"/>
        <line num="133" count="11" type="stmt"/>
        <line num="143" count="12" type="stmt"/>
        <line num="147" count="6" type="stmt"/>
        <line num="148" count="3" type="stmt"/>
        <line num="149" count="3" type="stmt"/>
        <line num="157" count="12" type="stmt"/>
        <line num="161" count="6" type="stmt"/>
        <line num="162" count="4" type="stmt"/>
        <line num="163" count="2" type="stmt"/>
        <line num="171" count="12" type="stmt"/>
        <line num="175" count="11" type="stmt"/>
        <line num="176" count="9" type="stmt"/>
        <line num="177" count="2" type="stmt"/>
        <line num="182" count="12" type="stmt"/>
      </file>
      <file name="productRoutes.ts" path="C:\Users\Utente\Desktop\poli\materie\Ingegneria del software\Progetto\ezelectronics\code\server\src\routers\productRoutes.ts">
        <metrics statements="86" coveredstatements="85" conditionals="48" coveredconditionals="47" methods="27" coveredmethods="27"/>
        <line num="1" count="12" type="stmt"/>
        <line num="2" count="12" type="stmt"/>
        <line num="3" count="12" type="stmt"/>
        <line num="4" count="12" type="stmt"/>
        <line num="5" count="12" type="stmt"/>
        <line num="10" count="12" type="stmt"/>
        <line num="11" count="12" type="stmt"/>
        <line num="27" count="12" type="stmt"/>
        <line num="28" count="12" type="stmt"/>
        <line num="29" count="12" type="stmt"/>
        <line num="30" count="12" type="stmt"/>
        <line num="31" count="12" type="stmt"/>
        <line num="39" count="12" type="stmt"/>
        <line num="64" count="12" type="stmt"/>
        <line num="70" count="121" type="stmt"/>
        <line num="71" count="121" type="stmt"/>
        <line num="72" count="118" type="stmt"/>
        <line num="73" count="3" type="stmt"/>
        <line num="79" count="149" type="stmt"/>
        <line num="80" count="149" type="stmt"/>
        <line num="81" count="149" type="stmt"/>
        <line num="83" count="149" type="cond" truecount="4" falsecount="0"/>
        <line num="84" count="4" type="stmt"/>
        <line num="86" count="145" type="cond" truecount="4" falsecount="0"/>
        <line num="87" count="4" type="stmt"/>
        <line num="89" count="141" type="cond" truecount="3" falsecount="0"/>
        <line num="90" count="6" type="stmt"/>
        <line num="92" count="135" type="cond" truecount="3" falsecount="0"/>
        <line num="93" count="6" type="stmt"/>
        <line num="95" count="129" type="cond" truecount="1" falsecount="0"/>
        <line num="96" count="126" type="cond" truecount="3" falsecount="0"/>
        <line num="97" count="4" type="stmt"/>
        <line num="99" count="122" type="cond" truecount="1" falsecount="0"/>
        <line num="100" count="3" type="stmt"/>
        <line num="103" count="122" type="cond" truecount="3" falsecount="0"/>
        <line num="104" count="1" type="stmt"/>
        <line num="106" count="121" type="stmt"/>
        <line num="120" count="12" type="stmt"/>
        <line num="126" count="4" type="stmt"/>
        <line num="127" count="4" type="stmt"/>
        <line num="128" count="4" type="stmt"/>
        <line num="129" count="3" type="stmt"/>
        <line num="130" count="1" type="stmt"/>
        <line num="137" count="27" type="stmt"/>
        <line num="138" count="27" type="stmt"/>
        <line num="140" count="27" type="cond" truecount="3" falsecount="0"/>
        <line num="141" count="7" type="stmt"/>
        <line num="144" count="20" type="cond" truecount="1" falsecount="0"/>
        <line num="145" count="16" type="cond" truecount="1" falsecount="0"/>
        <line num="146" count="4" type="stmt"/>
        <line num="149" count="12" type="stmt"/>
        <line num="150" count="12" type="cond" truecount="7" falsecount="0"/>
        <line num="151" count="4" type="stmt"/>
        <line num="155" count="8" type="cond" truecount="0" falsecount="1"/>
        <line num="156" count="0" type="stmt"/>
        <line num="160" count="4" type="stmt"/>
        <line num="173" count="12" type="stmt"/>
        <line num="179" count="26" type="stmt"/>
        <line num="180" count="26" type="stmt"/>
        <line num="181" count="26" type="stmt"/>
        <line num="182" count="12" type="stmt"/>
        <line num="183" count="14" type="stmt"/>
        <line num="190" count="38" type="stmt"/>
        <line num="191" count="38" type="stmt"/>
        <line num="193" count="38" type="cond" truecount="3" falsecount="0"/>
        <line num="194" count="7" type="stmt"/>
        <line num="197" count="31" type="cond" truecount="4" falsecount="0"/>
        <line num="198" count="5" type="stmt"/>
        <line num="201" count="26" type="stmt"/>
        <line num="214" count="12" type="stmt"/>
        <line num="225" count="78" type="stmt"/>
        <line num="230" count="53" type="stmt"/>
        <line num="232" count="25" type="stmt"/>
        <line num="245" count="12" type="stmt"/>
        <line num="254" count="31" type="stmt"/>
        <line num="255" count="9" type="stmt"/>
        <line num="256" count="22" type="stmt"/>
        <line num="264" count="12" type="stmt"/>
        <line num="269" count="6" type="stmt"/>
        <line num="270" count="5" type="stmt"/>
        <line num="271" count="1" type="stmt"/>
        <line num="281" count="12" type="stmt"/>
        <line num="285" count="9" type="stmt"/>
        <line num="286" count="5" type="stmt"/>
        <line num="287" count="4" type="stmt"/>
        <line num="294" count="12" type="stmt"/>
      </file>
      <file name="reviewRoutes.ts" path="C:\Users\Utente\Desktop\poli\materie\Ingegneria del software\Progetto\ezelectronics\code\server\src\routers\reviewRoutes.ts">
        <metrics statements="38" coveredstatements="37" conditionals="4" coveredconditionals="3" methods="19" coveredmethods="19"/>
        <line num="1" count="12" type="stmt"/>
        <line num="2" count="12" type="stmt"/>
        <line num="3" count="12" type="stmt"/>
        <line num="4" count="12" type="stmt"/>
        <line num="5" count="12" type="stmt"/>
        <line num="8" count="12" type="stmt"/>
        <line num="9" count="12" type="stmt"/>
        <line num="18" count="12" type="stmt"/>
        <line num="19" count="12" type="stmt"/>
        <line num="20" count="12" type="stmt"/>
        <line num="21" count="12" type="stmt"/>
        <line num="22" count="12" type="stmt"/>
        <line num="26" count="12" type="stmt"/>
        <line num="40" count="12" type="stmt"/>
        <line num="48" count="19" type="stmt"/>
        <line num="49" count="15" type="stmt"/>
        <line num="52" count="4" type="stmt"/>
        <line num="62" count="12" type="stmt"/>
        <line num="67" count="23" type="stmt"/>
        <line num="68" count="20" type="stmt"/>
        <line num="69" count="3" type="stmt"/>
        <line num="78" count="12" type="stmt"/>
        <line num="84" count="10" type="stmt"/>
        <line num="85" count="3" type="stmt"/>
        <line num="88" count="7" type="stmt"/>
        <line num="98" count="12" type="stmt"/>
        <line num="104" count="8" type="stmt"/>
        <line num="105" count="4" type="stmt"/>
        <line num="106" count="4" type="stmt"/>
        <line num="112" count="8" type="stmt"/>
        <line num="114" count="8" type="cond" truecount="3" falsecount="1"/>
        <line num="115" count="0" type="stmt"/>
        <line num="117" count="8" type="stmt"/>
        <line num="126" count="12" type="stmt"/>
        <line num="131" count="6" type="stmt"/>
        <line num="132" count="5" type="stmt"/>
        <line num="133" count="1" type="stmt"/>
        <line num="139" count="12" type="stmt"/>
      </file>
      <file name="userRoutes.ts" path="C:\Users\Utente\Desktop\poli\materie\Ingegneria del software\Progetto\ezelectronics\code\server\src\routers\userRoutes.ts">
        <metrics statements="54" coveredstatements="54" conditionals="0" coveredconditionals="0" methods="34" coveredmethods="34"/>
        <line num="1" count="12" type="stmt"/>
        <line num="3" count="12" type="stmt"/>
        <line num="5" count="12" type="stmt"/>
        <line num="6" count="12" type="stmt"/>
        <line num="22" count="12" type="stmt"/>
        <line num="23" count="12" type="stmt"/>
        <line num="24" count="12" type="stmt"/>
        <line num="25" count="12" type="stmt"/>
        <line num="26" count="12" type="stmt"/>
        <line num="34" count="12" type="stmt"/>
        <line num="57" count="12" type="stmt"/>
        <line num="66" count="40" type="stmt"/>
        <line num="74" count="36" type="stmt"/>
        <line num="76" count="4" type="stmt"/>
        <line num="85" count="12" type="stmt"/>
        <line num="88" count="12" type="stmt"/>
        <line num="89" count="11" type="stmt"/>
        <line num="90" count="1" type="stmt"/>
        <line num="99" count="12" type="stmt"/>
        <line num="104" count="6" type="stmt"/>
        <line num="105" count="5" type="stmt"/>
        <line num="106" count="1" type="stmt"/>
        <line num="115" count="12" type="stmt"/>
        <line num="120" count="20" type="stmt"/>
        <line num="121" count="12" type="stmt"/>
        <line num="122" count="8" type="stmt"/>
        <line num="131" count="12" type="stmt"/>
        <line num="136" count="15" type="stmt"/>
        <line num="137" count="7" type="stmt"/>
        <line num="138" count="8" type="stmt"/>
        <line num="146" count="12" type="stmt"/>
        <line num="149" count="4" type="stmt"/>
        <line num="150" count="3" type="stmt"/>
        <line num="151" count="1" type="stmt"/>
        <line num="165" count="12" type="stmt"/>
        <line num="178" count="13" type="stmt"/>
        <line num="179" count="4" type="stmt"/>
        <line num="181" count="9" type="stmt"/>
        <line num="201" count="12" type="stmt"/>
        <line num="202" count="12" type="stmt"/>
        <line num="203" count="12" type="stmt"/>
        <line num="204" count="12" type="stmt"/>
        <line num="208" count="12" type="stmt"/>
        <line num="229" count="12" type="stmt"/>
        <line num="234" count="456" type="stmt"/>
        <line num="235" count="451" type="stmt"/>
        <line num="236" count="5" type="stmt"/>
        <line num="244" count="12" type="stmt"/>
        <line num="247" count="7" type="stmt"/>
        <line num="248" count="5" type="stmt"/>
        <line num="249" count="2" type="stmt"/>
        <line num="257" count="12" type="stmt"/>
        <line num="260" count="3" type="stmt"/>
        <line num="265" count="12" type="stmt"/>
      </file>
    </package>
  </project>
</coverage>
