{"C:\\Users\\Utente\\Desktop\\poli\\materie\\Ingegneria del software\\Progetto\\ezelectronics\\code\\server\\index.ts": {"path":"C:\\Users\\Utente\\Desktop\\poli\\materie\\Ingegneria del software\\Progetto\\ezelectronics\\code\\server\\index.ts","statementMap":{"0":{"start":{"line":1,"column":13},"end":{"line":1,"column":28}},"1":{"start":{"line":2,"column":0},"end":{"line":2,"column":30}},"2":{"start":{"line":3,"column":0},"end":{"line":3,"column":37}},"3":{"start":{"line":4,"column":0},"end":{"line":4,"column":28}},"4":{"start":{"line":5,"column":0},"end":{"line":5,"column":40}},"5":{"start":{"line":7,"column":0},"end":{"line":7,"column":16}},"6":{"start":{"line":8,"column":33},"end":{"line":8,"column":42}},"7":{"start":{"line":25,"column":9},"end":{"line":25,"column":12}},"8":{"start":{"line":10,"column":21},"end":{"line":10,"column":25}},"9":{"start":{"line":12,"column":20},"end":{"line":15,"column":2}},"10":{"start":{"line":16,"column":0},"end":{"line":16,"column":null}},"11":{"start":{"line":17,"column":0},"end":{"line":17,"column":27}},"12":{"start":{"line":18,"column":0},"end":{"line":18,"column":null}},"13":{"start":{"line":19,"column":0},"end":{"line":23,"column":null}},"14":{"start":{"line":20,"column":4},"end":{"line":22,"column":7}},"15":{"start":{"line":21,"column":8},"end":{"line":21,"column":68}}},"fnMap":{"0":{"name":"(anonymous_1)","decl":{"start":{"line":20,"column":21},"end":{"line":20,"column":24}},"loc":{"start":{"line":20,"column":26},"end":{"line":22,"column":5}}}},"branchMap":{"0":{"loc":{"start":{"line":19,"column":0},"end":{"line":23,"column":null}},"type":"if","locations":[{"start":{"line":19,"column":0},"end":{"line":23,"column":null}}]}},"s":{"0":12,"1":12,"2":12,"3":12,"4":12,"5":12,"6":12,"7":12,"8":12,"9":12,"10":12,"11":12,"12":12,"13":12,"14":0,"15":0},"f":{"0":0},"b":{"0":[0]}}
,"C:\\Users\\Utente\\Desktop\\poli\\materie\\Ingegneria del software\\Progetto\\ezelectronics\\code\\server\\src\\helper.ts": {"path":"C:\\Users\\Utente\\Desktop\\poli\\materie\\Ingegneria del software\\Progetto\\ezelectronics\\code\\server\\src\\helper.ts","statementMap":{"0":{"start":{"line":1,"column":29},"end":{"line":1,"column":57}},"1":{"start":{"line":17,"column":23},"end":{"line":17,"column":44}},"2":{"start":{"line":18,"column":8},"end":{"line":24,"column":null}},"3":{"start":{"line":19,"column":24},"end":{"line":19,"column":71}},"4":{"start":{"line":20,"column":12},"end":{"line":22,"column":null}},"5":{"start":{"line":21,"column":16},"end":{"line":21,"column":null}},"6":{"start":{"line":23,"column":12},"end":{"line":23,"column":null}},"7":{"start":{"line":25,"column":8},"end":{"line":25,"column":null}},"8":{"start":{"line":33,"column":8},"end":{"line":38,"column":null}},"9":{"start":{"line":34,"column":12},"end":{"line":37,"column":15}},"10":{"start":{"line":42,"column":0},"end":{"line":42,"column":null}}},"fnMap":{"0":{"name":"(anonymous_0)","decl":{"start":{"line":16,"column":4},"end":{"line":16,"column":19}},"loc":{"start":{"line":16,"column":49},"end":{"line":26,"column":5}}},"1":{"name":"(anonymous_1)","decl":{"start":{"line":20,"column":35},"end":{"line":20,"column":36}},"loc":{"start":{"line":20,"column":46},"end":{"line":22,"column":13}}},"2":{"name":"(anonymous_2)","decl":{"start":{"line":32,"column":4},"end":{"line":32,"column":10}},"loc":{"start":{"line":32,"column":59},"end":{"line":39,"column":5}}},"3":{"name":"(anonymous_3)","decl":{"start":{"line":33,"column":19},"end":{"line":33,"column":20}},"loc":{"start":{"line":33,"column":63},"end":{"line":38,"column":9}}}},"branchMap":{"0":{"loc":{"start":{"line":18,"column":8},"end":{"line":24,"column":null}},"type":"if","locations":[{"start":{"line":18,"column":8},"end":{"line":24,"column":null}}]},"1":{"loc":{"start":{"line":34,"column":30},"end":{"line":34,"column":51}},"type":"binary-expr","locations":[{"start":{"line":34,"column":30},"end":{"line":34,"column":44}},{"start":{"line":34,"column":48},"end":{"line":34,"column":51}}]},"2":{"loc":{"start":{"line":35,"column":23},"end":{"line":35,"column":67}},"type":"binary-expr","locations":[{"start":{"line":35,"column":23},"end":{"line":35,"column":40}},{"start":{"line":35,"column":44},"end":{"line":35,"column":67}}]},"3":{"loc":{"start":{"line":36,"column":24},"end":{"line":36,"column":45}},"type":"binary-expr","locations":[{"start":{"line":36,"column":24},"end":{"line":36,"column":38}},{"start":{"line":36,"column":42},"end":{"line":36,"column":45}}]}},"s":{"0":12,"1":837,"2":837,"3":42,"4":42,"5":53,"6":42,"7":795,"8":24,"9":168,"10":12},"f":{"0":837,"1":53,"2":24,"3":168},"b":{"0":[42],"1":[168,25],"2":[168,25],"3":[168,25]}}
,"C:\\Users\\Utente\\Desktop\\poli\\materie\\Ingegneria del software\\Progetto\\ezelectronics\\code\\server\\src\\routes.ts": {"path":"C:\\Users\\Utente\\Desktop\\poli\\materie\\Ingegneria del software\\Progetto\\ezelectronics\\code\\server\\src\\routes.ts","statementMap":{"0":{"start":{"line":1,"column":0},"end":{"line":1,"column":29}},"1":{"start":{"line":2,"column":0},"end":{"line":2,"column":35}},"2":{"start":{"line":3,"column":0},"end":{"line":3,"column":42}},"3":{"start":{"line":4,"column":0},"end":{"line":4,"column":61}},"4":{"start":{"line":5,"column":0},"end":{"line":5,"column":51}},"5":{"start":{"line":6,"column":0},"end":{"line":6,"column":45}},"6":{"start":{"line":7,"column":0},"end":{"line":7,"column":49}},"7":{"start":{"line":11,"column":15},"end":{"line":11,"column":32}},"8":{"start":{"line":12,"column":15},"end":{"line":12,"column":31}},"9":{"start":{"line":24,"column":4},"end":{"line":24,"column":27}},"10":{"start":{"line":25,"column":4},"end":{"line":25,"column":null}},"11":{"start":{"line":26,"column":4},"end":{"line":26,"column":null}},"12":{"start":{"line":34,"column":26},"end":{"line":34,"column":48}},"13":{"start":{"line":35,"column":23},"end":{"line":35,"column":52}},"14":{"start":{"line":36,"column":23},"end":{"line":36,"column":52}},"15":{"start":{"line":37,"column":26},"end":{"line":37,"column":58}},"16":{"start":{"line":38,"column":23},"end":{"line":38,"column":52}},"17":{"start":{"line":39,"column":25},"end":{"line":39,"column":56}},"18":{"start":{"line":54,"column":4},"end":{"line":54,"column":null}},"19":{"start":{"line":55,"column":4},"end":{"line":55,"column":null}},"20":{"start":{"line":56,"column":4},"end":{"line":56,"column":null}},"21":{"start":{"line":57,"column":4},"end":{"line":57,"column":null}},"22":{"start":{"line":58,"column":4},"end":{"line":58,"column":null}},"23":{"start":{"line":60,"column":4},"end":{"line":60,"column":null}},"24":{"start":{"line":63,"column":0},"end":{"line":63,"column":null}}},"fnMap":{"0":{"name":"initRoutes","decl":{"start":{"line":23,"column":9},"end":{"line":23,"column":19}},"loc":{"start":{"line":23,"column":44},"end":{"line":61,"column":1}}}},"branchMap":{},"s":{"0":12,"1":12,"2":12,"3":12,"4":12,"5":12,"6":12,"7":12,"8":12,"9":12,"10":12,"11":12,"12":12,"13":12,"14":12,"15":12,"16":12,"17":12,"18":12,"19":12,"20":12,"21":12,"22":12,"23":12,"24":12},"f":{"0":12},"b":{}}
,"C:\\Users\\Utente\\Desktop\\poli\\materie\\Ingegneria del software\\Progetto\\ezelectronics\\code\\server\\src\\utilities.ts": {"path":"C:\\Users\\Utente\\Desktop\\poli\\materie\\Ingegneria del software\\Progetto\\ezelectronics\\code\\server\\src\\utilities.ts","statementMap":{"0":{"start":{"line":1,"column":0},"end":{"line":1,"column":46}},"1":{"start":{"line":2,"column":19},"end":{"line":2,"column":71}},"2":{"start":{"line":14,"column":8},"end":{"line":14,"column":null}},"3":{"start":{"line":22,"column":8},"end":{"line":22,"column":null}},"4":{"start":{"line":26,"column":8},"end":{"line":26,"column":null}},"5":{"start":{"line":31,"column":21},"end":{"line":31,"column":36}},"6":{"start":{"line":32,"column":20},"end":{"line":32,"column":30}},"7":{"start":{"line":33,"column":8},"end":{"line":35,"column":null}},"8":{"start":{"line":34,"column":12},"end":{"line":34,"column":25}},"9":{"start":{"line":36,"column":8},"end":{"line":36,"column":20}},"10":{"start":{"line":52,"column":9},"end":{"line":52,"column":16}},"11":{"start":{"line":46,"column":8},"end":{"line":46,"column":null}},"12":{"start":{"line":47,"column":8},"end":{"line":47,"column":null}},"13":{"start":{"line":48,"column":8},"end":{"line":48,"column":null}},"14":{"start":{"line":52,"column":18},"end":{"line":52,"column":27}}},"fnMap":{"0":{"name":"(anonymous_0)","decl":{"start":{"line":13,"column":4},"end":{"line":13,"column":10}},"loc":{"start":{"line":13,"column":31},"end":{"line":15,"column":5}}},"1":{"name":"(anonymous_1)","decl":{"start":{"line":21,"column":4},"end":{"line":21,"column":10}},"loc":{"start":{"line":21,"column":32},"end":{"line":23,"column":5}}},"2":{"name":"(anonymous_2)","decl":{"start":{"line":25,"column":4},"end":{"line":25,"column":10}},"loc":{"start":{"line":25,"column":29},"end":{"line":27,"column":5}}},"3":{"name":"(anonymous_3)","decl":{"start":{"line":29,"column":4},"end":{"line":29,"column":10}},"loc":{"start":{"line":29,"column":43},"end":{"line":37,"column":5}}},"4":{"name":"(anonymous_4)","decl":{"start":{"line":45,"column":4},"end":{"line":45,"column":null}},"loc":{"start":{"line":45,"column":4},"end":{"line":49,"column":5}}}},"branchMap":{"0":{"loc":{"start":{"line":33,"column":8},"end":{"line":35,"column":null}},"type":"if","locations":[{"start":{"line":33,"column":8},"end":{"line":35,"column":null}}]}},"s":{"0":19,"1":19,"2":286,"3":147,"4":382,"5":8,"6":8,"7":8,"8":2,"9":6,"10":19,"11":3,"12":3,"13":3,"14":19},"f":{"0":286,"1":147,"2":382,"3":8,"4":3},"b":{"0":[2]}}
,"C:\\Users\\Utente\\Desktop\\poli\\materie\\Ingegneria del software\\Progetto\\ezelectronics\\code\\server\\src\\components\\cart.ts": {"path":"C:\\Users\\Utente\\Desktop\\poli\\materie\\Ingegneria del software\\Progetto\\ezelectronics\\code\\server\\src\\components\\cart.ts","statementMap":{"0":{"start":{"line":22,"column":8},"end":{"line":22,"column":null}},"1":{"start":{"line":23,"column":8},"end":{"line":23,"column":null}},"2":{"start":{"line":24,"column":8},"end":{"line":24,"column":null}},"3":{"start":{"line":25,"column":8},"end":{"line":25,"column":null}},"4":{"start":{"line":26,"column":8},"end":{"line":26,"column":null}},"5":{"start":{"line":54,"column":9},"end":{"line":54,"column":13}},"6":{"start":{"line":47,"column":8},"end":{"line":47,"column":null}},"7":{"start":{"line":48,"column":8},"end":{"line":48,"column":null}},"8":{"start":{"line":49,"column":8},"end":{"line":49,"column":null}},"9":{"start":{"line":50,"column":8},"end":{"line":50,"column":null}},"10":{"start":{"line":54,"column":15},"end":{"line":54,"column":28}}},"fnMap":{"0":{"name":"(anonymous_0)","decl":{"start":{"line":21,"column":4},"end":{"line":21,"column":16}},"loc":{"start":{"line":21,"column":117},"end":{"line":27,"column":5}}},"1":{"name":"(anonymous_1)","decl":{"start":{"line":46,"column":4},"end":{"line":46,"column":16}},"loc":{"start":{"line":46,"column":82},"end":{"line":51,"column":5}}}},"branchMap":{},"s":{"0":198,"1":198,"2":198,"3":198,"4":198,"5":16,"6":139,"7":139,"8":139,"9":139,"10":16},"f":{"0":198,"1":139},"b":{}}
,"C:\\Users\\Utente\\Desktop\\poli\\materie\\Ingegneria del software\\Progetto\\ezelectronics\\code\\server\\src\\components\\product.ts": {"path":"C:\\Users\\Utente\\Desktop\\poli\\materie\\Ingegneria del software\\Progetto\\ezelectronics\\code\\server\\src\\components\\product.ts","statementMap":{"0":{"start":{"line":23,"column":8},"end":{"line":23,"column":41}},"1":{"start":{"line":24,"column":8},"end":{"line":24,"column":27}},"2":{"start":{"line":25,"column":8},"end":{"line":25,"column":33}},"3":{"start":{"line":26,"column":8},"end":{"line":26,"column":39}},"4":{"start":{"line":27,"column":8},"end":{"line":27,"column":31}},"5":{"start":{"line":28,"column":8},"end":{"line":28,"column":33}},"6":{"start":{"line":41,"column":9},"end":{"line":41,"column":16}},"7":{"start":{"line":35,"column":0},"end":{"line":35,"column":null}},"8":{"start":{"line":36,"column":4},"end":{"line":36,"column":null}},"9":{"start":{"line":37,"column":4},"end":{"line":37,"column":null}},"10":{"start":{"line":38,"column":4},"end":{"line":38,"column":null}},"11":{"start":{"line":41,"column":18},"end":{"line":41,"column":26}}},"fnMap":{"0":{"name":"(anonymous_0)","decl":{"start":{"line":22,"column":4},"end":{"line":22,"column":16}},"loc":{"start":{"line":22,"column":141},"end":{"line":29,"column":5}}},"1":{"name":"(anonymous_1)","decl":{"start":{"line":35,"column":0},"end":{"line":35,"column":5}},"loc":{"start":{"line":35,"column":13},"end":{"line":39,"column":1}}}},"branchMap":{"0":{"loc":{"start":{"line":35,"column":5},"end":{"line":35,"column":null}},"type":"binary-expr","locations":[{"start":{"line":35,"column":5},"end":{"line":35,"column":13}},{"start":{"line":35,"column":5},"end":{"line":35,"column":null}}]}},"s":{"0":356,"1":356,"2":356,"3":356,"4":356,"5":356,"6":25,"7":25,"8":25,"9":25,"10":25,"11":25},"f":{"0":356,"1":25},"b":{"0":[25,25]}}
,"C:\\Users\\Utente\\Desktop\\poli\\materie\\Ingegneria del software\\Progetto\\ezelectronics\\code\\server\\src\\components\\review.ts": {"path":"C:\\Users\\Utente\\Desktop\\poli\\materie\\Ingegneria del software\\Progetto\\ezelectronics\\code\\server\\src\\components\\review.ts","statementMap":{"0":{"start":{"line":20,"column":8},"end":{"line":20,"column":null}},"1":{"start":{"line":21,"column":8},"end":{"line":21,"column":null}},"2":{"start":{"line":22,"column":8},"end":{"line":22,"column":null}},"3":{"start":{"line":23,"column":8},"end":{"line":23,"column":null}},"4":{"start":{"line":24,"column":8},"end":{"line":24,"column":null}},"5":{"start":{"line":28,"column":9},"end":{"line":28,"column":22}}},"fnMap":{"0":{"name":"(anonymous_0)","decl":{"start":{"line":19,"column":4},"end":{"line":19,"column":16}},"loc":{"start":{"line":19,"column":89},"end":{"line":25,"column":5}}}},"branchMap":{},"s":{"0":54,"1":54,"2":54,"3":54,"4":54,"5":17},"f":{"0":54},"b":{}}
,"C:\\Users\\Utente\\Desktop\\poli\\materie\\Ingegneria del software\\Progetto\\ezelectronics\\code\\server\\src\\components\\user.ts": {"path":"C:\\Users\\Utente\\Desktop\\poli\\materie\\Ingegneria del software\\Progetto\\ezelectronics\\code\\server\\src\\components\\user.ts","statementMap":{"0":{"start":{"line":22,"column":8},"end":{"line":22,"column":null}},"1":{"start":{"line":23,"column":8},"end":{"line":23,"column":null}},"2":{"start":{"line":24,"column":8},"end":{"line":24,"column":null}},"3":{"start":{"line":25,"column":8},"end":{"line":25,"column":null}},"4":{"start":{"line":26,"column":8},"end":{"line":26,"column":null}},"5":{"start":{"line":27,"column":8},"end":{"line":27,"column":null}},"6":{"start":{"line":41,"column":9},"end":{"line":41,"column":13}},"7":{"start":{"line":35,"column":0},"end":{"line":35,"column":null}},"8":{"start":{"line":36,"column":4},"end":{"line":36,"column":null}},"9":{"start":{"line":37,"column":4},"end":{"line":37,"column":null}},"10":{"start":{"line":38,"column":4},"end":{"line":38,"column":null}},"11":{"start":{"line":41,"column":15},"end":{"line":41,"column":19}}},"fnMap":{"0":{"name":"(anonymous_0)","decl":{"start":{"line":21,"column":4},"end":{"line":21,"column":16}},"loc":{"start":{"line":21,"column":111},"end":{"line":28,"column":5}}},"1":{"name":"(anonymous_1)","decl":{"start":{"line":35,"column":0},"end":{"line":35,"column":5}},"loc":{"start":{"line":35,"column":9},"end":{"line":39,"column":1}}}},"branchMap":{"0":{"loc":{"start":{"line":35,"column":5},"end":{"line":35,"column":null}},"type":"binary-expr","locations":[{"start":{"line":35,"column":5},"end":{"line":35,"column":9}},{"start":{"line":35,"column":5},"end":{"line":35,"column":null}}]}},"s":{"0":1157,"1":1157,"2":1157,"3":1157,"4":1157,"5":1157,"6":27,"7":27,"8":27,"9":27,"10":27,"11":27},"f":{"0":1157,"1":27},"b":{"0":[27,27]}}
,"C:\\Users\\Utente\\Desktop\\poli\\materie\\Ingegneria del software\\Progetto\\ezelectronics\\code\\server\\src\\controllers\\cartController.ts": {"path":"C:\\Users\\Utente\\Desktop\\poli\\materie\\Ingegneria del software\\Progetto\\ezelectronics\\code\\server\\src\\controllers\\cartController.ts","statementMap":{"0":{"start":{"line":2,"column":0},"end":{"line":2,"column":37}},"1":{"start":{"line":3,"column":0},"end":{"line":3,"column":42}},"2":{"start":{"line":4,"column":0},"end":{"line":4,"column":52}},"3":{"start":{"line":5,"column":0},"end":{"line":5,"column":95}},"4":{"start":{"line":6,"column":0},"end":{"line":6,"column":86}},"5":{"start":{"line":7,"column":0},"end":{"line":7,"column":26}},"6":{"start":{"line":8,"column":0},"end":{"line":8,"column":43}},"7":{"start":{"line":20,"column":8},"end":{"line":20,"column":null}},"8":{"start":{"line":21,"column":8},"end":{"line":21,"column":null}},"9":{"start":{"line":22,"column":8},"end":{"line":22,"column":null}},"10":{"start":{"line":34,"column":8},"end":{"line":58,"column":null}},"11":{"start":{"line":36,"column":28},"end":{"line":36,"column":95}},"12":{"start":{"line":37,"column":12},"end":{"line":39,"column":null}},"13":{"start":{"line":38,"column":16},"end":{"line":38,"column":null}},"14":{"start":{"line":41,"column":28},"end":{"line":41,"column":81}},"15":{"start":{"line":43,"column":12},"end":{"line":45,"column":null}},"16":{"start":{"line":44,"column":16},"end":{"line":44,"column":69}},"17":{"start":{"line":47,"column":32},"end":{"line":47,"column":96}},"18":{"start":{"line":47,"column":72},"end":{"line":47,"column":95}},"19":{"start":{"line":48,"column":12},"end":{"line":52,"column":null}},"20":{"start":{"line":49,"column":16},"end":{"line":49,"column":77}},"21":{"start":{"line":51,"column":16},"end":{"line":51,"column":null}},"22":{"start":{"line":53,"column":12},"end":{"line":53,"column":null}},"23":{"start":{"line":55,"column":12},"end":{"line":55,"column":24}},"24":{"start":{"line":57,"column":12},"end":{"line":57,"column":22}},"25":{"start":{"line":67,"column":8},"end":{"line":77,"column":null}},"26":{"start":{"line":68,"column":30},"end":{"line":68,"column":83}},"27":{"start":{"line":69,"column":12},"end":{"line":73,"column":null}},"28":{"start":{"line":70,"column":16},"end":{"line":70,"column":null}},"29":{"start":{"line":72,"column":16},"end":{"line":72,"column":36}},"30":{"start":{"line":76,"column":12},"end":{"line":76,"column":20}},"31":{"start":{"line":88,"column":8},"end":{"line":120,"column":null}},"32":{"start":{"line":90,"column":30},"end":{"line":90,"column":83}},"33":{"start":{"line":91,"column":12},"end":{"line":93,"column":null}},"34":{"start":{"line":92,"column":16},"end":{"line":92,"column":46}},"35":{"start":{"line":94,"column":35},"end":{"line":94,"column":44}},"36":{"start":{"line":96,"column":12},"end":{"line":98,"column":null}},"37":{"start":{"line":97,"column":16},"end":{"line":97,"column":43}},"38":{"start":{"line":100,"column":12},"end":{"line":111,"column":null}},"39":{"start":{"line":102,"column":32},"end":{"line":102,"column":118}},"40":{"start":{"line":103,"column":16},"end":{"line":110,"column":null}},"41":{"start":{"line":104,"column":20},"end":{"line":104,"column":55}},"42":{"start":{"line":105,"column":23},"end":{"line":110,"column":null}},"43":{"start":{"line":106,"column":20},"end":{"line":106,"column":53}},"44":{"start":{"line":109,"column":20},"end":{"line":109,"column":103}},"45":{"start":{"line":113,"column":32},"end":{"line":113,"column":60}},"46":{"start":{"line":114,"column":12},"end":{"line":114,"column":63}},"47":{"start":{"line":115,"column":12},"end":{"line":115,"column":24}},"48":{"start":{"line":119,"column":12},"end":{"line":119,"column":null}},"49":{"start":{"line":132,"column":8},"end":{"line":137,"column":null}},"50":{"start":{"line":133,"column":26},"end":{"line":133,"column":77}},"51":{"start":{"line":134,"column":12},"end":{"line":134,"column":null}},"52":{"start":{"line":136,"column":12},"end":{"line":136,"column":22}},"53":{"start":{"line":149,"column":8},"end":{"line":177,"column":null}},"54":{"start":{"line":151,"column":28},"end":{"line":151,"column":95}},"55":{"start":{"line":154,"column":30},"end":{"line":154,"column":83}},"56":{"start":{"line":155,"column":12},"end":{"line":157,"column":null}},"57":{"start":{"line":156,"column":16},"end":{"line":156,"column":46}},"58":{"start":{"line":158,"column":35},"end":{"line":158,"column":44}},"59":{"start":{"line":160,"column":32},"end":{"line":160,"column":88}},"60":{"start":{"line":160,"column":64},"end":{"line":160,"column":87}},"61":{"start":{"line":161,"column":12},"end":{"line":163,"column":null}},"62":{"start":{"line":162,"column":16},"end":{"line":162,"column":50}},"63":{"start":{"line":164,"column":12},"end":{"line":170,"column":null}},"64":{"start":{"line":166,"column":16},"end":{"line":166,"column":71}},"65":{"start":{"line":169,"column":16},"end":{"line":169,"column":68}},"66":{"start":{"line":172,"column":12},"end":{"line":172,"column":72}},"67":{"start":{"line":173,"column":12},"end":{"line":173,"column":24}},"68":{"start":{"line":176,"column":12},"end":{"line":176,"column":22}},"69":{"start":{"line":188,"column":8},"end":{"line":203,"column":null}},"70":{"start":{"line":190,"column":30},"end":{"line":190,"column":83}},"71":{"start":{"line":191,"column":12},"end":{"line":193,"column":null}},"72":{"start":{"line":192,"column":16},"end":{"line":192,"column":46}},"73":{"start":{"line":194,"column":35},"end":{"line":194,"column":44}},"74":{"start":{"line":196,"column":12},"end":{"line":196,"column":57}},"75":{"start":{"line":198,"column":12},"end":{"line":198,"column":50}},"76":{"start":{"line":200,"column":12},"end":{"line":200,"column":24}},"77":{"start":{"line":202,"column":12},"end":{"line":202,"column":22}},"78":{"start":{"line":212,"column":8},"end":{"line":218,"column":null}},"79":{"start":{"line":213,"column":12},"end":{"line":213,"column":44}},"80":{"start":{"line":214,"column":12},"end":{"line":214,"column":24}},"81":{"start":{"line":217,"column":12},"end":{"line":217,"column":24}},"82":{"start":{"line":226,"column":8},"end":{"line":231,"column":null}},"83":{"start":{"line":227,"column":26},"end":{"line":227,"column":54}},"84":{"start":{"line":228,"column":12},"end":{"line":228,"column":25}},"85":{"start":{"line":230,"column":12},"end":{"line":230,"column":24}},"86":{"start":{"line":235,"column":0},"end":{"line":235,"column":null}}},"fnMap":{"0":{"name":"(anonymous_8)","decl":{"start":{"line":19,"column":4},"end":{"line":19,"column":null}},"loc":{"start":{"line":19,"column":4},"end":{"line":23,"column":5}}},"1":{"name":"(anonymous_9)","decl":{"start":{"line":33,"column":10},"end":{"line":33,"column":19}},"loc":{"start":{"line":33,"column":45},"end":{"line":60,"column":null}}},"2":{"name":"(anonymous_11)","decl":{"start":{"line":47,"column":59},"end":{"line":47,"column":60}},"loc":{"start":{"line":47,"column":72},"end":{"line":47,"column":95}}},"3":{"name":"(anonymous_12)","decl":{"start":{"line":66,"column":10},"end":{"line":66,"column":17}},"loc":{"start":{"line":66,"column":28},"end":{"line":78,"column":null}}},"4":{"name":"(anonymous_14)","decl":{"start":{"line":86,"column":10},"end":{"line":86,"column":22}},"loc":{"start":{"line":86,"column":33},"end":{"line":123,"column":null}}},"5":{"name":"(anonymous_16)","decl":{"start":{"line":131,"column":10},"end":{"line":131,"column":26}},"loc":{"start":{"line":131,"column":37},"end":{"line":139,"column":null}}},"6":{"name":"(anonymous_18)","decl":{"start":{"line":147,"column":10},"end":{"line":147,"column":31}},"loc":{"start":{"line":147,"column":57},"end":{"line":178,"column":null}}},"7":{"name":"(anonymous_20)","decl":{"start":{"line":160,"column":51},"end":{"line":160,"column":52}},"loc":{"start":{"line":160,"column":64},"end":{"line":160,"column":87}}},"8":{"name":"(anonymous_21)","decl":{"start":{"line":186,"column":10},"end":{"line":186,"column":19}},"loc":{"start":{"line":186,"column":30},"end":{"line":205,"column":null}}},"9":{"name":"(anonymous_23)","decl":{"start":{"line":211,"column":10},"end":{"line":211,"column":24}},"loc":{"start":{"line":211,"column":24},"end":{"line":219,"column":null}}},"10":{"name":"(anonymous_25)","decl":{"start":{"line":225,"column":10},"end":{"line":225,"column":21}},"loc":{"start":{"line":225,"column":21},"end":{"line":232,"column":6}}}},"branchMap":{"0":{"loc":{"start":{"line":37,"column":12},"end":{"line":39,"column":null}},"type":"if","locations":[{"start":{"line":37,"column":12},"end":{"line":39,"column":null}}]},"1":{"loc":{"start":{"line":43,"column":12},"end":{"line":45,"column":null}},"type":"if","locations":[{"start":{"line":43,"column":12},"end":{"line":45,"column":null}}]},"2":{"loc":{"start":{"line":48,"column":12},"end":{"line":52,"column":null}},"type":"if","locations":[{"start":{"line":48,"column":12},"end":{"line":52,"column":null}},{"start":{"line":50,"column":19},"end":{"line":52,"column":null}}]},"3":{"loc":{"start":{"line":69,"column":12},"end":{"line":73,"column":null}},"type":"if","locations":[{"start":{"line":69,"column":12},"end":{"line":73,"column":null}},{"start":{"line":71,"column":19},"end":{"line":73,"column":null}}]},"4":{"loc":{"start":{"line":91,"column":12},"end":{"line":93,"column":null}},"type":"if","locations":[{"start":{"line":91,"column":12},"end":{"line":93,"column":null}}]},"5":{"loc":{"start":{"line":96,"column":12},"end":{"line":98,"column":null}},"type":"if","locations":[{"start":{"line":96,"column":12},"end":{"line":98,"column":null}}]},"6":{"loc":{"start":{"line":103,"column":16},"end":{"line":110,"column":null}},"type":"if","locations":[{"start":{"line":103,"column":16},"end":{"line":110,"column":null}},{"start":{"line":105,"column":23},"end":{"line":110,"column":null}}]},"7":{"loc":{"start":{"line":105,"column":23},"end":{"line":110,"column":null}},"type":"if","locations":[{"start":{"line":105,"column":23},"end":{"line":110,"column":null}},{"start":{"line":107,"column":23},"end":{"line":110,"column":null}}]},"8":{"loc":{"start":{"line":155,"column":12},"end":{"line":157,"column":null}},"type":"if","locations":[{"start":{"line":155,"column":12},"end":{"line":157,"column":null}}]},"9":{"loc":{"start":{"line":161,"column":12},"end":{"line":163,"column":null}},"type":"if","locations":[{"start":{"line":161,"column":12},"end":{"line":163,"column":null}}]},"10":{"loc":{"start":{"line":164,"column":12},"end":{"line":170,"column":null}},"type":"if","locations":[{"start":{"line":164,"column":12},"end":{"line":170,"column":null}},{"start":{"line":167,"column":19},"end":{"line":170,"column":null}}]},"11":{"loc":{"start":{"line":191,"column":12},"end":{"line":193,"column":null}},"type":"if","locations":[{"start":{"line":191,"column":12},"end":{"line":193,"column":null}}]}},"s":{"0":14,"1":14,"2":14,"3":14,"4":14,"5":14,"6":14,"7":60,"8":60,"9":60,"10":52,"11":52,"12":50,"13":3,"14":47,"15":46,"16":28,"17":45,"18":15,"19":45,"20":7,"21":38,"22":43,"23":42,"24":10,"25":19,"26":19,"27":18,"28":3,"29":15,"30":1,"31":22,"32":22,"33":21,"34":3,"35":18,"36":18,"37":3,"38":15,"39":16,"40":15,"41":4,"42":11,"43":1,"44":10,"45":8,"46":8,"47":7,"48":15,"49":8,"50":8,"51":7,"52":1,"53":22,"54":22,"55":19,"56":18,"57":3,"58":15,"59":15,"60":12,"61":15,"62":4,"63":11,"64":4,"65":7,"66":9,"67":8,"68":14,"69":9,"70":9,"71":8,"72":3,"73":5,"74":5,"75":4,"76":3,"77":6,"78":8,"79":8,"80":5,"81":3,"82":13,"83":13,"84":10,"85":3,"86":14},"f":{"0":60,"1":52,"2":15,"3":19,"4":22,"5":8,"6":22,"7":12,"8":9,"9":8,"10":13},"b":{"0":[3],"1":[28],"2":[7,38],"3":[3,15],"4":[3],"5":[3],"6":[4,11],"7":[1,10],"8":[3],"9":[4],"10":[4,7],"11":[3]}}
,"C:\\Users\\Utente\\Desktop\\poli\\materie\\Ingegneria del software\\Progetto\\ezelectronics\\code\\server\\src\\controllers\\productController.ts": {"path":"C:\\Users\\Utente\\Desktop\\poli\\materie\\Ingegneria del software\\Progetto\\ezelectronics\\code\\server\\src\\controllers\\productController.ts","statementMap":{"0":{"start":{"line":1,"column":0},"end":{"line":1,"column":293}},"1":{"start":{"line":2,"column":0},"end":{"line":2,"column":43}},"2":{"start":{"line":13,"column":8},"end":{"line":13,"column":null}},"3":{"start":{"line":27,"column":8},"end":{"line":41,"column":null}},"4":{"start":{"line":29,"column":36},"end":{"line":29,"column":89}},"5":{"start":{"line":30,"column":12},"end":{"line":32,"column":null}},"6":{"start":{"line":31,"column":16},"end":{"line":31,"column":54}},"7":{"start":{"line":35,"column":38},"end":{"line":35,"column":104}},"8":{"start":{"line":37,"column":12},"end":{"line":37,"column":112}},"9":{"start":{"line":40,"column":12},"end":{"line":40,"column":24}},"10":{"start":{"line":56,"column":8},"end":{"line":58,"column":null}},"11":{"start":{"line":57,"column":12},"end":{"line":57,"column":50}},"12":{"start":{"line":61,"column":8},"end":{"line":63,"column":null}},"13":{"start":{"line":62,"column":12},"end":{"line":62,"column":75}},"14":{"start":{"line":66,"column":8},"end":{"line":77,"column":null}},"15":{"start":{"line":68,"column":30},"end":{"line":68,"column":51}},"16":{"start":{"line":69,"column":12},"end":{"line":71,"column":null}},"17":{"start":{"line":70,"column":16},"end":{"line":70,"column":81}},"18":{"start":{"line":73,"column":32},"end":{"line":73,"column":70}},"19":{"start":{"line":74,"column":12},"end":{"line":76,"column":null}},"20":{"start":{"line":75,"column":16},"end":{"line":75,"column":81}},"21":{"start":{"line":79,"column":8},"end":{"line":94,"column":null}},"22":{"start":{"line":81,"column":29},"end":{"line":81,"column":78}},"23":{"start":{"line":83,"column":12},"end":{"line":85,"column":null}},"24":{"start":{"line":84,"column":16},"end":{"line":84,"column":49}},"25":{"start":{"line":88,"column":12},"end":{"line":90,"column":null}},"26":{"start":{"line":89,"column":16},"end":{"line":89,"column":61}},"27":{"start":{"line":91,"column":12},"end":{"line":91,"column":88}},"28":{"start":{"line":93,"column":12},"end":{"line":93,"column":24}},"29":{"start":{"line":105,"column":8},"end":{"line":115,"column":null}},"30":{"start":{"line":106,"column":29},"end":{"line":106,"column":78}},"31":{"start":{"line":108,"column":12},"end":{"line":110,"column":null}},"32":{"start":{"line":109,"column":16},"end":{"line":109,"column":61}},"33":{"start":{"line":111,"column":36},"end":{"line":111,"column":92}},"34":{"start":{"line":112,"column":12},"end":{"line":112,"column":35}},"35":{"start":{"line":114,"column":12},"end":{"line":114,"column":24}},"36":{"start":{"line":126,"column":8},"end":{"line":128,"column":null}},"37":{"start":{"line":127,"column":12},"end":{"line":127,"column":45}},"38":{"start":{"line":130,"column":8},"end":{"line":132,"column":null}},"39":{"start":{"line":131,"column":12},"end":{"line":131,"column":49}},"40":{"start":{"line":135,"column":8},"end":{"line":139,"column":null}},"41":{"start":{"line":136,"column":12},"end":{"line":138,"column":null}},"42":{"start":{"line":137,"column":16},"end":{"line":137,"column":57}},"43":{"start":{"line":142,"column":8},"end":{"line":147,"column":null}},"44":{"start":{"line":143,"column":12},"end":{"line":145,"column":null}},"45":{"start":{"line":144,"column":16},"end":{"line":144,"column":54}},"46":{"start":{"line":150,"column":8},"end":{"line":156,"column":null}},"47":{"start":{"line":151,"column":29},"end":{"line":151,"column":82}},"48":{"start":{"line":152,"column":12},"end":{"line":154,"column":null}},"49":{"start":{"line":153,"column":16},"end":{"line":153,"column":49}},"50":{"start":{"line":155,"column":12},"end":{"line":155,"column":28}},"51":{"start":{"line":159,"column":8},"end":{"line":159,"column":63}},"52":{"start":{"line":171,"column":8},"end":{"line":173,"column":null}},"53":{"start":{"line":172,"column":12},"end":{"line":172,"column":45}},"54":{"start":{"line":175,"column":8},"end":{"line":177,"column":null}},"55":{"start":{"line":176,"column":12},"end":{"line":176,"column":49}},"56":{"start":{"line":179,"column":8},"end":{"line":181,"column":null}},"57":{"start":{"line":180,"column":12},"end":{"line":180,"column":45}},"58":{"start":{"line":184,"column":8},"end":{"line":188,"column":null}},"59":{"start":{"line":185,"column":12},"end":{"line":187,"column":null}},"60":{"start":{"line":186,"column":16},"end":{"line":186,"column":57}},"61":{"start":{"line":191,"column":8},"end":{"line":196,"column":null}},"62":{"start":{"line":192,"column":12},"end":{"line":194,"column":null}},"63":{"start":{"line":193,"column":16},"end":{"line":193,"column":54}},"64":{"start":{"line":199,"column":8},"end":{"line":212,"column":null}},"65":{"start":{"line":201,"column":34},"end":{"line":201,"column":83}},"66":{"start":{"line":202,"column":36},"end":{"line":202,"column":92}},"67":{"start":{"line":202,"column":68},"end":{"line":202,"column":91}},"68":{"start":{"line":203,"column":12},"end":{"line":205,"column":null}},"69":{"start":{"line":204,"column":16},"end":{"line":204,"column":49}},"70":{"start":{"line":207,"column":29},"end":{"line":207,"column":91}},"71":{"start":{"line":211,"column":12},"end":{"line":211,"column":28}},"72":{"start":{"line":215,"column":8},"end":{"line":215,"column":72}},"73":{"start":{"line":225,"column":8},"end":{"line":231,"column":null}},"74":{"start":{"line":226,"column":12},"end":{"line":226,"column":47}},"75":{"start":{"line":227,"column":12},"end":{"line":227,"column":24}},"76":{"start":{"line":230,"column":12},"end":{"line":230,"column":24}},"77":{"start":{"line":240,"column":8},"end":{"line":245,"column":null}},"78":{"start":{"line":241,"column":12},"end":{"line":241,"column":48}},"79":{"start":{"line":242,"column":12},"end":{"line":242,"column":24}},"80":{"start":{"line":244,"column":12},"end":{"line":244,"column":24}},"81":{"start":{"line":250,"column":0},"end":{"line":250,"column":33}}},"fnMap":{"0":{"name":"(anonymous_8)","decl":{"start":{"line":12,"column":4},"end":{"line":12,"column":null}},"loc":{"start":{"line":12,"column":4},"end":{"line":14,"column":5}}},"1":{"name":"(anonymous_9)","decl":{"start":{"line":26,"column":10},"end":{"line":26,"column":26}},"loc":{"start":{"line":26,"column":150},"end":{"line":42,"column":null}}},"2":{"name":"(anonymous_11)","decl":{"start":{"line":51,"column":10},"end":{"line":51,"column":31}},"loc":{"start":{"line":51,"column":93},"end":{"line":95,"column":null}}},"3":{"name":"(anonymous_13)","decl":{"start":{"line":104,"column":10},"end":{"line":104,"column":21}},"loc":{"start":{"line":104,"column":81},"end":{"line":116,"column":null}}},"4":{"name":"(anonymous_15)","decl":{"start":{"line":124,"column":10},"end":{"line":124,"column":21}},"loc":{"start":{"line":124,"column":92},"end":{"line":160,"column":null}}},"5":{"name":"(anonymous_17)","decl":{"start":{"line":169,"column":10},"end":{"line":169,"column":30}},"loc":{"start":{"line":169,"column":101},"end":{"line":218,"column":null}}},"6":{"name":"(anonymous_19)","decl":{"start":{"line":202,"column":55},"end":{"line":202,"column":56}},"loc":{"start":{"line":202,"column":68},"end":{"line":202,"column":91}}},"7":{"name":"(anonymous_20)","decl":{"start":{"line":224,"column":10},"end":{"line":224,"column":27}},"loc":{"start":{"line":224,"column":27},"end":{"line":232,"column":null}}},"8":{"name":"(anonymous_22)","decl":{"start":{"line":239,"column":10},"end":{"line":239,"column":23}},"loc":{"start":{"line":239,"column":37},"end":{"line":246,"column":null}}}},"branchMap":{"0":{"loc":{"start":{"line":30,"column":12},"end":{"line":32,"column":null}},"type":"if","locations":[{"start":{"line":30,"column":12},"end":{"line":32,"column":null}}]},"1":{"loc":{"start":{"line":30,"column":16},"end":{"line":30,"column":61}},"type":"binary-expr","locations":[{"start":{"line":30,"column":16},"end":{"line":30,"column":31}},{"start":{"line":30,"column":35},"end":{"line":30,"column":61}}]},"2":{"loc":{"start":{"line":35,"column":38},"end":{"line":35,"column":104}},"type":"cond-expr","locations":[{"start":{"line":35,"column":52},"end":{"line":35,"column":63}},{"start":{"line":35,"column":66},"end":{"line":35,"column":104}}]},"3":{"loc":{"start":{"line":56,"column":8},"end":{"line":58,"column":null}},"type":"if","locations":[{"start":{"line":56,"column":8},"end":{"line":58,"column":null}}]},"4":{"loc":{"start":{"line":56,"column":12},"end":{"line":56,"column":41}},"type":"binary-expr","locations":[{"start":{"line":56,"column":12},"end":{"line":56,"column":18}},{"start":{"line":56,"column":22},"end":{"line":56,"column":41}}]},"5":{"loc":{"start":{"line":61,"column":8},"end":{"line":63,"column":null}},"type":"if","locations":[{"start":{"line":61,"column":8},"end":{"line":63,"column":null}}]},"6":{"loc":{"start":{"line":61,"column":12},"end":{"line":61,"column":62}},"type":"binary-expr","locations":[{"start":{"line":61,"column":12},"end":{"line":61,"column":43}},{"start":{"line":61,"column":47},"end":{"line":61,"column":62}}]},"7":{"loc":{"start":{"line":66,"column":8},"end":{"line":77,"column":null}},"type":"if","locations":[{"start":{"line":66,"column":8},"end":{"line":77,"column":null}}]},"8":{"loc":{"start":{"line":69,"column":12},"end":{"line":71,"column":null}},"type":"if","locations":[{"start":{"line":69,"column":12},"end":{"line":71,"column":null}}]},"9":{"loc":{"start":{"line":74,"column":12},"end":{"line":76,"column":null}},"type":"if","locations":[{"start":{"line":74,"column":12},"end":{"line":76,"column":null}}]},"10":{"loc":{"start":{"line":83,"column":12},"end":{"line":85,"column":null}},"type":"if","locations":[{"start":{"line":83,"column":12},"end":{"line":85,"column":null}}]},"11":{"loc":{"start":{"line":83,"column":16},"end":{"line":83,"column":47}},"type":"binary-expr","locations":[{"start":{"line":83,"column":16},"end":{"line":83,"column":24}},{"start":{"line":83,"column":28},"end":{"line":83,"column":47}}]},"12":{"loc":{"start":{"line":88,"column":12},"end":{"line":90,"column":null}},"type":"if","locations":[{"start":{"line":88,"column":12},"end":{"line":90,"column":null}}]},"13":{"loc":{"start":{"line":108,"column":12},"end":{"line":110,"column":null}},"type":"if","locations":[{"start":{"line":108,"column":12},"end":{"line":110,"column":null}}]},"14":{"loc":{"start":{"line":126,"column":8},"end":{"line":128,"column":null}},"type":"if","locations":[{"start":{"line":126,"column":8},"end":{"line":128,"column":null}}]},"15":{"loc":{"start":{"line":126,"column":12},"end":{"line":126,"column":44}},"type":"binary-expr","locations":[{"start":{"line":126,"column":12},"end":{"line":126,"column":21}},{"start":{"line":126,"column":26},"end":{"line":126,"column":34}},{"start":{"line":126,"column":38},"end":{"line":126,"column":43}}]},"16":{"loc":{"start":{"line":130,"column":8},"end":{"line":132,"column":null}},"type":"if","locations":[{"start":{"line":130,"column":8},"end":{"line":132,"column":null}}]},"17":{"loc":{"start":{"line":130,"column":11},"end":{"line":130,"column":68}},"type":"binary-expr","locations":[{"start":{"line":130,"column":11},"end":{"line":130,"column":19}},{"start":{"line":130,"column":23},"end":{"line":130,"column":45}},{"start":{"line":130,"column":49},"end":{"line":130,"column":68}}]},"18":{"loc":{"start":{"line":135,"column":8},"end":{"line":139,"column":null}},"type":"if","locations":[{"start":{"line":135,"column":8},"end":{"line":139,"column":null}}]},"19":{"loc":{"start":{"line":136,"column":12},"end":{"line":138,"column":null}},"type":"if","locations":[{"start":{"line":136,"column":12},"end":{"line":138,"column":null}}]},"20":{"loc":{"start":{"line":136,"column":16},"end":{"line":136,"column":113}},"type":"binary-expr","locations":[{"start":{"line":136,"column":16},"end":{"line":136,"column":25}},{"start":{"line":136,"column":29},"end":{"line":136,"column":34}},{"start":{"line":136,"column":39},"end":{"line":136,"column":62}},{"start":{"line":136,"column":66},"end":{"line":136,"column":86}},{"start":{"line":136,"column":90},"end":{"line":136,"column":112}}]},"21":{"loc":{"start":{"line":142,"column":8},"end":{"line":147,"column":null}},"type":"if","locations":[{"start":{"line":142,"column":8},"end":{"line":147,"column":null}}]},"22":{"loc":{"start":{"line":143,"column":12},"end":{"line":145,"column":null}},"type":"if","locations":[{"start":{"line":143,"column":12},"end":{"line":145,"column":null}}]},"23":{"loc":{"start":{"line":143,"column":16},"end":{"line":143,"column":57}},"type":"binary-expr","locations":[{"start":{"line":143,"column":16},"end":{"line":143,"column":22}},{"start":{"line":143,"column":26},"end":{"line":143,"column":34}},{"start":{"line":143,"column":38},"end":{"line":143,"column":57}}]},"24":{"loc":{"start":{"line":150,"column":8},"end":{"line":156,"column":null}},"type":"if","locations":[{"start":{"line":150,"column":8},"end":{"line":156,"column":null}}]},"25":{"loc":{"start":{"line":152,"column":12},"end":{"line":154,"column":null}},"type":"if","locations":[{"start":{"line":152,"column":12},"end":{"line":154,"column":null}}]},"26":{"loc":{"start":{"line":152,"column":16},"end":{"line":152,"column":49}},"type":"binary-expr","locations":[{"start":{"line":152,"column":16},"end":{"line":152,"column":24}},{"start":{"line":152,"column":28},"end":{"line":152,"column":49}}]},"27":{"loc":{"start":{"line":171,"column":8},"end":{"line":173,"column":null}},"type":"if","locations":[{"start":{"line":171,"column":8},"end":{"line":173,"column":null}}]},"28":{"loc":{"start":{"line":171,"column":12},"end":{"line":171,"column":44}},"type":"binary-expr","locations":[{"start":{"line":171,"column":12},"end":{"line":171,"column":21}},{"start":{"line":171,"column":26},"end":{"line":171,"column":34}},{"start":{"line":171,"column":38},"end":{"line":171,"column":43}}]},"29":{"loc":{"start":{"line":175,"column":8},"end":{"line":177,"column":null}},"type":"if","locations":[{"start":{"line":175,"column":8},"end":{"line":177,"column":null}}]},"30":{"loc":{"start":{"line":175,"column":11},"end":{"line":175,"column":68}},"type":"binary-expr","locations":[{"start":{"line":175,"column":11},"end":{"line":175,"column":19}},{"start":{"line":175,"column":23},"end":{"line":175,"column":45}},{"start":{"line":175,"column":49},"end":{"line":175,"column":68}}]},"31":{"loc":{"start":{"line":179,"column":8},"end":{"line":181,"column":null}},"type":"if","locations":[{"start":{"line":179,"column":8},"end":{"line":181,"column":null}}]},"32":{"loc":{"start":{"line":179,"column":12},"end":{"line":179,"column":44}},"type":"binary-expr","locations":[{"start":{"line":179,"column":12},"end":{"line":179,"column":21}},{"start":{"line":179,"column":26},"end":{"line":179,"column":34}},{"start":{"line":179,"column":38},"end":{"line":179,"column":43}}]},"33":{"loc":{"start":{"line":184,"column":8},"end":{"line":188,"column":null}},"type":"if","locations":[{"start":{"line":184,"column":8},"end":{"line":188,"column":null}}]},"34":{"loc":{"start":{"line":185,"column":12},"end":{"line":187,"column":null}},"type":"if","locations":[{"start":{"line":185,"column":12},"end":{"line":187,"column":null}}]},"35":{"loc":{"start":{"line":185,"column":16},"end":{"line":185,"column":113}},"type":"binary-expr","locations":[{"start":{"line":185,"column":16},"end":{"line":185,"column":25}},{"start":{"line":185,"column":29},"end":{"line":185,"column":34}},{"start":{"line":185,"column":39},"end":{"line":185,"column":62}},{"start":{"line":185,"column":66},"end":{"line":185,"column":86}},{"start":{"line":185,"column":90},"end":{"line":185,"column":112}}]},"36":{"loc":{"start":{"line":191,"column":8},"end":{"line":196,"column":null}},"type":"if","locations":[{"start":{"line":191,"column":8},"end":{"line":196,"column":null}}]},"37":{"loc":{"start":{"line":192,"column":12},"end":{"line":194,"column":null}},"type":"if","locations":[{"start":{"line":192,"column":12},"end":{"line":194,"column":null}}]},"38":{"loc":{"start":{"line":192,"column":16},"end":{"line":192,"column":57}},"type":"binary-expr","locations":[{"start":{"line":192,"column":16},"end":{"line":192,"column":22}},{"start":{"line":192,"column":26},"end":{"line":192,"column":34}},{"start":{"line":192,"column":38},"end":{"line":192,"column":57}}]},"39":{"loc":{"start":{"line":199,"column":8},"end":{"line":212,"column":null}},"type":"if","locations":[{"start":{"line":199,"column":8},"end":{"line":212,"column":null}}]},"40":{"loc":{"start":{"line":203,"column":12},"end":{"line":205,"column":null}},"type":"if","locations":[{"start":{"line":203,"column":12},"end":{"line":205,"column":null}}]}},"s":{"0":15,"1":15,"2":90,"3":466,"4":466,"5":466,"6":3,"7":463,"8":463,"9":4,"10":6,"11":0,"12":6,"13":0,"14":6,"15":2,"16":2,"17":0,"18":2,"19":2,"20":0,"21":6,"22":6,"23":5,"24":0,"25":5,"26":0,"27":5,"28":2,"29":22,"30":22,"31":20,"32":1,"33":19,"34":12,"35":10,"36":166,"37":1,"38":165,"39":2,"40":163,"41":14,"42":6,"43":157,"44":132,"45":6,"46":151,"47":126,"48":126,"49":11,"50":115,"51":25,"52":26,"53":2,"54":24,"55":2,"56":22,"57":0,"58":22,"59":9,"60":6,"61":16,"62":11,"63":7,"64":9,"65":4,"66":3,"67":3,"68":3,"69":0,"70":3,"71":3,"72":5,"73":6,"74":6,"75":5,"76":1,"77":9,"78":9,"79":5,"80":4,"81":15},"f":{"0":90,"1":466,"2":6,"3":22,"4":166,"5":26,"6":3,"7":6,"8":9},"b":{"0":[3],"1":[466,464],"2":[460,3],"3":[0],"4":[6,6],"5":[0],"6":[6,6],"7":[2],"8":[0],"9":[0],"10":[0],"11":[5,5],"12":[0],"13":[1],"14":[1],"15":[166,18,17],"16":[2],"17":[165,148,134],"18":[14],"19":[6],"20":[14,11,10,7,4],"21":[132],"22":[6],"23":[132,128,127],"24":[126],"25":[11],"26":[126,126],"27":[2],"28":[26,4,2],"29":[2],"30":[24,22,13],"31":[0],"32":[22,2,2],"33":[9],"34":[6],"35":[9,6,4,2,1],"36":[11],"37":[7],"38":[11,7,5],"39":[4],"40":[0]}}
,"C:\\Users\\Utente\\Desktop\\poli\\materie\\Ingegneria del software\\Progetto\\ezelectronics\\code\\server\\src\\controllers\\reviewController.ts": {"path":"C:\\Users\\Utente\\Desktop\\poli\\materie\\Ingegneria del software\\Progetto\\ezelectronics\\code\\server\\src\\controllers\\reviewController.ts","statementMap":{"0":{"start":{"line":1,"column":0},"end":{"line":1,"column":53}},"1":{"start":{"line":3,"column":0},"end":{"line":3,"column":41}},"2":{"start":{"line":4,"column":0},"end":{"line":4,"column":43}},"3":{"start":{"line":5,"column":0},"end":{"line":5,"column":141}},"4":{"start":{"line":7,"column":0},"end":{"line":7,"column":82}},"5":{"start":{"line":8,"column":0},"end":{"line":8,"column":26}},"6":{"start":{"line":15,"column":8},"end":{"line":15,"column":null}},"7":{"start":{"line":16,"column":8},"end":{"line":16,"column":null}},"8":{"start":{"line":29,"column":25},"end":{"line":29,"column":85}},"9":{"start":{"line":30,"column":8},"end":{"line":32,"column":null}},"10":{"start":{"line":31,"column":12},"end":{"line":31,"column":45}},"11":{"start":{"line":34,"column":32},"end":{"line":34,"column":89}},"12":{"start":{"line":35,"column":8},"end":{"line":37,"column":null}},"13":{"start":{"line":36,"column":12},"end":{"line":36,"column":44}},"14":{"start":{"line":39,"column":23},"end":{"line":39,"column":108}},"15":{"start":{"line":40,"column":8},"end":{"line":40,"column":48}},"16":{"start":{"line":51,"column":25},"end":{"line":51,"column":85}},"17":{"start":{"line":52,"column":8},"end":{"line":54,"column":null}},"18":{"start":{"line":53,"column":12},"end":{"line":53,"column":45}},"19":{"start":{"line":56,"column":8},"end":{"line":56,"column":49}},"20":{"start":{"line":66,"column":25},"end":{"line":66,"column":85}},"21":{"start":{"line":67,"column":8},"end":{"line":69,"column":null}},"22":{"start":{"line":68,"column":12},"end":{"line":68,"column":45}},"23":{"start":{"line":71,"column":32},"end":{"line":71,"column":89}},"24":{"start":{"line":72,"column":8},"end":{"line":74,"column":null}},"25":{"start":{"line":73,"column":12},"end":{"line":73,"column":45}},"26":{"start":{"line":77,"column":8},"end":{"line":77,"column":69}},"27":{"start":{"line":86,"column":8},"end":{"line":96,"column":null}},"28":{"start":{"line":87,"column":29},"end":{"line":87,"column":89}},"29":{"start":{"line":88,"column":12},"end":{"line":90,"column":null}},"30":{"start":{"line":89,"column":16},"end":{"line":89,"column":49}},"31":{"start":{"line":91,"column":12},"end":{"line":91,"column":57}},"32":{"start":{"line":94,"column":16},"end":{"line":94,"column":28}},"33":{"start":{"line":104,"column":8},"end":{"line":109,"column":null}},"34":{"start":{"line":105,"column":12},"end":{"line":105,"column":46}},"35":{"start":{"line":108,"column":12},"end":{"line":108,"column":24}},"36":{"start":{"line":113,"column":0},"end":{"line":113,"column":32}}},"fnMap":{"0":{"name":"(anonymous_8)","decl":{"start":{"line":14,"column":4},"end":{"line":14,"column":null}},"loc":{"start":{"line":14,"column":4},"end":{"line":17,"column":5}}},"1":{"name":"(anonymous_9)","decl":{"start":{"line":27,"column":10},"end":{"line":27,"column":19}},"loc":{"start":{"line":27,"column":77},"end":{"line":42,"column":null}}},"2":{"name":"(anonymous_11)","decl":{"start":{"line":49,"column":10},"end":{"line":49,"column":27}},"loc":{"start":{"line":49,"column":41},"end":{"line":57,"column":null}}},"3":{"name":"(anonymous_13)","decl":{"start":{"line":65,"column":10},"end":{"line":65,"column":22}},"loc":{"start":{"line":65,"column":48},"end":{"line":78,"column":null}}},"4":{"name":"(anonymous_15)","decl":{"start":{"line":85,"column":10},"end":{"line":85,"column":32}},"loc":{"start":{"line":85,"column":46},"end":{"line":97,"column":6}}},"5":{"name":"(anonymous_17)","decl":{"start":{"line":103,"column":10},"end":{"line":103,"column":26}},"loc":{"start":{"line":103,"column":26},"end":{"line":110,"column":6}}}},"branchMap":{"0":{"loc":{"start":{"line":30,"column":8},"end":{"line":32,"column":null}},"type":"if","locations":[{"start":{"line":30,"column":8},"end":{"line":32,"column":null}}]},"1":{"loc":{"start":{"line":35,"column":8},"end":{"line":37,"column":null}},"type":"if","locations":[{"start":{"line":35,"column":8},"end":{"line":37,"column":null}}]},"2":{"loc":{"start":{"line":52,"column":8},"end":{"line":54,"column":null}},"type":"if","locations":[{"start":{"line":52,"column":8},"end":{"line":54,"column":null}}]},"3":{"loc":{"start":{"line":67,"column":8},"end":{"line":69,"column":null}},"type":"if","locations":[{"start":{"line":67,"column":8},"end":{"line":69,"column":null}}]},"4":{"loc":{"start":{"line":72,"column":8},"end":{"line":74,"column":null}},"type":"if","locations":[{"start":{"line":72,"column":8},"end":{"line":74,"column":null}}]},"5":{"loc":{"start":{"line":88,"column":12},"end":{"line":90,"column":null}},"type":"if","locations":[{"start":{"line":88,"column":12},"end":{"line":90,"column":null}}]}},"s":{"0":13,"1":13,"2":13,"3":13,"4":13,"5":13,"6":17,"7":17,"8":19,"9":19,"10":2,"11":17,"12":17,"13":2,"14":15,"15":15,"16":23,"17":23,"18":3,"19":20,"20":10,"21":10,"22":3,"23":7,"24":7,"25":4,"26":3,"27":6,"28":6,"29":6,"30":2,"31":4,"32":3,"33":5,"34":5,"35":1,"36":13},"f":{"0":17,"1":19,"2":23,"3":10,"4":6,"5":5},"b":{"0":[2],"1":[2],"2":[3],"3":[3],"4":[4],"5":[2]}}
,"C:\\Users\\Utente\\Desktop\\poli\\materie\\Ingegneria del software\\Progetto\\ezelectronics\\code\\server\\src\\controllers\\userController.ts": {"path":"C:\\Users\\Utente\\Desktop\\poli\\materie\\Ingegneria del software\\Progetto\\ezelectronics\\code\\server\\src\\controllers\\userController.ts","statementMap":{"0":{"start":{"line":1,"column":0},"end":{"line":1,"column":142}},"1":{"start":{"line":3,"column":0},"end":{"line":3,"column":36}},"2":{"start":{"line":4,"column":0},"end":{"line":4,"column":49}},"3":{"start":{"line":14,"column":8},"end":{"line":14,"column":null}},"4":{"start":{"line":27,"column":8},"end":{"line":32,"column":null}},"5":{"start":{"line":28,"column":30},"end":{"line":28,"column":96}},"6":{"start":{"line":29,"column":12},"end":{"line":29,"column":24}},"7":{"start":{"line":31,"column":12},"end":{"line":31,"column":24}},"8":{"start":{"line":40,"column":8},"end":{"line":46,"column":null}},"9":{"start":{"line":41,"column":31},"end":{"line":41,"column":56}},"10":{"start":{"line":42,"column":12},"end":{"line":42,"column":null}},"11":{"start":{"line":45,"column":12},"end":{"line":45,"column":24}},"12":{"start":{"line":55,"column":8},"end":{"line":60,"column":null}},"13":{"start":{"line":56,"column":29},"end":{"line":56,"column":64}},"14":{"start":{"line":57,"column":12},"end":{"line":57,"column":null}},"15":{"start":{"line":59,"column":12},"end":{"line":59,"column":24}},"16":{"start":{"line":73,"column":26},"end":{"line":73,"column":68}},"17":{"start":{"line":74,"column":8},"end":{"line":75,"column":42}},"18":{"start":{"line":75,"column":12},"end":{"line":75,"column":42}},"19":{"start":{"line":78,"column":8},"end":{"line":81,"column":null}},"20":{"start":{"line":79,"column":12},"end":{"line":80,"column":50}},"21":{"start":{"line":80,"column":16},"end":{"line":80,"column":50}},"22":{"start":{"line":82,"column":8},"end":{"line":82,"column":25}},"23":{"start":{"line":94,"column":8},"end":{"line":111,"column":null}},"24":{"start":{"line":96,"column":26},"end":{"line":96,"column":68}},"25":{"start":{"line":97,"column":8},"end":{"line":106,"column":null}},"26":{"start":{"line":98,"column":12},"end":{"line":101,"column":null}},"27":{"start":{"line":100,"column":16},"end":{"line":100,"column":50}},"28":{"start":{"line":103,"column":12},"end":{"line":105,"column":null}},"29":{"start":{"line":104,"column":16},"end":{"line":104,"column":45}},"30":{"start":{"line":108,"column":8},"end":{"line":108,"column":45}},"31":{"start":{"line":110,"column":12},"end":{"line":110,"column":null}},"32":{"start":{"line":119,"column":8},"end":{"line":124,"column":null}},"33":{"start":{"line":120,"column":12},"end":{"line":120,"column":39}},"34":{"start":{"line":121,"column":12},"end":{"line":121,"column":null}},"35":{"start":{"line":123,"column":12},"end":{"line":123,"column":24}},"36":{"start":{"line":140,"column":8},"end":{"line":143,"column":null}},"37":{"start":{"line":141,"column":12},"end":{"line":142,"column":50}},"38":{"start":{"line":142,"column":16},"end":{"line":142,"column":50}},"39":{"start":{"line":146,"column":8},"end":{"line":147,"column":34}},"40":{"start":{"line":147,"column":12},"end":{"line":147,"column":34}},"41":{"start":{"line":150,"column":26},"end":{"line":150,"column":68}},"42":{"start":{"line":151,"column":8},"end":{"line":152,"column":42}},"43":{"start":{"line":152,"column":12},"end":{"line":152,"column":42}},"44":{"start":{"line":154,"column":8},"end":{"line":154,"column":84}},"45":{"start":{"line":158,"column":0},"end":{"line":158,"column":null}}},"fnMap":{"0":{"name":"(anonymous_8)","decl":{"start":{"line":13,"column":4},"end":{"line":13,"column":null}},"loc":{"start":{"line":13,"column":4},"end":{"line":15,"column":5}}},"1":{"name":"(anonymous_9)","decl":{"start":{"line":26,"column":10},"end":{"line":26,"column":20}},"loc":{"start":{"line":26,"column":100},"end":{"line":33,"column":null}}},"2":{"name":"(anonymous_11)","decl":{"start":{"line":39,"column":10},"end":{"line":39,"column":18}},"loc":{"start":{"line":39,"column":18},"end":{"line":47,"column":null}}},"3":{"name":"(anonymous_13)","decl":{"start":{"line":54,"column":10},"end":{"line":54,"column":24}},"loc":{"start":{"line":54,"column":37},"end":{"line":61,"column":null}}},"4":{"name":"(anonymous_15)","decl":{"start":{"line":71,"column":10},"end":{"line":71,"column":27}},"loc":{"start":{"line":71,"column":56},"end":{"line":83,"column":null}}},"5":{"name":"(anonymous_17)","decl":{"start":{"line":93,"column":10},"end":{"line":93,"column":20}},"loc":{"start":{"line":93,"column":49},"end":{"line":112,"column":null}}},"6":{"name":"(anonymous_19)","decl":{"start":{"line":118,"column":10},"end":{"line":118,"column":19}},"loc":{"start":{"line":118,"column":19},"end":{"line":125,"column":null}}},"7":{"name":"(anonymous_21)","decl":{"start":{"line":137,"column":10},"end":{"line":137,"column":24}},"loc":{"start":{"line":137,"column":120},"end":{"line":155,"column":null}}}},"branchMap":{"0":{"loc":{"start":{"line":74,"column":8},"end":{"line":75,"column":42}},"type":"if","locations":[{"start":{"line":74,"column":8},"end":{"line":75,"column":42}}]},"1":{"loc":{"start":{"line":78,"column":8},"end":{"line":81,"column":null}},"type":"if","locations":[{"start":{"line":78,"column":8},"end":{"line":81,"column":null}}]},"2":{"loc":{"start":{"line":79,"column":12},"end":{"line":80,"column":50}},"type":"if","locations":[{"start":{"line":79,"column":12},"end":{"line":80,"column":50}}]},"3":{"loc":{"start":{"line":97,"column":8},"end":{"line":106,"column":null}},"type":"if","locations":[{"start":{"line":97,"column":8},"end":{"line":106,"column":null}}]},"4":{"loc":{"start":{"line":98,"column":12},"end":{"line":101,"column":null}},"type":"if","locations":[{"start":{"line":98,"column":12},"end":{"line":101,"column":null}}]},"5":{"loc":{"start":{"line":103,"column":12},"end":{"line":105,"column":null}},"type":"if","locations":[{"start":{"line":103,"column":12},"end":{"line":105,"column":null}}]},"6":{"loc":{"start":{"line":140,"column":8},"end":{"line":143,"column":null}},"type":"if","locations":[{"start":{"line":140,"column":8},"end":{"line":143,"column":null}}]},"7":{"loc":{"start":{"line":141,"column":12},"end":{"line":142,"column":50}},"type":"if","locations":[{"start":{"line":141,"column":12},"end":{"line":142,"column":50}}]},"8":{"loc":{"start":{"line":146,"column":8},"end":{"line":147,"column":34}},"type":"if","locations":[{"start":{"line":146,"column":8},"end":{"line":147,"column":34}}]},"9":{"loc":{"start":{"line":151,"column":8},"end":{"line":152,"column":42}},"type":"if","locations":[{"start":{"line":151,"column":8},"end":{"line":152,"column":42}}]}},"s":{"0":14,"1":14,"2":14,"3":50,"4":41,"5":41,"6":37,"7":4,"8":14,"9":14,"10":13,"11":1,"12":9,"13":9,"14":8,"15":1,"16":20,"17":15,"18":0,"19":15,"20":8,"21":3,"22":12,"23":21,"24":21,"25":17,"26":12,"27":4,"28":8,"29":4,"30":9,"31":12,"32":5,"33":5,"34":4,"35":1,"36":11,"37":5,"38":3,"39":8,"40":2,"41":6,"42":4,"43":0,"44":4,"45":14},"f":{"0":50,"1":41,"2":14,"3":9,"4":20,"5":21,"6":5,"7":11},"b":{"0":[0],"1":[8],"2":[3],"3":[12],"4":[4],"5":[4],"6":[5],"7":[3],"8":[2],"9":[0]}}
,"C:\\Users\\Utente\\Desktop\\poli\\materie\\Ingegneria del software\\Progetto\\ezelectronics\\code\\server\\src\\dao\\cartDAO.ts": {"path":"C:\\Users\\Utente\\Desktop\\poli\\materie\\Ingegneria del software\\Progetto\\ezelectronics\\code\\server\\src\\dao\\cartDAO.ts","statementMap":{"0":{"start":{"line":1,"column":0},"end":{"line":1,"column":26}},"1":{"start":{"line":2,"column":0},"end":{"line":2,"column":57}},"2":{"start":{"line":22,"column":8},"end":{"line":51,"column":11}},"3":{"start":{"line":23,"column":12},"end":{"line":50,"column":null}},"4":{"start":{"line":25,"column":33},"end":{"line":25,"column":122}},"5":{"start":{"line":26,"column":16},"end":{"line":47,"column":19}},"6":{"start":{"line":27,"column":20},"end":{"line":29,"column":null}},"7":{"start":{"line":28,"column":24},"end":{"line":28,"column":36}},"8":{"start":{"line":30,"column":20},"end":{"line":32,"column":null}},"9":{"start":{"line":31,"column":24},"end":{"line":31,"column":45}},"10":{"start":{"line":35,"column":46},"end":{"line":35,"column":126}},"11":{"start":{"line":36,"column":20},"end":{"line":46,"column":23}},"12":{"start":{"line":37,"column":24},"end":{"line":39,"column":null}},"13":{"start":{"line":38,"column":28},"end":{"line":38,"column":40}},"14":{"start":{"line":40,"column":24},"end":{"line":42,"column":null}},"15":{"start":{"line":41,"column":28},"end":{"line":41,"column":91}},"16":{"start":{"line":43,"column":41},"end":{"line":43,"column":144}},"17":{"start":{"line":43,"column":64},"end":{"line":43,"column":143}},"18":{"start":{"line":44,"column":24},"end":{"line":44,"column":139}},"19":{"start":{"line":49,"column":16},"end":{"line":49,"column":30}},"20":{"start":{"line":63,"column":8},"end":{"line":76,"column":11}},"21":{"start":{"line":64,"column":12},"end":{"line":75,"column":null}},"22":{"start":{"line":65,"column":39},"end":{"line":65,"column":89}},"23":{"start":{"line":66,"column":16},"end":{"line":72,"column":19}},"24":{"start":{"line":67,"column":20},"end":{"line":71,"column":null}},"25":{"start":{"line":68,"column":24},"end":{"line":68,"column":36}},"26":{"start":{"line":70,"column":24},"end":{"line":70,"column":87}},"27":{"start":{"line":74,"column":16},"end":{"line":74,"column":30}},"28":{"start":{"line":86,"column":8},"end":{"line":100,"column":11}},"29":{"start":{"line":87,"column":12},"end":{"line":99,"column":null}},"30":{"start":{"line":88,"column":28},"end":{"line":88,"column":112}},"31":{"start":{"line":89,"column":16},"end":{"line":96,"column":19}},"32":{"start":{"line":90,"column":20},"end":{"line":94,"column":null}},"33":{"start":{"line":91,"column":24},"end":{"line":91,"column":36}},"34":{"start":{"line":93,"column":24},"end":{"line":93,"column":34}},"35":{"start":{"line":98,"column":16},"end":{"line":98,"column":null}},"36":{"start":{"line":109,"column":8},"end":{"line":123,"column":null}},"37":{"start":{"line":110,"column":12},"end":{"line":121,"column":null}},"38":{"start":{"line":111,"column":28},"end":{"line":111,"column":121}},"39":{"start":{"line":112,"column":16},"end":{"line":118,"column":null}},"40":{"start":{"line":113,"column":20},"end":{"line":117,"column":null}},"41":{"start":{"line":114,"column":24},"end":{"line":114,"column":36}},"42":{"start":{"line":116,"column":24},"end":{"line":116,"column":34}},"43":{"start":{"line":120,"column":16},"end":{"line":120,"column":30}},"44":{"start":{"line":133,"column":8},"end":{"line":147,"column":null}},"45":{"start":{"line":134,"column":12},"end":{"line":146,"column":null}},"46":{"start":{"line":135,"column":28},"end":{"line":135,"column":71}},"47":{"start":{"line":136,"column":16},"end":{"line":143,"column":19}},"48":{"start":{"line":137,"column":20},"end":{"line":142,"column":null}},"49":{"start":{"line":138,"column":24},"end":{"line":138,"column":36}},"50":{"start":{"line":141,"column":24},"end":{"line":141,"column":34}},"51":{"start":{"line":145,"column":16},"end":{"line":145,"column":30}},"52":{"start":{"line":157,"column":8},"end":{"line":192,"column":11}},"53":{"start":{"line":158,"column":12},"end":{"line":190,"column":null}},"54":{"start":{"line":160,"column":28},"end":{"line":160,"column":234}},"55":{"start":{"line":161,"column":16},"end":{"line":187,"column":null}},"56":{"start":{"line":162,"column":20},"end":{"line":164,"column":null}},"57":{"start":{"line":163,"column":24},"end":{"line":163,"column":43}},"58":{"start":{"line":166,"column":20},"end":{"line":168,"column":null}},"59":{"start":{"line":167,"column":24},"end":{"line":167,"column":43}},"60":{"start":{"line":170,"column":36},"end":{"line":170,"column":59}},"61":{"start":{"line":171,"column":20},"end":{"line":185,"column":23}},"62":{"start":{"line":173,"column":24},"end":{"line":175,"column":null}},"63":{"start":{"line":174,"column":28},"end":{"line":174,"column":null}},"64":{"start":{"line":176,"column":37},"end":{"line":176,"column":60}},"65":{"start":{"line":178,"column":24},"end":{"line":181,"column":null}},"66":{"start":{"line":179,"column":44},"end":{"line":179,"column":123}},"67":{"start":{"line":180,"column":28},"end":{"line":180,"column":56}},"68":{"start":{"line":186,"column":20},"end":{"line":186,"column":58}},"69":{"start":{"line":189,"column":16},"end":{"line":189,"column":30}},"70":{"start":{"line":202,"column":8},"end":{"line":215,"column":null}},"71":{"start":{"line":203,"column":12},"end":{"line":214,"column":null}},"72":{"start":{"line":204,"column":28},"end":{"line":204,"column":112}},"73":{"start":{"line":205,"column":16},"end":{"line":211,"column":19}},"74":{"start":{"line":206,"column":20},"end":{"line":210,"column":null}},"75":{"start":{"line":207,"column":24},"end":{"line":207,"column":36}},"76":{"start":{"line":209,"column":24},"end":{"line":209,"column":34}},"77":{"start":{"line":213,"column":16},"end":{"line":213,"column":null}},"78":{"start":{"line":226,"column":8},"end":{"line":240,"column":11}},"79":{"start":{"line":227,"column":12},"end":{"line":238,"column":null}},"80":{"start":{"line":228,"column":28},"end":{"line":228,"column":89}},"81":{"start":{"line":229,"column":16},"end":{"line":235,"column":19}},"82":{"start":{"line":230,"column":20},"end":{"line":234,"column":null}},"83":{"start":{"line":231,"column":24},"end":{"line":231,"column":36}},"84":{"start":{"line":233,"column":24},"end":{"line":233,"column":34}},"85":{"start":{"line":237,"column":16},"end":{"line":237,"column":null}},"86":{"start":{"line":250,"column":8},"end":{"line":263,"column":11}},"87":{"start":{"line":251,"column":12},"end":{"line":262,"column":null}},"88":{"start":{"line":252,"column":28},"end":{"line":252,"column":77}},"89":{"start":{"line":253,"column":16},"end":{"line":259,"column":19}},"90":{"start":{"line":254,"column":20},"end":{"line":258,"column":null}},"91":{"start":{"line":255,"column":24},"end":{"line":255,"column":36}},"92":{"start":{"line":257,"column":24},"end":{"line":257,"column":34}},"93":{"start":{"line":261,"column":16},"end":{"line":261,"column":null}},"94":{"start":{"line":273,"column":8},"end":{"line":286,"column":11}},"95":{"start":{"line":274,"column":12},"end":{"line":285,"column":null}},"96":{"start":{"line":275,"column":28},"end":{"line":275,"column":75}},"97":{"start":{"line":276,"column":16},"end":{"line":282,"column":19}},"98":{"start":{"line":277,"column":20},"end":{"line":281,"column":null}},"99":{"start":{"line":278,"column":24},"end":{"line":278,"column":36}},"100":{"start":{"line":280,"column":24},"end":{"line":280,"column":34}},"101":{"start":{"line":284,"column":16},"end":{"line":284,"column":null}},"102":{"start":{"line":296,"column":8},"end":{"line":309,"column":11}},"103":{"start":{"line":297,"column":12},"end":{"line":308,"column":null}},"104":{"start":{"line":298,"column":28},"end":{"line":298,"column":69}},"105":{"start":{"line":299,"column":16},"end":{"line":305,"column":19}},"106":{"start":{"line":300,"column":20},"end":{"line":304,"column":null}},"107":{"start":{"line":301,"column":24},"end":{"line":301,"column":36}},"108":{"start":{"line":303,"column":24},"end":{"line":303,"column":34}},"109":{"start":{"line":307,"column":16},"end":{"line":307,"column":null}},"110":{"start":{"line":322,"column":8},"end":{"line":335,"column":null}},"111":{"start":{"line":323,"column":12},"end":{"line":334,"column":null}},"112":{"start":{"line":324,"column":28},"end":{"line":324,"column":85}},"113":{"start":{"line":325,"column":16},"end":{"line":331,"column":19}},"114":{"start":{"line":326,"column":20},"end":{"line":330,"column":null}},"115":{"start":{"line":327,"column":24},"end":{"line":327,"column":36}},"116":{"start":{"line":329,"column":24},"end":{"line":329,"column":34}},"117":{"start":{"line":333,"column":16},"end":{"line":333,"column":null}},"118":{"start":{"line":344,"column":8},"end":{"line":365,"column":11}},"119":{"start":{"line":345,"column":12},"end":{"line":363,"column":null}},"120":{"start":{"line":346,"column":44},"end":{"line":346,"column":74}},"121":{"start":{"line":347,"column":41},"end":{"line":347,"column":60}},"122":{"start":{"line":349,"column":16},"end":{"line":360,"column":19}},"123":{"start":{"line":350,"column":20},"end":{"line":352,"column":null}},"124":{"start":{"line":351,"column":24},"end":{"line":351,"column":43}},"125":{"start":{"line":354,"column":20},"end":{"line":359,"column":23}},"126":{"start":{"line":355,"column":24},"end":{"line":357,"column":null}},"127":{"start":{"line":356,"column":28},"end":{"line":356,"column":47}},"128":{"start":{"line":358,"column":24},"end":{"line":358,"column":34}},"129":{"start":{"line":362,"column":16},"end":{"line":362,"column":null}},"130":{"start":{"line":374,"column":8},"end":{"line":406,"column":11}},"131":{"start":{"line":375,"column":12},"end":{"line":404,"column":null}},"132":{"start":{"line":377,"column":28},"end":{"line":377,"column":199}},"133":{"start":{"line":378,"column":16},"end":{"line":401,"column":null}},"134":{"start":{"line":379,"column":20},"end":{"line":381,"column":null}},"135":{"start":{"line":380,"column":24},"end":{"line":380,"column":43}},"136":{"start":{"line":383,"column":20},"end":{"line":385,"column":null}},"137":{"start":{"line":384,"column":24},"end":{"line":384,"column":43}},"138":{"start":{"line":387,"column":36},"end":{"line":387,"column":59}},"139":{"start":{"line":388,"column":20},"end":{"line":399,"column":23}},"140":{"start":{"line":390,"column":24},"end":{"line":392,"column":null}},"141":{"start":{"line":391,"column":28},"end":{"line":391,"column":null}},"142":{"start":{"line":393,"column":37},"end":{"line":393,"column":60}},"143":{"start":{"line":395,"column":24},"end":{"line":398,"column":null}},"144":{"start":{"line":396,"column":44},"end":{"line":396,"column":123}},"145":{"start":{"line":397,"column":28},"end":{"line":397,"column":56}},"146":{"start":{"line":400,"column":20},"end":{"line":400,"column":58}},"147":{"start":{"line":403,"column":16},"end":{"line":403,"column":null}},"148":{"start":{"line":413,"column":0},"end":{"line":413,"column":null}}},"fnMap":{"0":{"name":"(anonymous_1)","decl":{"start":{"line":21,"column":11},"end":{"line":21,"column":34}},"loc":{"start":{"line":21,"column":51},"end":{"line":52,"column":5}}},"1":{"name":"(anonymous_2)","decl":{"start":{"line":22,"column":27},"end":{"line":22,"column":28}},"loc":{"start":{"line":22,"column":47},"end":{"line":51,"column":9}}},"2":{"name":"(anonymous_3)","decl":{"start":{"line":26,"column":45},"end":{"line":26,"column":46}},"loc":{"start":{"line":26,"column":156},"end":{"line":47,"column":17}}},"3":{"name":"(anonymous_4)","decl":{"start":{"line":36,"column":61},"end":{"line":36,"column":62}},"loc":{"start":{"line":36,"column":155},"end":{"line":46,"column":21}}},"4":{"name":"(anonymous_5)","decl":{"start":{"line":43,"column":57},"end":{"line":43,"column":60}},"loc":{"start":{"line":43,"column":64},"end":{"line":43,"column":143}}},"5":{"name":"(anonymous_6)","decl":{"start":{"line":62,"column":11},"end":{"line":62,"column":21}},"loc":{"start":{"line":62,"column":38},"end":{"line":77,"column":5}}},"6":{"name":"(anonymous_7)","decl":{"start":{"line":63,"column":27},"end":{"line":63,"column":28}},"loc":{"start":{"line":63,"column":47},"end":{"line":76,"column":9}}},"7":{"name":"(anonymous_8)","decl":{"start":{"line":66,"column":51},"end":{"line":66,"column":61}},"loc":{"start":{"line":66,"column":64},"end":{"line":72,"column":17}}},"8":{"name":"(anonymous_9)","decl":{"start":{"line":85,"column":11},"end":{"line":85,"column":35}},"loc":{"start":{"line":85,"column":65},"end":{"line":101,"column":5}}},"9":{"name":"(anonymous_10)","decl":{"start":{"line":86,"column":27},"end":{"line":86,"column":28}},"loc":{"start":{"line":86,"column":47},"end":{"line":100,"column":9}}},"10":{"name":"(anonymous_11)","decl":{"start":{"line":89,"column":45},"end":{"line":89,"column":55}},"loc":{"start":{"line":89,"column":58},"end":{"line":96,"column":17}}},"11":{"name":"(anonymous_12)","decl":{"start":{"line":108,"column":11},"end":{"line":108,"column":27}},"loc":{"start":{"line":108,"column":60},"end":{"line":125,"column":5}}},"12":{"name":"(anonymous_13)","decl":{"start":{"line":109,"column":27},"end":{"line":109,"column":28}},"loc":{"start":{"line":109,"column":47},"end":{"line":123,"column":9}}},"13":{"name":"(anonymous_14)","decl":{"start":{"line":112,"column":93},"end":{"line":112,"column":103}},"loc":{"start":{"line":112,"column":106},"end":{"line":118,"column":17}}},"14":{"name":"(anonymous_15)","decl":{"start":{"line":132,"column":11},"end":{"line":132,"column":26}},"loc":{"start":{"line":132,"column":56},"end":{"line":148,"column":5}}},"15":{"name":"(anonymous_16)","decl":{"start":{"line":133,"column":27},"end":{"line":133,"column":28}},"loc":{"start":{"line":133,"column":47},"end":{"line":147,"column":9}}},"16":{"name":"(anonymous_17)","decl":{"start":{"line":136,"column":45},"end":{"line":136,"column":55}},"loc":{"start":{"line":136,"column":58},"end":{"line":143,"column":17}}},"17":{"name":"(anonymous_18)","decl":{"start":{"line":156,"column":11},"end":{"line":156,"column":32}},"loc":{"start":{"line":156,"column":49},"end":{"line":193,"column":5}}},"18":{"name":"(anonymous_19)","decl":{"start":{"line":157,"column":27},"end":{"line":157,"column":28}},"loc":{"start":{"line":157,"column":47},"end":{"line":192,"column":9}}},"19":{"name":"(anonymous_20)","decl":{"start":{"line":161,"column":40},"end":{"line":161,"column":41}},"loc":{"start":{"line":161,"column":54},"end":{"line":187,"column":17}}},"20":{"name":"(anonymous_21)","decl":{"start":{"line":171,"column":33},"end":{"line":171,"column":34}},"loc":{"start":{"line":171,"column":197},"end":{"line":185,"column":21}}},"21":{"name":"(anonymous_22)","decl":{"start":{"line":201,"column":11},"end":{"line":201,"column":35}},"loc":{"start":{"line":201,"column":65},"end":{"line":216,"column":5}}},"22":{"name":"(anonymous_23)","decl":{"start":{"line":202,"column":27},"end":{"line":202,"column":28}},"loc":{"start":{"line":202,"column":47},"end":{"line":215,"column":9}}},"23":{"name":"(anonymous_24)","decl":{"start":{"line":205,"column":45},"end":{"line":205,"column":55}},"loc":{"start":{"line":205,"column":58},"end":{"line":211,"column":17}}},"24":{"name":"(anonymous_25)","decl":{"start":{"line":225,"column":11},"end":{"line":225,"column":32}},"loc":{"start":{"line":225,"column":62},"end":{"line":241,"column":5}}},"25":{"name":"(anonymous_26)","decl":{"start":{"line":226,"column":27},"end":{"line":226,"column":28}},"loc":{"start":{"line":226,"column":47},"end":{"line":240,"column":9}}},"26":{"name":"(anonymous_27)","decl":{"start":{"line":229,"column":45},"end":{"line":229,"column":55}},"loc":{"start":{"line":229,"column":58},"end":{"line":235,"column":17}}},"27":{"name":"(anonymous_28)","decl":{"start":{"line":249,"column":11},"end":{"line":249,"column":28}},"loc":{"start":{"line":249,"column":58},"end":{"line":264,"column":5}}},"28":{"name":"(anonymous_29)","decl":{"start":{"line":250,"column":27},"end":{"line":250,"column":28}},"loc":{"start":{"line":250,"column":47},"end":{"line":263,"column":9}}},"29":{"name":"(anonymous_30)","decl":{"start":{"line":253,"column":45},"end":{"line":253,"column":55}},"loc":{"start":{"line":253,"column":58},"end":{"line":259,"column":17}}},"30":{"name":"(anonymous_31)","decl":{"start":{"line":272,"column":11},"end":{"line":272,"column":32}},"loc":{"start":{"line":272,"column":47},"end":{"line":288,"column":5}}},"31":{"name":"(anonymous_32)","decl":{"start":{"line":273,"column":27},"end":{"line":273,"column":28}},"loc":{"start":{"line":273,"column":47},"end":{"line":286,"column":9}}},"32":{"name":"(anonymous_33)","decl":{"start":{"line":276,"column":38},"end":{"line":276,"column":48}},"loc":{"start":{"line":276,"column":51},"end":{"line":282,"column":17}}},"33":{"name":"(anonymous_34)","decl":{"start":{"line":295,"column":11},"end":{"line":295,"column":25}},"loc":{"start":{"line":295,"column":40},"end":{"line":310,"column":5}}},"34":{"name":"(anonymous_35)","decl":{"start":{"line":296,"column":27},"end":{"line":296,"column":28}},"loc":{"start":{"line":296,"column":47},"end":{"line":309,"column":9}}},"35":{"name":"(anonymous_36)","decl":{"start":{"line":299,"column":38},"end":{"line":299,"column":48}},"loc":{"start":{"line":299,"column":51},"end":{"line":305,"column":17}}},"36":{"name":"(anonymous_37)","decl":{"start":{"line":321,"column":11},"end":{"line":321,"column":25}},"loc":{"start":{"line":321,"column":61},"end":{"line":337,"column":5}}},"37":{"name":"(anonymous_38)","decl":{"start":{"line":322,"column":27},"end":{"line":322,"column":28}},"loc":{"start":{"line":322,"column":47},"end":{"line":335,"column":9}}},"38":{"name":"(anonymous_39)","decl":{"start":{"line":325,"column":51},"end":{"line":325,"column":61}},"loc":{"start":{"line":325,"column":64},"end":{"line":331,"column":17}}},"39":{"name":"(anonymous_40)","decl":{"start":{"line":343,"column":4},"end":{"line":343,"column":18}},"loc":{"start":{"line":343,"column":18},"end":{"line":366,"column":5}}},"40":{"name":"(anonymous_41)","decl":{"start":{"line":344,"column":33},"end":{"line":344,"column":34}},"loc":{"start":{"line":344,"column":53},"end":{"line":365,"column":9}}},"41":{"name":"(anonymous_42)","decl":{"start":{"line":349,"column":44},"end":{"line":349,"column":45}},"loc":{"start":{"line":349,"column":66},"end":{"line":360,"column":17}}},"42":{"name":"(anonymous_43)","decl":{"start":{"line":354,"column":45},"end":{"line":354,"column":46}},"loc":{"start":{"line":354,"column":67},"end":{"line":359,"column":21}}},"43":{"name":"(anonymous_44)","decl":{"start":{"line":373,"column":4},"end":{"line":373,"column":15}},"loc":{"start":{"line":373,"column":15},"end":{"line":407,"column":5}}},"44":{"name":"(anonymous_45)","decl":{"start":{"line":374,"column":27},"end":{"line":374,"column":28}},"loc":{"start":{"line":374,"column":47},"end":{"line":406,"column":9}}},"45":{"name":"(anonymous_46)","decl":{"start":{"line":378,"column":28},"end":{"line":378,"column":29}},"loc":{"start":{"line":378,"column":42},"end":{"line":401,"column":17}}},"46":{"name":"(anonymous_47)","decl":{"start":{"line":388,"column":33},"end":{"line":388,"column":34}},"loc":{"start":{"line":388,"column":197},"end":{"line":399,"column":21}}}},"branchMap":{"0":{"loc":{"start":{"line":27,"column":20},"end":{"line":29,"column":null}},"type":"if","locations":[{"start":{"line":27,"column":20},"end":{"line":29,"column":null}}]},"1":{"loc":{"start":{"line":30,"column":20},"end":{"line":32,"column":null}},"type":"if","locations":[{"start":{"line":30,"column":20},"end":{"line":32,"column":null}}]},"2":{"loc":{"start":{"line":37,"column":24},"end":{"line":39,"column":null}},"type":"if","locations":[{"start":{"line":37,"column":24},"end":{"line":39,"column":null}}]},"3":{"loc":{"start":{"line":40,"column":24},"end":{"line":42,"column":null}},"type":"if","locations":[{"start":{"line":40,"column":24},"end":{"line":42,"column":null}}]},"4":{"loc":{"start":{"line":67,"column":20},"end":{"line":71,"column":null}},"type":"if","locations":[{"start":{"line":67,"column":20},"end":{"line":71,"column":null}},{"start":{"line":69,"column":27},"end":{"line":71,"column":null}}]},"5":{"loc":{"start":{"line":90,"column":20},"end":{"line":94,"column":null}},"type":"if","locations":[{"start":{"line":90,"column":20},"end":{"line":94,"column":null}},{"start":{"line":92,"column":27},"end":{"line":94,"column":null}}]},"6":{"loc":{"start":{"line":113,"column":20},"end":{"line":117,"column":null}},"type":"if","locations":[{"start":{"line":113,"column":20},"end":{"line":117,"column":null}},{"start":{"line":115,"column":27},"end":{"line":117,"column":null}}]},"7":{"loc":{"start":{"line":137,"column":20},"end":{"line":142,"column":null}},"type":"if","locations":[{"start":{"line":137,"column":20},"end":{"line":142,"column":null}},{"start":{"line":139,"column":27},"end":{"line":142,"column":null}}]},"8":{"loc":{"start":{"line":162,"column":20},"end":{"line":164,"column":null}},"type":"if","locations":[{"start":{"line":162,"column":20},"end":{"line":164,"column":null}}]},"9":{"loc":{"start":{"line":166,"column":20},"end":{"line":168,"column":null}},"type":"if","locations":[{"start":{"line":166,"column":20},"end":{"line":168,"column":null}}]},"10":{"loc":{"start":{"line":173,"column":24},"end":{"line":175,"column":null}},"type":"if","locations":[{"start":{"line":173,"column":24},"end":{"line":175,"column":null}}]},"11":{"loc":{"start":{"line":178,"column":24},"end":{"line":181,"column":null}},"type":"if","locations":[{"start":{"line":178,"column":24},"end":{"line":181,"column":null}}]},"12":{"loc":{"start":{"line":206,"column":20},"end":{"line":210,"column":null}},"type":"if","locations":[{"start":{"line":206,"column":20},"end":{"line":210,"column":null}},{"start":{"line":208,"column":27},"end":{"line":210,"column":null}}]},"13":{"loc":{"start":{"line":230,"column":20},"end":{"line":234,"column":null}},"type":"if","locations":[{"start":{"line":230,"column":20},"end":{"line":234,"column":null}},{"start":{"line":232,"column":27},"end":{"line":234,"column":null}}]},"14":{"loc":{"start":{"line":254,"column":20},"end":{"line":258,"column":null}},"type":"if","locations":[{"start":{"line":254,"column":20},"end":{"line":258,"column":null}},{"start":{"line":256,"column":27},"end":{"line":258,"column":null}}]},"15":{"loc":{"start":{"line":277,"column":20},"end":{"line":281,"column":null}},"type":"if","l
[...]
,"column":60}},{"start":{"line":197,"column":64},"end":{"line":197,"column":94}}]},"25":{"loc":{"start":{"line":226,"column":20},"end":{"line":226,"column":70}},"type":"cond-expr","locations":[{"start":{"line":226,"column":40},"end":{"line":226,"column":58}},{"start":{"line":226,"column":61},"end":{"line":226,"column":70}}]},"26":{"loc":{"start":{"line":227,"column":21},"end":{"line":227,"column":71}},"type":"cond-expr","locations":[{"start":{"line":227,"column":41},"end":{"line":227,"column":59}},{"start":{"line":227,"column":62},"end":{"line":227,"column":71}}]},"27":{"loc":{"start":{"line":228,"column":21},"end":{"line":228,"column":64}},"type":"cond-expr","locations":[{"start":{"line":228,"column":37},"end":{"line":228,"column":52}},{"start":{"line":228,"column":55},"end":{"line":228,"column":64}}]}},"s":{"0":12,"1":12,"2":12,"3":12,"4":12,"5":12,"6":12,"7":12,"8":12,"9":12,"10":12,"11":12,"12":12,"13":12,"14":121,"15":121,"16":118,"17":3,"18":149,"19":149,"20":149,"21":149,"22":4,"23":145,"24":4,"25":141,"26":6,"27":135,"28":6,"29":129,"30":126,"31":4,"32":122,"33":3,"34":122,"35":1,"36":121,"37":12,"38":4,"39":4,"40":4,"41":3,"42":1,"43":27,"44":27,"45":27,"46":7,"47":20,"48":16,"49":4,"50":12,"51":12,"52":4,"53":8,"54":0,"55":4,"56":12,"57":26,"58":26,"59":26,"60":12,"61":14,"62":38,"63":38,"64":38,"65":7,"66":31,"67":5,"68":26,"69":12,"70":78,"71":53,"72":25,"73":12,"74":31,"75":9,"76":22,"77":12,"78":6,"79":5,"80":1,"81":12,"82":9,"83":5,"84":4,"85":12},"f":{"0":12,"1":12,"2":12,"3":121,"4":118,"5":3,"6":149,"7":4,"8":3,"9":1,"10":27,"11":26,"12":12,"13":14,"14":38,"15":78,"16":53,"17":25,"18":31,"19":9,"20":22,"21":6,"22":5,"23":1,"24":9,"25":5,"26":4},"b":{"0":[4],"1":[149,146,145],"2":[4],"3":[145,144,144],"4":[6],"5":[141,139],"6":[6],"7":[135,133],"8":[126],"9":[4],"10":[126,123],"11":[3],"12":[1],"13":[122,122],"14":[7],"15":[27,24],"16":[16],"17":[4],"18":[4],"19":[12,12,12,12,12,11],"20":[0],"21":[7],"22":[38,35],"23":[5],"24":[31,24,20],"25":[61,17],"26":[18,60],"27":[39,39]}}
,"C:\\Users\\Utente\\Desktop\\poli\\materie\\Ingegneria del software\\Progetto\\ezelectronics\\code\\server\\src\\routers\\reviewRoutes.ts": {"path":"C:\\Users\\Utente\\Desktop\\poli\\materie\\Ingegneria del software\\Progetto\\ezelectronics\\code\\server\\src\\routers\\reviewRoutes.ts","statementMap":{"0":{"start":{"line":1,"column":0},"end":{"line":1,"column":41}},"1":{"start":{"line":2,"column":0},"end":{"line":2,"column":36}},"2":{"start":{"line":3,"column":0},"end":{"line":3,"column":54}},"3":{"start":{"line":4,"column":0},"end":{"line":4,"column":62}},"4":{"start":{"line":5,"column":0},"end":{"line":5,"column":34}},"5":{"start":{"line":8,"column":12},"end":{"line":8,"column":21}},"6":{"start":{"line":9,"column":22},"end":{"line":9,"column":44}},"7":{"start":{"line":18,"column":8},"end":{"line":18,"column":null}},"8":{"start":{"line":19,"column":8},"end":{"line":19,"column":null}},"9":{"start":{"line":20,"column":8},"end":{"line":20,"column":null}},"10":{"start":{"line":21,"column":8},"end":{"line":21,"column":null}},"11":{"start":{"line":22,"column":8},"end":{"line":22,"column":null}},"12":{"start":{"line":26,"column":8},"end":{"line":26,"column":null}},"13":{"start":{"line":40,"column":8},"end":{"line":54,"column":null}},"14":{"start":{"line":48,"column":47},"end":{"line":53,"column":18}},"15":{"start":{"line":49,"column":28},"end":{"line":49,"column":50}},"16":{"start":{"line":52,"column":20},"end":{"line":52,"column":null}},"17":{"start":{"line":62,"column":8},"end":{"line":70,"column":null}},"18":{"start":{"line":67,"column":47},"end":{"line":69,"column":49}},"19":{"start":{"line":68,"column":59},"end":{"line":68,"column":88}},"20":{"start":{"line":69,"column":39},"end":{"line":69,"column":48}},"21":{"start":{"line":78,"column":8},"end":{"line":90,"column":null}},"22":{"start":{"line":84,"column":47},"end":{"line":89,"column":18}},"23":{"start":{"line":85,"column":28},"end":{"line":85,"column":50}},"24":{"start":{"line":88,"column":20},"end":{"line":88,"column":null}},"25":{"start":{"line":98,"column":8},"end":{"line":108,"column":10}},"26":{"start":{"line":104,"column":16},"end":{"line":106,"column":54}},"27":{"start":{"line":105,"column":32},"end":{"line":105,"column":54}},"28":{"start":{"line":106,"column":43},"end":{"line":106,"column":52}},"29":{"start":{"line":112,"column":26},"end":{"line":112,"column":42}},"30":{"start":{"line":114,"column":12},"end":{"line":116,"column":null}},"31":{"start":{"line":115,"column":16},"end":{"line":115,"column":113}},"32":{"start":{"line":117,"column":12},"end":{"line":117,"column":19}},"33":{"start":{"line":126,"column":8},"end":{"line":135,"column":10}},"34":{"start":{"line":131,"column":16},"end":{"line":133,"column":54}},"35":{"start":{"line":132,"column":32},"end":{"line":132,"column":54}},"36":{"start":{"line":133,"column":43},"end":{"line":133,"column":52}},"37":{"start":{"line":139,"column":0},"end":{"line":139,"column":28}}},"fnMap":{"0":{"name":"(anonymous_1)","decl":{"start":{"line":17,"column":4},"end":{"line":17,"column":16}},"loc":{"start":{"line":17,"column":44},"end":{"line":23,"column":5}}},"1":{"name":"(anonymous_2)","decl":{"start":{"line":25,"column":4},"end":{"line":25,"column":13}},"loc":{"start":{"line":25,"column":13},"end":{"line":27,"column":5}}},"2":{"name":"(anonymous_3)","decl":{"start":{"line":29,"column":4},"end":{"line":29,"column":14}},"loc":{"start":{"line":29,"column":14},"end":{"line":136,"column":5}}},"3":{"name":"(anonymous_4)","decl":{"start":{"line":48,"column":12},"end":{"line":48,"column":13}},"loc":{"start":{"line":48,"column":47},"end":{"line":53,"column":18}}},"4":{"name":"(anonymous_5)","decl":{"start":{"line":49,"column":22},"end":{"line":49,"column":25}},"loc":{"start":{"line":49,"column":28},"end":{"line":49,"column":50}}},"5":{"name":"(anonymous_6)","decl":{"start":{"line":50,"column":23},"end":{"line":50,"column":24}},"loc":{"start":{"line":50,"column":38},"end":{"line":53,"column":17}}},"6":{"name":"(anonymous_7)","decl":{"start":{"line":67,"column":12},"end":{"line":67,"column":13}},"loc":{"start":{"line":67,"column":47},"end":{"line":69,"column":49}}},"7":{"name":"(anonymous_8)","decl":{"start":{"line":68,"column":22},"end":{"line":68,"column":23}},"loc":{"start":{"line":68,"column":59},"end":{"line":68,"column":88}}},"8":{"name":"(anonymous_9)","decl":{"start":{"line":69,"column":23},"end":{"line":69,"column":24}},"loc":{"start":{"line":69,"column":39},"end":{"line":69,"column":48}}},"9":{"name":"(anonymous_10)","decl":{"start":{"line":84,"column":12},"end":{"line":84,"column":13}},"loc":{"start":{"line":84,"column":47},"end":{"line":89,"column":18}}},"10":{"name":"(anonymous_11)","decl":{"start":{"line":85,"column":22},"end":{"line":85,"column":25}},"loc":{"start":{"line":85,"column":28},"end":{"line":85,"column":50}}},"11":{"name":"(anonymous_12)","decl":{"start":{"line":86,"column":23},"end":{"line":86,"column":24}},"loc":{"start":{"line":86,"column":38},"end":{"line":89,"column":17}}},"12":{"name":"(anonymous_13)","decl":{"start":{"line":103,"column":12},"end":{"line":103,"column":13}},"loc":{"start":{"line":103,"column":46},"end":{"line":107,"column":13}}},"13":{"name":"(anonymous_14)","decl":{"start":{"line":105,"column":26},"end":{"line":105,"column":29}},"loc":{"start":{"line":105,"column":32},"end":{"line":105,"column":54}}},"14":{"name":"(anonymous_15)","decl":{"start":{"line":106,"column":27},"end":{"line":106,"column":28}},"loc":{"start":{"line":106,"column":43},"end":{"line":106,"column":52}}},"15":{"name":"validateProductModelMiddleware","decl":{"start":{"line":111,"column":17},"end":{"line":111,"column":47}},"loc":{"start":{"line":111,"column":77},"end":{"line":118,"column":9}}},"16":{"name":"(anonymous_17)","decl":{"start":{"line":130,"column":12},"end":{"line":130,"column":13}},"loc":{"start":{"line":130,"column":46},"end":{"line":134,"column":13}}},"17":{"name":"(anonymous_18)","decl":{"start":{"line":132,"column":26},"end":{"line":132,"column":29}},"loc":{"start":{"line":132,"column":32},"end":{"line":132,"column":54}}},"18":{"name":"(anonymous_19)","decl":{"start":{"line":133,"column":27},"end":{"line":133,"column":28}},"loc":{"start":{"line":133,"column":43},"end":{"line":133,"column":52}}}},"branchMap":{"0":{"loc":{"start":{"line":114,"column":12},"end":{"line":116,"column":null}},"type":"if","locations":[{"start":{"line":114,"column":12},"end":{"line":116,"column":null}}]},"1":{"loc":{"start":{"line":114,"column":16},"end":{"line":114,"column":80}},"type":"binary-expr","locations":[{"start":{"line":114,"column":16},"end":{"line":114,"column":22}},{"start":{"line":114,"column":26},"end":{"line":114,"column":51}},{"start":{"line":114,"column":55},"end":{"line":114,"column":80}}]}},"s":{"0":12,"1":12,"2":12,"3":12,"4":12,"5":12,"6":12,"7":12,"8":12,"9":12,"10":12,"11":12,"12":12,"13":12,"14":19,"15":15,"16":4,"17":12,"18":23,"19":20,"20":3,"21":12,"22":10,"23":3,"24":7,"25":12,"26":8,"27":4,"28":4,"29":8,"30":8,"31":0,"32":8,"33":12,"34":6,"35":5,"36":1,"37":12},"f":{"0":12,"1":12,"2":12,"3":19,"4":15,"5":4,"6":23,"7":20,"8":3,"9":10,"10":3,"11":7,"12":8,"13":4,"14":4,"15":8,"16":6,"17":5,"18":1},"b":{"0":[0],"1":[8,8,8]}}
,"C:\\Users\\Utente\\Desktop\\poli\\materie\\Ingegneria del software\\Progetto\\ezelectronics\\code\\server\\src\\routers\\userRoutes.ts": {"path":"C:\\Users\\Utente\\Desktop\\poli\\materie\\Ingegneria del software\\Progetto\\ezelectronics\\code\\server\\src\\routers\\userRoutes.ts","statementMap":{"0":{"start":{"line":1,"column":0},"end":{"line":1,"column":41}},"1":{"start":{"line":3,"column":0},"end":{"line":3,"column":72}},"2":{"start":{"line":5,"column":0},"end":{"line":5,"column":36}},"3":{"start":{"line":6,"column":0},"end":{"line":6,"column":58}},"4":{"start":{"line":22,"column":8},"end":{"line":22,"column":null}},"5":{"start":{"line":23,"column":8},"end":{"line":23,"column":null}},"6":{"start":{"line":24,"column":8},"end":{"line":24,"column":null}},"7":{"start":{"line":25,"column":8},"end":{"line":25,"column":null}},"8":{"start":{"line":26,"column":8},"end":{"line":26,"column":null}},"9":{"start":{"line":34,"column":8},"end":{"line":34,"column":null}},"10":{"start":{"line":57,"column":8},"end":{"line":78,"column":12}},"11":{"start":{"line":66,"column":14},"end":{"line":77,"column":18}},"12":{"start":{"line":74,"column":28},"end":{"line":74,"column":49}},"13":{"start":{"line":76,"column":20},"end":{"line":76,"column":30}},"14":{"start":{"line":85,"column":8},"end":{"line":91,"column":null}},"15":{"start":{"line":88,"column":47},"end":{"line":90,"column":42}},"16":{"start":{"line":89,"column":42},"end":{"line":89,"column":69}},"17":{"start":{"line":90,"column":32},"end":{"line":90,"column":41}},"18":{"start":{"line":99,"column":8},"end":{"line":107,"column":null}},"19":{"start":{"line":104,"column":47},"end":{"line":106,"column":42}},"20":{"start":{"line":105,"column":42},"end":{"line":105,"column":69}},"21":{"start":{"line":106,"column":32},"end":{"line":106,"column":41}},"22":{"start":{"line":115,"column":8},"end":{"line":123,"column":null}},"23":{"start":{"line":120,"column":47},"end":{"line":122,"column":42}},"24":{"start":{"line":121,"column":48},"end":{"line":121,"column":74}},"25":{"start":{"line":122,"column":32},"end":{"line":122,"column":41}},"26":{"start":{"line":131,"column":8},"end":{"line":139,"column":null}},"27":{"start":{"line":136,"column":47},"end":{"line":138,"column":47}},"28":{"start":{"line":137,"column":28},"end":{"line":137,"column":49}},"29":{"start":{"line":138,"column":37},"end":{"line":138,"column":46}},"30":{"start":{"line":146,"column":8},"end":{"line":152,"column":null}},"31":{"start":{"line":149,"column":47},"end":{"line":151,"column":47}},"32":{"start":{"line":150,"column":28},"end":{"line":150,"column":49}},"33":{"start":{"line":151,"column":37},"end":{"line":151,"column":46}},"34":{"start":{"line":165,"column":8},"end":{"line":183,"column":null}},"35":{"start":{"line":178,"column":16},"end":{"line":182,"column":19}},"36":{"start":{"line":179,"column":48},"end":{"line":179,"column":74}},"37":{"start":{"line":181,"column":20},"end":{"line":181,"column":null}},"38":{"start":{"line":265,"column":9},"end":{"line":265,"column":19}},"39":{"start":{"line":201,"column":8},"end":{"line":201,"column":null}},"40":{"start":{"line":202,"column":8},"end":{"line":202,"column":null}},"41":{"start":{"line":203,"column":8},"end":{"line":203,"column":39}},"42":{"start":{"line":204,"column":8},"end":{"line":204,"column":26}},"43":{"start":{"line":208,"column":8},"end":{"line":208,"column":null}},"44":{"start":{"line":229,"column":8},"end":{"line":237,"column":null}},"45":{"start":{"line":234,"column":32},"end":{"line":236,"column":67}},"46":{"start":{"line":235,"column":38},"end":{"line":235,"column":64}},"47":{"start":{"line":236,"column":39},"end":{"line":236,"column":65}},"48":{"start":{"line":244,"column":8},"end":{"line":250,"column":null}},"49":{"start":{"line":247,"column":32},"end":{"line":249,"column":47}},"50":{"start":{"line":248,"column":28},"end":{"line":248,"column":49}},"51":{"start":{"line":249,"column":37},"end":{"line":249,"column":46}},"52":{"start":{"line":257,"column":8},"end":{"line":261,"column":null}},"53":{"start":{"line":260,"column":36},"end":{"line":260,"column":66}},"54":{"start":{"line":265,"column":21},"end":{"line":265,"column":31}}},"fnMap":{"0":{"name":"(anonymous_1)","decl":{"start":{"line":21,"column":4},"end":{"line":21,"column":16}},"loc":{"start":{"line":21,"column":44},"end":{"line":27,"column":5}}},"1":{"name":"(anonymous_2)","decl":{"start":{"line":33,"column":4},"end":{"line":33,"column":13}},"loc":{"start":{"line":33,"column":13},"end":{"line":35,"column":5}}},"2":{"name":"(anonymous_3)","decl":{"start":{"line":44,"column":4},"end":{"line":44,"column":14}},"loc":{"start":{"line":44,"column":14},"end":{"line":185,"column":5}}},"3":{"name":"(anonymous_4)","decl":{"start":{"line":65,"column":12},"end":{"line":65,"column":13}},"loc":{"start":{"line":66,"column":14},"end":{"line":77,"column":18}}},"4":{"name":"(anonymous_5)","decl":{"start":{"line":74,"column":22},"end":{"line":74,"column":25}},"loc":{"start":{"line":74,"column":28},"end":{"line":74,"column":49}}},"5":{"name":"(anonymous_6)","decl":{"start":{"line":75,"column":23},"end":{"line":75,"column":24}},"loc":{"start":{"line":75,"column":31},"end":{"line":77,"column":17}}},"6":{"name":"(anonymous_7)","decl":{"start":{"line":88,"column":12},"end":{"line":88,"column":13}},"loc":{"start":{"line":88,"column":47},"end":{"line":90,"column":42}}},"7":{"name":"(anonymous_8)","decl":{"start":{"line":89,"column":22},"end":{"line":89,"column":23}},"loc":{"start":{"line":89,"column":42},"end":{"line":89,"column":69}}},"8":{"name":"(anonymous_9)","decl":{"start":{"line":90,"column":23},"end":{"line":90,"column":24}},"loc":{"start":{"line":90,"column":32},"end":{"line":90,"column":41}}},"9":{"name":"(anonymous_10)","decl":{"start":{"line":104,"column":12},"end":{"line":104,"column":13}},"loc":{"start":{"line":104,"column":47},"end":{"line":106,"column":42}}},"10":{"name":"(anonymous_11)","decl":{"start":{"line":105,"column":22},"end":{"line":105,"column":23}},"loc":{"start":{"line":105,"column":42},"end":{"line":105,"column":69}}},"11":{"name":"(anonymous_12)","decl":{"start":{"line":106,"column":23},"end":{"line":106,"column":24}},"loc":{"start":{"line":106,"column":32},"end":{"line":106,"column":41}}},"12":{"name":"(anonymous_13)","decl":{"start":{"line":120,"column":12},"end":{"line":120,"column":13}},"loc":{"start":{"line":120,"column":47},"end":{"line":122,"column":42}}},"13":{"name":"(anonymous_14)","decl":{"start":{"line":121,"column":22},"end":{"line":121,"column":23}},"loc":{"start":{"line":121,"column":48},"end":{"line":121,"column":74}}},"14":{"name":"(anonymous_15)","decl":{"start":{"line":122,"column":23},"end":{"line":122,"column":24}},"loc":{"start":{"line":122,"column":32},"end":{"line":122,"column":41}}},"15":{"name":"(anonymous_16)","decl":{"start":{"line":136,"column":12},"end":{"line":136,"column":13}},"loc":{"start":{"line":136,"column":47},"end":{"line":138,"column":47}}},"16":{"name":"(anonymous_17)","decl":{"start":{"line":137,"column":22},"end":{"line":137,"column":25}},"loc":{"start":{"line":137,"column":28},"end":{"line":137,"column":49}}},"17":{"name":"(anonymous_18)","decl":{"start":{"line":138,"column":23},"end":{"line":138,"column":24}},"loc":{"start":{"line":138,"column":37},"end":{"line":138,"column":46}}},"18":{"name":"(anonymous_19)","decl":{"start":{"line":149,"column":12},"end":{"line":149,"column":13}},"loc":{"start":{"line":149,"column":47},"end":{"line":151,"column":47}}},"19":{"name":"(anonymous_20)","decl":{"start":{"line":150,"column":22},"end":{"line":150,"column":25}},"loc":{"start":{"line":150,"column":28},"end":{"line":150,"column":49}}},"20":{"name":"(anonymous_21)","decl":{"start":{"line":151,"column":23},"end":{"line":151,"column":24}},"loc":{"start":{"line":151,"column":37},"end":{"line":151,"column":46}}},"21":{"name":"(anonymous_22)","decl":{"start":{"line":176,"column":12},"end":{"line":176,"column":13}},"loc":{"start":{"line":176,"column":46},"end":{"line":182,"column":19}}},"22":{"name":"(anonymous_23)","decl":{"start":{"line":179,"column":22},"end":{"line":179,"column":23}},"loc":{"start":{"line":179,"column":48},"end":{"line":179,"column":74}}},"23":{"name":"(anonymous_24)","decl":{"start":{"line":180,"column":23},"end":{"line":180,"column":24}},"loc":{"start":{"line":180,"column":36},"end":{"line":182,"column":17}}},"24":{"name":"(anonymous_25)","decl":{"start":{"line":200,"column":4},"end":{"line":200,"column":16}},"loc":{"start":{"line":200,"column":44},"end":{"line":205,"column":5}}},"25":{"name":"(anonymous_26)","decl":{"start":{"line":207,"column":4},"end":{"line":207,"column":13}},"loc":{"start":{"line":207,"column":13},"end":{"line":209,"column":5}}},"26":{"name":"(anonymous_27)","decl":{"start":{"line":218,"column":4},"end":{"line":218,"column":14}},"loc":{"start":{"line":218,"column":14},"end":{"line":262,"column":5}}},"27":{"name":"(anonymous_28)","decl":{"start":{"line":234,"column":12},"end":{"line":234,"column":13}},"loc":{"start":{"line":234,"column":32},"end":{"line":236,"column":67}}},"28":{"name":"(anonymous_29)","decl":{"start":{"line":235,"column":22},"end":{"line":235,"column":23}},"loc":{"start":{"line":235,"column":38},"end":{"line":235,"column":64}}},"29":{"name":"(anonymous_30)","decl":{"start":{"line":236,"column":23},"end":{"line":236,"column":24}},"loc":{"start":{"line":236,"column":36},"end":{"line":236,"column":66}}},"30":{"name":"(anonymous_31)","decl":{"start":{"line":247,"column":12},"end":{"line":247,"column":13}},"loc":{"start":{"line":247,"column":32},"end":{"line":249,"column":47}}},"31":{"name":"(anonymous_32)","decl":{"start":{"line":248,"column":22},"end":{"line":248,"column":25}},"loc":{"start":{"line":248,"column":28},"end":{"line":248,"column":49}}},"32":{"name":"(anonymous_33)","decl":{"start":{"line":249,"column":23},"end":{"line":249,"column":24}},"loc":{"start":{"line":249,"column":37},"end":{"line":249,"column":46}}},"33":{"name":"(anonymous_34)","decl":{"start":{"line":260,"column":12},"end":{"line":260,"column":13}},"loc":{"start":{"line":260,"column":36},"end":{"line":260,"column":66}}}},"branchMap":{},"s":{"0":12,"1":12,"2":12,"3":12,"4":12,"5":12,"6":12,"7":12,"8":12,"9":12,"10":12,"11":40,"12":36,"13":4,"14":12,"15":12,"16":11,"17":1,"18":12,"19":6,"20":5,"21":1,"22":12,"23":20,"24":12,"25":8,"26":12,"27":15,"28":7,"29":8,"30":12,"31":4,"32":3,"33":1,"34":12,"35":13,"36":4,"37":9,"38":12,"39":12,"40":12,"41":12,"42":12,"43":12,"44":12,"45":456,"46":451,"47":5,"48":12,"49":7,"50":5,"51":2,"52":12,"53":3,"54":12},"f":{"0":12,"1":12,"2":12,"3":40,"4":36,"5":4,"6":12,"7":11,"8":1,"9":6,"10":5,"11":1,"12":20,"13":12,"14":8,"15":15,"16":7,"17":8,"18":4,"19":3,"20":1,"21":13,"22":4,"23":9,"24":12,"25":12,"26":12,"27":456,"28":451,"29":5,"30":7,"31":5,"32":2,"33":3},"b":{}}
}
