TN:
SF:index.ts
FN:20,(anonymous_1)
FNF:1
FNH:0
FNDA:0,(anonymous_1)
DA:1,12
DA:2,12
DA:3,12
DA:4,12
DA:5,12
DA:7,12
DA:8,12
DA:10,12
DA:12,12
DA:16,12
DA:17,12
DA:18,12
DA:19,12
DA:20,0
DA:21,0
DA:25,12
LF:16
LH:14
BRDA:19,0,0,0
BRF:1
BRH:0
end_of_record
TN:
SF:src\helper.ts
FN:16,(anonymous_0)
FN:20,(anonymous_1)
FN:32,(anonymous_2)
FN:33,(anonymous_3)
FNF:4
FNH:4
FNDA:837,(anonymous_0)
FNDA:53,(anonymous_1)
FNDA:24,(anonymous_2)
FNDA:168,(anonymous_3)
DA:1,12
DA:17,837
DA:18,837
DA:19,42
DA:20,42
DA:21,53
DA:23,42
DA:25,795
DA:33,24
DA:34,168
DA:42,12
LF:11
LH:11
BRDA:18,0,0,42
BRDA:34,1,0,168
BRDA:34,1,1,25
BRDA:35,2,0,168
BRDA:35,2,1,25
BRDA:36,3,0,168
BRDA:36,3,1,25
BRF:7
BRH:7
end_of_record
TN:
SF:src\routes.ts
FN:23,initRoutes
FNF:1
FNH:1
FNDA:12,initRoutes
DA:1,12
DA:2,12
DA:3,12
DA:4,12
DA:5,12
DA:6,12
DA:7,12
DA:11,12
DA:12,12
DA:24,12
DA:25,12
DA:26,12
DA:34,12
DA:35,12
DA:36,12
DA:37,12
DA:38,12
DA:39,12
DA:54,12
DA:55,12
DA:56,12
DA:57,12
DA:58,12
DA:60,12
DA:63,12
LF:25
LH:25
BRF:0
BRH:0
end_of_record
TN:
SF:src\utilities.ts
FN:13,(anonymous_0)
FN:21,(anonymous_1)
FN:25,(anonymous_2)
FN:29,(anonymous_3)
FN:45,(anonymous_4)
FNF:5
FNH:5
FNDA:286,(anonymous_0)
FNDA:147,(anonymous_1)
FNDA:382,(anonymous_2)
FNDA:8,(anonymous_3)
FNDA:3,(anonymous_4)
DA:1,19
DA:2,19
DA:14,286
DA:22,147
DA:26,382
DA:31,8
DA:32,8
DA:33,8
DA:34,2
DA:36,6
DA:46,3
DA:47,3
DA:48,3
DA:52,19
LF:14
LH:14
BRDA:33,0,0,2
BRF:1
BRH:1
end_of_record
TN:
SF:src\components\cart.ts
FN:21,(anonymous_0)
FN:46,(anonymous_1)
FNF:2
FNH:2
FNDA:198,(anonymous_0)
FNDA:139,(anonymous_1)
DA:22,198
DA:23,198
DA:24,198
DA:25,198
DA:26,198
DA:47,139
DA:48,139
DA:49,139
DA:50,139
DA:54,16
LF:10
LH:10
BRF:0
BRH:0
end_of_record
TN:
SF:src\components\product.ts
FN:22,(anonymous_0)
FN:35,(anonymous_1)
FNF:2
FNH:2
FNDA:356,(anonymous_0)
FNDA:25,(anonymous_1)
DA:23,356
DA:24,356
DA:25,356
DA:26,356
DA:27,356
DA:28,356
DA:35,25
DA:36,25
DA:37,25
DA:38,25
DA:41,25
LF:11
LH:11
BRDA:35,0,0,25
BRDA:35,0,1,25
BRF:2
BRH:2
end_of_record
TN:
SF:src\components\review.ts
FN:19,(anonymous_0)
FNF:1
FNH:1
FNDA:54,(anonymous_0)
DA:20,54
DA:21,54
DA:22,54
DA:23,54
DA:24,54
DA:28,17
LF:6
LH:6
BRF:0
BRH:0
end_of_record
TN:
SF:src\components\user.ts
FN:21,(anonymous_0)
FN:35,(anonymous_1)
FNF:2
FNH:2
FNDA:1157,(anonymous_0)
FNDA:27,(anonymous_1)
DA:22,1157
DA:23,1157
DA:24,1157
DA:25,1157
DA:26,1157
DA:27,1157
DA:35,27
DA:36,27
DA:37,27
DA:38,27
DA:41,27
LF:11
LH:11
BRDA:35,0,0,27
BRDA:35,0,1,27
BRF:2
BRH:2
end_of_record
TN:
SF:src\controllers\cartController.ts
FN:19,(anonymous_8)
FN:33,(anonymous_9)
FN:47,(anonymous_11)
FN:66,(anonymous_12)
FN:86,(anonymous_14)
FN:131,(anonymous_16)
FN:147,(anonymous_18)
FN:160,(anonymous_20)
FN:186,(anonymous_21)
FN:211,(anonymous_23)
FN:225,(anonymous_25)
FNF:11
FNH:11
FNDA:60,(anonymous_8)
FNDA:52,(anonymous_9)
FNDA:15,(anonymous_11)
FNDA:19,(anonymous_12)
FNDA:22,(anonymous_14)
FNDA:8,(anonymous_16)
FNDA:22,(anonymous_18)
FNDA:12,(anonymous_20)
FNDA:9,(anonymous_21)
FNDA:8,(anonymous_23)
FNDA:13,(anonymous_25)
DA:2,14
DA:3,14
DA:4,14
DA:5,14
DA:6,14
DA:7,14
DA:8,14
DA:20,60
DA:21,60
DA:22,60
DA:34,52
DA:36,52
DA:37,50
DA:38,3
DA:41,47
DA:43,46
DA:44,28
DA:47,45
DA:48,45
DA:49,7
DA:51,38
DA:53,43
DA:55,42
DA:57,10
DA:67,19
DA:68,19
DA:69,18
DA:70,3
DA:72,15
DA:76,1
DA:88,22
DA:90,22
DA:91,21
DA:92,3
DA:94,18
DA:96,18
DA:97,3
DA:100,15
DA:102,16
DA:103,15
DA:104,4
DA:105,11
DA:106,1
DA:109,10
DA:113,8
DA:114,8
DA:115,7
DA:119,15
DA:132,8
DA:133,8
DA:134,7
DA:136,1
DA:149,22
DA:151,22
DA:154,19
DA:155,18
DA:156,3
DA:158,15
DA:160,15
DA:161,15
DA:162,4
DA:164,11
DA:166,4
DA:169,7
DA:172,9
DA:173,8
DA:176,14
DA:188,9
DA:190,9
DA:191,8
DA:192,3
DA:194,5
DA:196,5
DA:198,4
DA:200,3
DA:202,6
DA:212,8
DA:213,8
DA:214,5
DA:217,3
DA:226,13
DA:227,13
DA:228,10
DA:230,3
DA:235,14
LF:85
LH:85
BRDA:37,0,0,3
BRDA:43,1,0,28
BRDA:48,2,0,7
BRDA:48,2,1,38
BRDA:69,3,0,3
BRDA:69,3,1,15
BRDA:91,4,0,3
BRDA:96,5,0,3
BRDA:103,6,0,4
BRDA:103,6,1,11
BRDA:105,7,0,1
BRDA:105,7,1,10
BRDA:155,8,0,3
BRDA:161,9,0,4
BRDA:164,10,0,4
BRDA:164,10,1,7
BRDA:191,11,0,3
BRF:17
BRH:17
end_of_record
TN:
SF:src\controllers\productController.ts
FN:12,(anonymous_8)
FN:26,(anonymous_9)
FN:51,(anonymous_11)
FN:104,(anonymous_13)
FN:124,(anonymous_15)
FN:169,(anonymous_17)
FN:202,(anonymous_19)
FN:224,(anonymous_20)
FN:239,(anonymous_22)
FNF:9
FNH:9
FNDA:90,(anonymous_8)
FNDA:466,(anonymous_9)
FNDA:6,(anonymous_11)
FNDA:22,(anonymous_13)
FNDA:166,(anonymous_15)
FNDA:26,(anonymous_17)
FNDA:3,(anonymous_19)
FNDA:6,(anonymous_20)
FNDA:9,(anonymous_22)
DA:1,15
DA:2,15
DA:13,90
DA:27,466
DA:29,466
DA:30,466
DA:31,3
DA:35,463
DA:37,463
DA:40,4
DA:56,6
DA:57,0
DA:61,6
DA:62,0
DA:66,6
DA:68,2
DA:69,2
DA:70,0
DA:73,2
DA:74,2
DA:75,0
DA:79,6
DA:81,6
DA:83,5
DA:84,0
DA:88,5
DA:89,0
DA:91,5
DA:93,2
DA:105,22
DA:106,22
DA:108,20
DA:109,1
DA:111,19
DA:112,12
DA:114,10
DA:126,166
DA:127,1
DA:130,165
DA:131,2
DA:135,163
DA:136,14
DA:137,6
DA:142,157
DA:143,132
DA:144,6
DA:150,151
DA:151,126
DA:152,126
DA:153,11
DA:155,115
DA:159,25
DA:171,26
DA:172,2
DA:175,24
DA:176,2
DA:179,22
DA:180,0
DA:184,22
DA:185,9
DA:186,6
DA:191,16
DA:192,11
DA:193,7
DA:199,9
DA:201,4
DA:202,3
DA:203,3
DA:204,0
DA:207,3
DA:211,3
DA:215,5
DA:225,6
DA:226,6
DA:227,5
DA:230,1
DA:240,9
DA:241,9
DA:242,5
DA:244,4
DA:250,15
LF:81
LH:73
BRDA:30,0,0,3
BRDA:30,1,0,466
BRDA:30,1,1,464
BRDA:35,2,0,460
BRDA:35,2,1,3
BRDA:56,3,0,0
BRDA:56,4,0,6
BRDA:56,4,1,6
BRDA:61,5,0,0
BRDA:61,6,0,6
BRDA:61,6,1,6
BRDA:66,7,0,2
BRDA:69,8,0,0
BRDA:74,9,0,0
BRDA:83,10,0,0
BRDA:83,11,0,5
BRDA:83,11,1,5
BRDA:88,12,0,0
BRDA:108,13,0,1
BRDA:126,14,0,1
BRDA:126,15,0,166
BRDA:126,15,1,18
BRDA:126,15,2,17
BRDA:130,16,0,2
BRDA:130,17,0,165
BRDA:130,17,1,148
BRDA:130,17,2,134
BRDA:135,18,0,14
BRDA:136,19,0,6
BRDA:136,20,0,14
BRDA:136,20,1,11
BRDA:136,20,2,10
BRDA:136,20,3,7
BRDA:136,20,4,4
BRDA:142,21,0,132
BRDA:143,22,0,6
BRDA:143,23,0,132
BRDA:143,23,1,128
BRDA:143,23,2,127
BRDA:150,24,0,126
BRDA:152,25,0,11
BRDA:152,26,0,126
BRDA:152,26,1,126
BRDA:171,27,0,2
BRDA:171,28,0,26
BRDA:171,28,1,4
BRDA:171,28,2,2
BRDA:175,29,0,2
BRDA:175,30,0,24
BRDA:175,30,1,22
BRDA:175,30,2,13
BRDA:179,31,0,0
BRDA:179,32,0,22
BRDA:179,32,1,2
BRDA:179,32,2,2
BRDA:184,33,0,9
BRDA:185,34,0,6
BRDA:185,35,0,9
BRDA:185,35,1,6
BRDA:185,35,2,4
BRDA:185,35,3,2
BRDA:185,35,4,1
BRDA:191,36,0,11
BRDA:192,37,0,7
BRDA:192,38,0,11
BRDA:192,38,1,7
BRDA:192,38,2,5
BRDA:199,39,0,4
BRDA:203,40,0,0
BRF:69
BRH:61
end_of_record
TN:
SF:src\controllers\reviewController.ts
FN:14,(anonymous_8)
FN:27,(anonymous_9)
FN:49,(anonymous_11)
FN:65,(anonymous_13)
FN:85,(anonymous_15)
FN:103,(anonymous_17)
FNF:6
FNH:6
FNDA:17,(anonymous_8)
FNDA:19,(anonymous_9)
FNDA:23,(anonymous_11)
FNDA:10,(anonymous_13)
FNDA:6,(anonymous_15)
FNDA:5,(anonymous_17)
DA:1,13
DA:3,13
DA:4,13
DA:5,13
DA:7,13
DA:8,13
DA:15,17
DA:16,17
DA:29,19
DA:30,19
DA:31,2
DA:34,17
DA:35,17
DA:36,2
DA:39,15
DA:40,15
DA:51,23
DA:52,23
DA:53,3
DA:56,20
DA:66,10
DA:67,10
DA:68,3
DA:71,7
DA:72,7
DA:73,4
DA:77,3
DA:86,6
DA:87,6
DA:88,6
DA:89,2
DA:91,4
DA:94,3
DA:104,5
DA:105,5
DA:108,1
DA:113,13
LF:37
LH:37
BRDA:30,0,0,2
BRDA:35,1,0,2
BRDA:52,2,0,3
BRDA:67,3,0,3
BRDA:72,4,0,4
BRDA:88,5,0,2
BRF:6
BRH:6
end_of_record
TN:
SF:src\controllers\userController.ts
FN:13,(anonymous_8)
FN:26,(anonymous_9)
FN:39,(anonymous_11)
FN:54,(anonymous_13)
FN:71,(anonymous_15)
FN:93,(anonymous_17)
FN:118,(anonymous_19)
FN:137,(anonymous_21)
FNF:8
FNH:8
FNDA:50,(anonymous_8)
FNDA:41,(anonymous_9)
FNDA:14,(anonymous_11)
FNDA:9,(anonymous_13)
FNDA:20,(anonymous_15)
FNDA:21,(anonymous_17)
FNDA:5,(anonymous_19)
FNDA:11,(anonymous_21)
DA:1,14
DA:3,14
DA:4,14
DA:14,50
DA:27,41
DA:28,41
DA:29,37
DA:31,4
DA:40,14
DA:41,14
DA:42,13
DA:45,1
DA:55,9
DA:56,9
DA:57,8
DA:59,1
DA:73,20
DA:74,15
DA:75,0
DA:78,15
DA:79,8
DA:80,3
DA:82,12
DA:94,21
DA:96,21
DA:97,17
DA:98,12
DA:100,4
DA:103,8
DA:104,4
DA:108,9
DA:110,12
DA:119,5
DA:120,5
DA:121,4
DA:123,1
DA:140,11
DA:141,5
DA:142,3
DA:146,8
DA:147,2
DA:150,6
DA:151,4
DA:152,0
DA:154,4
DA:158,14
LF:46
LH:44
BRDA:74,0,0,0
BRDA:78,1,0,8
BRDA:79,2,0,3
BRDA:97,3,0,12
BRDA:98,4,0,4
BRDA:103,5,0,4
BRDA:140,6,0,5
BRDA:141,7,0,3
BRDA:146,8,0,2
BRDA:151,9,0,0
BRF:10
BRH:8
end_of_record
TN:
SF:src\dao\cartDAO.ts
FN:21,(anonymous_1)
FN:22,(anonymous_2)
FN:26,(anonymous_3)
FN:36,(anonymous_4)
FN:43,(anonymous_5)
FN:62,(anonymous_6)
FN:63,(anonymous_7)
FN:66,(anonymous_8)
FN:85,(anonymous_9)
FN:86,(anonymous_10)
FN:89,(anonymous_11)
FN:108,(anonymous_12)
FN:109,(anonymous_13)
FN:112,(anonymous_14)
FN:132,(anonymous_15)
FN:133,(anonymous_16)
FN:136,(anonymous_17)
FN:156,(anonymous_18)
FN:157,(anonymous_19)
FN:161,(anonymous_20)
FN:171,(anonymous_21)
FN:201,(anonymous_22)
FN:202,(anonymous_23)
FN:205,(anonymous_24)
FN:225,(anonymous_25)
FN:226,(anonymous_26)
FN:229,(anonymous_27)
FN:249,(anonymous_28)
FN:250,(anonymous_29)
FN:253,(anonymous_30)
FN:272,(anonymous_31)
FN:273,(anonymous_32)
FN:276,(anonymous_33)
FN:295,(anonymous_34)
FN:296,(anonymous_35)
FN:299,(anonymous_36)
FN:321,(anonymous_37)
FN:322,(anonymous_38)
FN:325,(anonymous_39)
FN:343,(anonymous_40)
FN:344,(anonymous_41)
FN:349,(anonymous_42)
FN:354,(anonymous_43)
FN:373,(anonymous_44)
FN:374,(anonymous_45)
FN:378,(anonymous_46)
FN:388,(anonymous_47)
FNF:47
FNH:47
FNDA:91,(anonymous_1)
FNDA:91,(anonymous_2)
FNDA:90,(anonymous_3)
FNDA:53,(anonymous_4)
FNDA:51,(anonymous_5)
FNDA:29,(anonymous_6)
FNDA:29,(anonymous_7)
FNDA:28,(anonymous_8)
FNDA:10,(anonymous_9)
FNDA:10,(anonymous_10)
FNDA:9,(anonymous_11)
FNDA:39,(anonymous_12)
FNDA:39,(anonymous_13)
FNDA:38,(anonymous_14)
FNDA:44,(anonymous_15)
FNDA:44,(anonymous_16)
FNDA:43,(anonymous_17)
FNDA:14,(anonymous_18)
FNDA:14,(anonymous_19)
FNDA:13,(anonymous_20)
FNDA:11,(anonymous_21)
FNDA:8,(anonymous_22)
FNDA:8,(anonymous_23)
FNDA:7,(anonymous_24)
FNDA:11,(anonymous_25)
FNDA:11,(anonymous_26)
FNDA:10,(anonymous_27)
FNDA:11,(anonymous_28)
FNDA:11,(anonymous_29)
FNDA:10,(anonymous_30)
FNDA:8,(anonymous_31)
FNDA:8,(anonymous_32)
FNDA:7,(anonymous_33)
FNDA:7,(anonymous_34)
FNDA:7,(anonymous_35)
FNDA:6,(anonymous_36)
FNDA:11,(anonymous_37)
FNDA:11,(anonymous_38)
FNDA:10,(anonymous_39)
FNDA:9,(anonymous_40)
FNDA:9,(anonymous_41)
FNDA:8,(anonymous_42)
FNDA:6,(anonymous_43)
FNDA:38,(anonymous_44)
FNDA:38,(anonymous_45)
FNDA:37,(anonymous_46)
FNDA:40,(anonymous_47)
DA:1,15
DA:2,15
DA:22,91
DA:23,91
DA:25,91
DA:26,91
DA:27,90
DA:28,1
DA:30,90
DA:31,36
DA:35,54
DA:36,54
DA:37,53
DA:38,1
DA:40,53
DA:41,9
DA:43,52
DA:44,52
DA:49,3
DA:63,29
DA:64,29
DA:65,29
DA:66,29
DA:67,28
DA:68,1
DA:70,27
DA:74,1
DA:86,10
DA:87,10
DA:88,10
DA:89,10
DA:90,9
DA:91,1
DA:93,8
DA:98,1
DA:109,39
DA:110,39
DA:111,39
DA:112,39
DA:113,38
DA:114,1
DA:116,37
DA:120,1
DA:133,44
DA:134,44
DA:135,44
DA:136,44
DA:137,43
DA:138,1
DA:141,42
DA:145,1
DA:157,14
DA:158,14
DA:160,14
DA:161,14
DA:162,13
DA:163,1
DA:166,12
DA:167,5
DA:170,7
DA:171,7
DA:173,11
DA:174,8
DA:176,11
DA:178,11
DA:179,11
DA:180,11
DA:186,7
DA:189,1
DA:202,8
DA:203,8
DA:204,8
DA:205,8
DA:206,7
DA:207,1
DA:209,6
DA:213,1
DA:226,11
DA:227,11
DA:228,11
DA:229,11
DA:230,10
DA:231,1
DA:233,9
DA:237,1
DA:250,11
DA:251,11
DA:252,11
DA:253,11
DA:254,10
DA:255,1
DA:257,9
DA:261,1
DA:273,8
DA:274,8
DA:275,8
DA:276,8
DA:277,7
DA:278,1
DA:280,6
DA:284,1
DA:296,7
DA:297,7
DA:298,7
DA:299,7
DA:300,6
DA:301,1
DA:303,5
DA:307,1
DA:322,11
DA:323,11
DA:324,11
DA:325,11
DA:326,10
DA:327,1
DA:329,9
DA:333,1
DA:344,9
DA:345,9
DA:346,9
DA:347,9
DA:349,9
DA:350,8
DA:351,1
DA:354,7
DA:355,6
DA:356,1
DA:358,5
DA:362,2
DA:374,38
DA:375,38
DA:377,38
DA:378,38
DA:379,37
DA:380,1
DA:383,36
DA:384,6
DA:387,30
DA:388,30
DA:390,40
DA:391,35
DA:393,40
DA:395,40
DA:396,25
DA:397,25
DA:400,30
DA:403,1
DA:413,15
LF:148
LH:148
BRDA:27,0,0,1
BRDA:30,1,0,36
BRDA:37,2,0,1
BRDA:40,3,0,9
BRDA:67,4,0,1
BRDA:67,4,1,27
BRDA:90,5,0,1
BRDA:90,5,1,8
BRDA:113,6,0,1
BRDA:113,6,1,37
BRDA:137,7,0,1
BRDA:137,7,1,42
BRDA:162,8,0,1
BRDA:166,9,0,5
BRDA:173,10,0,8
BRDA:178,11,0,11
BRDA:206,12,0,1
BRDA:206,12,1,6
BRDA:230,13,0,1
BRDA:230,13,1,9
BRDA:254,14,0,1
BRDA:254,14,1,9
BRDA:277,15,0,1
BRDA:277,15,1,6
BRDA:300,16,0,1
BRDA:300,16,1,5
BRDA:326,17,0,1
BRDA:326,17,1,9
BRDA:350,18,0,1
BRDA:355,19,0,1
BRDA:379,20,0,1
BRDA:383,21,0,6
BRDA:390,22,0,35
BRDA:395,23,0,25
BRF:34
BRH:34
end_of_record
TN:
SF:src\dao\productDAO.ts
FN:18,(anonymous_1)
FN:19,(anonymous_2)
FN:32,(anonymous_3)
FN:36,(anonymous_4)
FN:53,(anonymous_5)
FN:54,(anonymous_6)
FN:67,(anonymous_7)
FN:72,(anonymous_8)
FN:77,(anonymous_9)
FN:95,(anonymous_10)
FN:96,(anonymous_11)
FN:98,(anonymous_12)
FN:118,(anonymous_13)
FN:124,(anonymous_14)
FN:125,(anonymous_15)
FN:137,(anonymous_16)
FN:138,(anonymous_17)
FN:139,(anonymous_18)
FN:151,(anonymous_19)
FN:169,(anonymous_20)
FN:170,(anonymous_21)
FN:171,(anonymous_22)
FN:200,(anonymous_23)
FN:216,(anonymous_24)
FN:218,(anonymous_25)
FN:219,(anonymous_26)
FN:231,(anonymous_27)
FN:232,(anonymous_28)
FN:233,(anonymous_29)
FN:242,(anonymous_30)
FNF:30
FNH:30
FNDA:669,(anonymous_1)
FNDA:669,(anonymous_2)
FNDA:669,(anonymous_3)
FNDA:211,(anonymous_4)
FNDA:11,(anonymous_5)
FNDA:11,(anonymous_6)
FNDA:11,(anonymous_7)
FNDA:21,(anonymous_8)
FNDA:18,(anonymous_9)
FNDA:12,(anonymous_10)
FNDA:12,(anonymous_11)
FNDA:11,(anonymous_12)
FNDA:465,(anonymous_13)
FNDA:465,(anonymous_14)
FNDA:464,(anonymous_15)
FNDA:11,(anonymous_16)
FNDA:11,(anonymous_17)
FNDA:10,(anonymous_18)
FNDA:6,(anonymous_19)
FNDA:31,(anonymous_20)
FNDA:31,(anonymous_21)
FNDA:30,(anonymous_22)
FNDA:14,(anonymous_23)
FNDA:7,(anonymous_24)
FNDA:7,(anonymous_25)
FNDA:6,(anonymous_26)
FNDA:10,(anonymous_27)
FNDA:10,(anonymous_28)
FNDA:10,(anonymous_29)
FNDA:6,(anonymous_30)
DA:1,21
DA:2,21
DA:3,21
DA:19,669
DA:20,669
DA:21,669
DA:22,669
DA:24,669
DA:25,8
DA:26,8
DA:27,661
DA:28,644
DA:29,644
DA:32,669
DA:33,669
DA:34,0
DA:36,669
DA:37,669
DA:41,0
DA:54,11
DA:55,11
DA:56,11
DA:57,11
DA:59,11
DA:60,3
DA:61,3
DA:62,8
DA:63,4
DA:64,4
DA:67,11
DA:68,11
DA:69,0
DA:72,21
DA:74,11
DA:75,0
DA:77,18
DA:78,11
DA:83,0
DA:96,12
DA:97,12
DA:98,12
DA:99,11
DA:100,1
DA:102,10
DA:119,465
DA:123,465
DA:124,465
DA:125,465
DA:126,464
DA:127,464
DA:138,11
DA:139,11
DA:140,10
DA:141,1
DA:142,1
DA:144,9
DA:145,2
DA:146,2
DA:148,7
DA:149,7
DA:151,7
DA:152,6
DA:153,1
DA:154,1
DA:156,5
DA:170,31
DA:171,31
DA:172,30
DA:173,1
DA:174,1
DA:176,29
DA:177,5
DA:178,5
DA:180,24
DA:182,24
DA:183,3
DA:184,3
DA:187,21
DA:188,4
DA:189,4
DA:192,17
DA:195,17
DA:196,2
DA:197,2
DA:200,15
DA:201,14
DA:202,1
DA:203,1
DA:205,13
DA:217,7
DA:218,7
DA:219,7
DA:220,6
DA:221,6
DA:232,10
DA:233,10
DA:234,10
DA:235,1
DA:236,1
DA:238,9
DA:239,3
DA:240,3
DA:242,6
DA:243,6
DA:244,1
DA:245,1
DA:247,5
DA:255,21
LF:108
LH:103
BRDA:24,0,0,8
BRDA:24,0,1,661
BRDA:27,1,0,644
BRDA:33,2,0,0
BRDA:33,2,1,669
BRDA:59,3,0,3
BRDA:59,3,1,8
BRDA:62,4,0,4
BRDA:68,5,0,0
BRDA:68,5,1,11
BRDA:74,6,0,0
BRDA:74,6,1,11
BRDA:99,7,0,1
BRDA:99,7,1,10
BRDA:126,8,0,1
BRDA:140,9,0,1
BRDA:144,10,0,2
BRDA:152,11,0,1
BRDA:172,12,0,1
BRDA:176,13,0,5
BRDA:182,14,0,3
BRDA:187,15,0,4
BRDA:195,16,0,2
BRDA:195,17,0,17
BRDA:195,17,1,13
BRDA:201,18,0,1
BRDA:220,19,0,1
BRDA:234,20,0,1
BRDA:238,21,0,3
BRDA:243,22,0,1
BRF:30
BRH:27
end_of_record
TN:
SF:src\dao\reviewDAO.ts
FN:17,(anonymous_1)
FN:18,(anonymous_2)
FN:21,(anonymous_3)
FN:26,(anonymous_4)
FN:44,(anonymous_5)
FN:45,(anonymous_6)
FN:48,(anonymous_7)
FN:71,(anonymous_8)
FN:72,(anonymous_9)
FN:75,(anonymous_10)
FN:97,(anonymous_11)
FN:98,(anonymous_12)
FN:102,(anonymous_13)
FN:130,(anonymous_14)
FN:131,(anonymous_15)
FN:134,(anonymous_16)
FN:140,(anonymous_17)
FN:158,(anonymous_18)
FN:159,(anonymous_19)
FN:162,(anonymous_20)
FNF:20
FNH:20
FNDA:23,(anonymous_1)
FNDA:23,(anonymous_2)
FNDA:23,(anonymous_3)
FNDA:12,(anonymous_4)
FNDA:31,(anonymous_5)
FNDA:31,(anonymous_6)
FNDA:30,(anonymous_7)
FNDA:20,(anonymous_8)
FNDA:20,(anonymous_9)
FNDA:19,(anonymous_10)
FNDA:7,(anonymous_11)
FNDA:7,(anonymous_12)
FNDA:6,(anonymous_13)
FNDA:10,(anonymous_14)
FNDA:10,(anonymous_15)
FNDA:9,(anonymous_16)
FNDA:6,(anonymous_17)
FNDA:8,(anonymous_18)
FNDA:8,(anonymous_19)
FNDA:7,(anonymous_20)
DA:2,15
DA:3,15
DA:18,23
DA:19,23
DA:21,23
DA:22,23
DA:23,1
DA:25,22
DA:26,22
DA:27,22
DA:29,0
DA:45,31
DA:46,31
DA:47,31
DA:48,31
DA:49,30
DA:50,1
DA:51,29
DA:52,22
DA:55,7
DA:56,7
DA:60,1
DA:72,20
DA:73,20
DA:74,20
DA:75,20
DA:76,19
DA:77,1
DA:79,18
DA:83,1
DA:98,7
DA:100,7
DA:101,7
DA:102,7
DA:103,6
DA:104,1
DA:106,5
DA:110,1
DA:131,10
DA:132,10
DA:133,10
DA:134,10
DA:135,9
DA:136,2
DA:137,2
DA:139,7
DA:140,7
DA:141,6
DA:142,1
DA:143,1
DA:145,5
DA:149,2
DA:159,8
DA:160,8
DA:161,8
DA:162,8
DA:163,7
DA:164,1
DA:165,1
DA:167,6
DA:170,1
DA:177,15
LF:62
LH:61
BRDA:22,0,0,1
BRDA:22,0,1,22
BRDA:49,1,0,1
BRDA:49,1,1,29
BRDA:51,2,0,22
BRDA:51,2,1,7
BRDA:76,3,0,1
BRDA:76,3,1,18
BRDA:103,4,0,1
BRDA:103,4,1,5
BRDA:135,5,0,2
BRDA:141,6,0,1
BRDA:163,7,0,1
BRF:13
BRH:13
end_of_record
TN:
SF:src\dao\userDAO.ts
FN:18,(anonymous_8)
FN:19,(anonymous_9)
FN:26,(anonymous_10)
FN:56,(anonymous_11)
FN:57,(anonymous_12)
FN:62,(anonymous_13)
FN:82,(anonymous_14)
FN:83,(anonymous_15)
FN:86,(anonymous_16)
FN:114,(anonymous_17)
FN:116,(anonymous_18)
FN:116,(anonymous_19)
FN:120,(anonymous_20)
FN:144,(anonymous_21)
FN:145,(anonymous_22)
FN:148,(anonymous_23)
FN:153,(anonymous_24)
FN:169,(anonymous_25)
FN:170,(anonymous_26)
FN:173,(anonymous_27)
FN:178,(anonymous_28)
FN:193,(anonymous_29)
FN:195,(anonymous_30)
FN:195,(anonymous_31)
FN:200,(anonymous_32)
FN:218,(anonymous_33)
FN:219,(anonymous_34)
FN:222,(anonymous_35)
FNF:28
FNH:28
FNDA:464,(anonymous_8)
FNDA:464,(anonymous_9)
FNDA:463,(anonymous_10)
FNDA:83,(anonymous_11)
FNDA:83,(anonymous_12)
FNDA:82,(anonymous_13)
FNDA:1078,(anonymous_14)
FNDA:1078,(anonymous_15)
FNDA:1078,(anonymous_16)
FNDA:7,(anonymous_17)
FNDA:7,(anonymous_18)
FNDA:7,(anonymous_19)
FNDA:6,(anonymous_20)
FNDA:14,(anonymous_21)
FNDA:14,(anonymous_22)
FNDA:13,(anonymous_23)
FNDA:10,(anonymous_24)
FNDA:27,(anonymous_25)
FNDA:27,(anonymous_26)
FNDA:26,(anonymous_27)
FNDA:30,(anonymous_28)
FNDA:12,(anonymous_29)
FNDA:12,(anonymous_30)
FNDA:12,(anonymous_31)
FNDA:11,(anonymous_32)
FNDA:9,(anonymous_33)
FNDA:9,(anonymous_34)
FNDA:8,(anonymous_35)
DA:1,20
DA:2,20
DA:3,20
DA:4,20
DA:19,464
DA:20,464
DA:25,464
DA:26,464
DA:27,463
DA:29,463
DA:30,7
DA:33,456
DA:34,456
DA:35,456
DA:36,456
DA:41,1
DA:57,83
DA:58,83
DA:59,83
DA:60,83
DA:61,83
DA:62,83
DA:63,82
DA:64,6
DA:65,6
DA:67,82
DA:70,1
DA:83,1078
DA:84,1078
DA:85,1078
DA:86,1078
DA:87,1078
DA:88,1
DA:89,1
DA:91,1077
DA:92,15
DA:93,15
DA:95,1062
DA:96,1062
DA:99,0
DA:116,7
DA:117,7
DA:118,7
DA:119,6
DA:120,6
DA:121,6
DA:122,1
DA:125,5
DA:126,5
DA:127,5
DA:128,5
DA:129,5
DA:135,1
DA:145,14
DA:146,14
DA:147,14
DA:148,14
DA:149,13
DA:150,1
DA:151,1
DA:153,12
DA:154,12
DA:157,1
DA:170,27
DA:171,27
DA:172,27
DA:173,27
DA:174,26
DA:175,1
DA:176,1
DA:178,30
DA:179,25
DA:182,1
DA:195,12
DA:196,12
DA:198,12
DA:200,12
DA:201,11
DA:202,1
DA:204,10
DA:208,1
DA:219,9
DA:220,9
DA:221,9
DA:222,9
DA:223,8
DA:224,1
DA:225,1
DA:227,7
DA:230,1
DA:236,20
LF:91
LH:90
BRDA:27,0,0,1
BRDA:29,1,0,7
BRDA:29,1,1,456
BRDA:29,2,0,463
BRDA:29,2,1,458
BRDA:29,2,2,458
BRDA:35,3,0,4
BRDA:63,4,0,6
BRDA:64,5,0,5
BRDA:87,6,0,1
BRDA:91,7,0,15
BRDA:121,8,0,1
BRDA:121,8,1,5
BRDA:149,9,0,1
BRDA:174,10,0,1
BRDA:201,11,0,1
BRDA:201,11,1,10
BRDA:223,12,0,1
BRF:18
BRH:18
end_of_record
TN:
SF:src\db\cleanup.ts
FN:9,(anonymous_8)
FN:9,(anonymous_9)
FN:10,(anonymous_10)
FN:11,(anonymous_11)
FNF:4
FNH:4
FNDA:188,(anonymous_8)
FNDA:188,(anonymous_9)
FNDA:188,(anonymous_10)
FNDA:188,(anonymous_11)
DA:3,8
DA:9,188
DA:10,188
DA:11,188
DA:13,188
DA:15,188
DA:17,188
DA:19,188
DA:21,188
DA:24,188
LF:10
LH:10
BRF:0
BRH:0
end_of_record
TN:
SF:src\db\db.ts
FN:22,(anonymous_0)
FN:27,(anonymous_1)
FN:38,(anonymous_2)
FN:52,(anonymous_3)
FN:77,(anonymous_4)
FN:93,(anonymous_5)
FNF:6
FNH:6
FNDA:25,(anonymous_0)
FNDA:34,(anonymous_1)
FNDA:25,(anonymous_2)
FNDA:25,(anonymous_3)
FNDA:25,(anonymous_4)
FNDA:25,(anonymous_5)
DA:9,34
DA:16,34
DA:19,34
DA:22,34
DA:23,25
DA:24,25
DA:27,34
DA:29,34
DA:39,25
DA:40,0
DA:45,34
DA:53,25
DA:54,0
DA:59,34
DA:68,34
DA:78,25
DA:79,0
DA:84,34
DA:94,25
DA:95,0
DA:106,34
LF:21
LH:17
BRDA:16,0,0,34
BRDA:16,0,1,0
BRDA:19,1,0,34
BRDA:19,1,1,0
BRDA:23,2,0,0
BRDA:39,3,0,0
BRDA:53,4,0,0
BRDA:78,5,0,0
BRDA:94,6,0,0
BRF:9
BRH:2
end_of_record
TN:
SF:src\errors\cartError.ts
FN:14,(anonymous_0)
FN:28,(anonymous_1)
FN:42,(anonymous_2)
FN:56,(anonymous_3)
FN:67,(anonymous_4)
FNF:5
FNH:3
FNDA:12,(anonymous_0)
FNDA:0,(anonymous_1)
FNDA:5,(anonymous_2)
FNDA:0,(anonymous_3)
FNDA:6,(anonymous_4)
DA:1,14
DA:2,14
DA:3,14
DA:4,14
DA:5,14
DA:15,12
DA:16,12
DA:17,12
DA:29,0
DA:30,0
DA:31,0
DA:43,5
DA:44,5
DA:45,5
DA:57,0
DA:58,0
DA:59,0
DA:68,6
DA:69,6
DA:70,6
DA:74,14
LF:21
LH:15
BRF:0
BRH:0
end_of_record
TN:
SF:src\errors\productError.ts
FN:18,(anonymous_0)
FN:29,(anonymous_1)
FN:43,(anonymous_2)
FN:57,(anonymous_3)
FN:71,(anonymous_4)
FN:82,(anonymous_5)
FN:93,(anonymous_6)
FN:104,(anonymous_7)
FN:115,(anonymous_8)
FN:126,(anonymous_9)
FN:137,(anonymous_10)
FNF:11
FNH:10
FNDA:46,(anonymous_0)
FNDA:6,(anonymous_1)
FNDA:5,(anonymous_2)
FNDA:3,(anonymous_3)
FNDA:0,(anonymous_4)
FNDA:15,(anonymous_5)
FNDA:8,(anonymous_6)
FNDA:13,(anonymous_7)
FNDA:12,(anonymous_8)
FNDA:15,(anonymous_9)
FNDA:4,(anonymous_10)
DA:1,23
DA:2,23
DA:3,23
DA:4,23
DA:5,23
DA:6,23
DA:7,23
DA:8,23
DA:9,23
DA:10,23
DA:19,46
DA:20,46
DA:21,46
DA:30,6
DA:31,6
DA:32,6
DA:44,5
DA:45,5
DA:46,5
DA:58,3
DA:59,3
DA:60,3
DA:72,0
DA:73,0
DA:74,0
DA:83,15
DA:84,15
DA:85,15
DA:94,8
DA:95,8
DA:96,8
DA:105,13
DA:106,13
DA:107,13
DA:116,12
DA:117,12
DA:118,12
DA:127,15
DA:128,15
DA:129,15
DA:138,4
DA:139,4
DA:140,4
DA:144,23
LF:44
LH:41
BRF:0
BRH:0
end_of_record
TN:
SF:src\errors\reviewError.ts
FN:8,(anonymous_0)
FN:19,(anonymous_1)
FNF:2
FNH:2
FNDA:3,(anonymous_0)
FNDA:7,(anonymous_1)
DA:1,15
DA:2,15
DA:9,3
DA:10,3
DA:11,3
DA:20,7
DA:21,7
DA:22,7
DA:26,15
LF:9
LH:9
BRF:0
BRH:0
end_of_record
TN:
SF:src\errors\userError.ts
FN:17,(anonymous_0)
FN:31,(anonymous_1)
FN:45,(anonymous_2)
FN:61,(anonymous_3)
FN:72,(anonymous_4)
FN:83,(anonymous_5)
FN:94,(anonymous_6)
FN:105,(anonymous_7)
FNF:8
FNH:4
FNDA:21,(anonymous_0)
FNDA:0,(anonymous_1)
FNDA:0,(anonymous_2)
FNDA:8,(anonymous_3)
FNDA:0,(anonymous_4)
FNDA:4,(anonymous_5)
FNDA:13,(anonymous_6)
FNDA:0,(anonymous_7)
DA:1,22
DA:2,22
DA:3,22
DA:4,22
DA:5,22
DA:6,22
DA:7,22
DA:8,22
DA:18,21
DA:19,21
DA:20,21
DA:32,0
DA:33,0
DA:34,0
DA:46,0
DA:47,0
DA:48,0
DA:62,8
DA:63,8
DA:64,8
DA:73,0
DA:74,0
DA:75,0
DA:84,4
DA:85,4
DA:86,4
DA:95,13
DA:96,13
DA:97,13
DA:106,0
DA:107,0
DA:108,0
DA:112,22
LF:33
LH:21
BRF:0
BRH:0
end_of_record
TN:
SF:src\routers\auth.ts
FN:20,(anonymous_1)
FN:30,(anonymous_2)
FN:49,(anonymous_3)
FN:50,(anonymous_4)
FN:52,(anonymous_5)
FN:66,(anonymous_6)
FN:76,(anonymous_7)
FN:77,(anonymous_8)
FN:79,(anonymous_9)
FN:96,(anonymous_10)
FN:97,(anonymous_11)
FN:98,(anonymous_12)
FN:102,(anonymous_13)
FN:117,(anonymous_14)
FN:118,(anonymous_15)
FN:119,(anonymous_16)
FN:131,(anonymous_17)
FN:144,(anonymous_18)
FN:157,(anonymous_19)
FN:162,(anonymous_20)
FN:167,(anonymous_21)
FNF:21
FNH:20
FNDA:32,(anonymous_1)
FNDA:32,(anonymous_2)
FNDA:454,(anonymous_3)
FNDA:454,(anonymous_4)
FNDA:450,(anonymous_5)
FNDA:450,(anonymous_6)
FNDA:576,(anonymous_7)
FNDA:574,(anonymous_8)
FNDA:2,(anonymous_9)
FNDA:454,(anonymous_10)
FNDA:454,(anonymous_11)
FNDA:454,(anonymous_12)
FNDA:450,(anonymous_13)
FNDA:3,(anonymous_14)
FNDA:3,(anonymous_15)
FNDA:3,(anonymous_16)
FNDA:584,(anonymous_17)
FNDA:147,(anonymous_18)
FNDA:0,(anonymous_19)
FNDA:28,(anonymous_20)
FNDA:314,(anonymous_21)
DA:3,12
DA:4,12
DA:5,12
DA:6,12
DA:7,12
DA:21,32
DA:22,32
DA:23,32
DA:31,32
DA:38,32
DA:39,32
DA:41,32
DA:48,32
DA:50,454
DA:51,454
DA:52,450
DA:53,450
DA:56,4
DA:66,32
DA:67,450
DA:76,32
DA:77,576
DA:78,574
DA:80,2
DA:97,454
DA:98,454
DA:99,454
DA:100,454
DA:102,450
DA:103,450
DA:104,450
DA:118,3
DA:119,3
DA:132,584
DA:133,44
DA:145,147
DA:146,22
DA:158,0
DA:159,0
DA:163,28
DA:164,12
DA:168,314
DA:169,22
DA:174,12
LF:44
LH:42
BRDA:51,0,0,450
BRDA:51,0,1,4
BRDA:99,1,0,0
BRDA:100,2,0,4
BRDA:103,3,0,0
BRDA:132,4,0,540
BRDA:145,5,0,125
BRDA:145,6,0,147
BRDA:145,6,1,147
BRDA:158,7,0,0
BRDA:158,8,0,0
BRDA:158,8,1,0
BRDA:163,9,0,16
BRDA:163,10,0,28
BRDA:163,10,1,24
BRDA:168,11,0,292
BRDA:168,12,0,314
BRDA:168,12,1,312
BRDA:168,12,2,286
BRF:19
BRH:14
end_of_record
TN:
SF:src\routers\cartRoutes.ts
FN:24,(anonymous_1)
FN:36,(anonymous_2)
FN:47,(anonymous_3)
FN:58,(anonymous_4)
FN:59,(anonymous_5)
FN:62,(anonymous_6)
FN:80,(anonymous_7)
FN:81,(anonymous_8)
FN:82,(anonymous_9)
FN:97,(anonymous_10)
FN:98,(anonymous_11)
FN:99,(anonymous_12)
FN:113,(anonymous_13)
FN:114,(anonymous_14)
FN:115,(anonymous_15)
FN:130,(anonymous_16)
FN:131,(anonymous_17)
FN:132,(anonymous_18)
FN:147,(anonymous_19)
FN:148,(anonymous_20)
FN:149,(anonymous_21)
FN:161,(anonymous_22)
FN:162,(anonymous_23)
FN:163,(anonymous_24)
FN:175,(anonymous_25)
FN:176,(anonymous_26)
FN:177,(anonymous_27)
FNF:27
FNH:27
FNDA:12,(anonymous_1)
FNDA:12,(anonymous_2)
FNDA:12,(anonymous_3)
FNDA:17,(anonymous_4)
FNDA:16,(anonymous_5)
FNDA:1,(anonymous_6)
FNDA:46,(anonymous_7)
FNDA:40,(anonymous_8)
FNDA:6,(anonymous_9)
FNDA:18,(anonymous_10)
FNDA:7,(anonymous_11)
FNDA:11,(anonymous_12)
FNDA:7,(anonymous_13)
FNDA:6,(anonymous_14)
FNDA:1,(anonymous_15)
FNDA:18,(anonymous_16)
FNDA:7,(anonymous_17)
FNDA:11,(anonymous_18)
FNDA:6,(anonymous_19)
FNDA:3,(anonymous_20)
FNDA:3,(anonymous_21)
FNDA:6,(anonymous_22)
FNDA:4,(anonymous_23)
FNDA:2,(anonymous_24)
FNDA:11,(anonymous_25)
FNDA:9,(anonymous_26)
FNDA:2,(anonymous_27)
DA:1,12
DA:2,12
DA:3,12
DA:4,12
DA:5,12
DA:9,12
DA:10,12
DA:25,12
DA:26,12
DA:27,12
DA:28,12
DA:29,12
DA:37,12
DA:54,12
DA:58,17
DA:60,16
DA:63,1
DA:74,12
DA:80,46
DA:81,40
DA:83,6
DA:93,12
DA:97,18
DA:98,7
DA:100,11
DA:109,12
DA:113,7
DA:114,6
DA:115,1
DA:124,12
DA:130,18
DA:131,7
DA:133,11
DA:143,12
DA:147,6
DA:148,3
DA:149,3
DA:157,12
DA:161,6
DA:162,4
DA:163,2
DA:171,12
DA:175,11
DA:176,9
DA:177,2
DA:182,12
LF:46
LH:46
BRF:0
BRH:0
end_of_record
TN:
SF:src\routers\productRoutes.ts
FN:26,(anonymous_1)
FN:38,(anonymous_2)
FN:50,(anonymous_3)
FN:69,(anonymous_4)
FN:72,(anonymous_5)
FN:73,(anonymous_6)
FN:78,validateProductArrivalMiddleware
FN:125,(anonymous_8)
FN:129,(anonymous_9)
FN:130,(anonymous_10)
FN:136,validateProductQuantityMiddleware
FN:178,(anonymous_12)
FN:182,(anonymous_13)
FN:183,(anonymous_14)
FN:189,validateProductSaleMiddleware
FN:224,(anonymous_16)
FN:230,(anonymous_17)
FN:231,(anonymous_18)
FN:254,(anonymous_19)
FN:255,(anonymous_20)
FN:256,(anonymous_21)
FN:268,(anonymous_22)
FN:270,(anonymous_23)
FN:271,(anonymous_24)
FN:285,(anonymous_25)
FN:286,(anonymous_26)
FN:287,(anonymous_27)
FNF:27
FNH:27
FNDA:12,(anonymous_1)
FNDA:12,(anonymous_2)
FNDA:12,(anonymous_3)
FNDA:121,(anonymous_4)
FNDA:118,(anonymous_5)
FNDA:3,(anonymous_6)
FNDA:149,validateProductArrivalMiddleware
FNDA:4,(anonymous_8)
FNDA:3,(anonymous_9)
FNDA:1,(anonymous_10)
FNDA:27,validateProductQuantityMiddleware
FNDA:26,(anonymous_12)
FNDA:12,(anonymous_13)
FNDA:14,(anonymous_14)
FNDA:38,validateProductSaleMiddleware
FNDA:78,(anonymous_16)
FNDA:53,(anonymous_17)
FNDA:25,(anonymous_18)
FNDA:31,(anonymous_19)
FNDA:9,(anonymous_20)
FNDA:22,(anonymous_21)
FNDA:6,(anonymous_22)
FNDA:5,(anonymous_23)
FNDA:1,(anonymous_24)
FNDA:9,(anonymous_25)
FNDA:5,(anonymous_26)
FNDA:4,(anonymous_27)
DA:1,12
DA:2,12
DA:3,12
DA:4,12
DA:5,12
DA:10,12
DA:11,12
DA:27,12
DA:28,12
DA:29,12
DA:30,12
DA:31,12
DA:39,12
DA:64,12
DA:70,121
DA:71,121
DA:72,118
DA:73,3
DA:79,149
DA:80,149
DA:81,149
DA:83,149
DA:84,4
DA:86,145
DA:87,4
DA:89,141
DA:90,6
DA:92,135
DA:93,6
DA:95,129
DA:96,126
DA:97,4
DA:99,122
DA:100,3
DA:103,122
DA:104,1
DA:106,121
DA:120,12
DA:126,4
DA:127,4
DA:128,4
DA:129,3
DA:130,1
DA:137,27
DA:138,27
DA:140,27
DA:141,7
DA:144,20
DA:145,16
DA:146,4
DA:149,12
DA:150,12
DA:151,4
DA:155,8
DA:156,0
DA:160,4
DA:173,12
DA:179,26
DA:180,26
DA:181,26
DA:182,12
DA:183,14
DA:190,38
DA:191,38
DA:193,38
DA:194,7
DA:197,31
DA:198,5
DA:201,26
DA:214,12
DA:225,78
DA:230,53
DA:232,25
DA:245,12
DA:254,31
DA:255,9
DA:256,22
DA:264,12
DA:269,6
DA:270,5
DA:271,1
DA:281,12
DA:285,9
DA:286,5
DA:287,4
DA:294,12
LF:86
LH:85
BRDA:83,0,0,4
BRDA:83,1,0,149
BRDA:83,1,1,146
BRDA:83,1,2,145
BRDA:86,2,0,4
BRDA:86,3,0,145
BRDA:86,3,1,144
BRDA:86,3,2,144
BRDA:89,4,0,6
BRDA:89,5,0,141
BRDA:89,5,1,139
BRDA:92,6,0,6
BRDA:92,7,0,135
BRDA:92,7,1,133
BRDA:95,8,0,126
BRDA:96,9,0,4
BRDA:96,10,0,126
BRDA:96,10,1,123
BRDA:99,11,0,3
BRDA:103,12,0,1
BRDA:103,13,0,122
BRDA:103,13,1,122
BRDA:140,14,0,7
BRDA:140,15,0,27
BRDA:140,15,1,24
BRDA:144,16,0,16
BRDA:145,17,0,4
BRDA:150,18,0,4
BRDA:150,19,0,12
BRDA:150,19,1,12
BRDA:150,19,2,12
BRDA:150,19,3,12
BRDA:150,19,4,12
BRDA:150,19,5,11
BRDA:155,20,0,0
BRDA:193,21,0,7
BRDA:193,22,0,38
BRDA:193,22,1,35
BRDA:197,23,0,5
BRDA:197,24,0,31
BRDA:197,24,1,24
BRDA:197,24,2,20
BRDA:226,25,0,61
BRDA:226,25,1,17
BRDA:227,26,0,18
BRDA:227,26,1,60
BRDA:228,27,0,39
BRDA:228,27,1,39
BRF:48
BRH:47
end_of_record
TN:
SF:src\routers\reviewRoutes.ts
FN:17,(anonymous_1)
FN:25,(anonymous_2)
FN:29,(anonymous_3)
FN:48,(anonymous_4)
FN:49,(anonymous_5)
FN:50,(anonymous_6)
FN:67,(anonymous_7)
FN:68,(anonymous_8)
FN:69,(anonymous_9)
FN:84,(anonymous_10)
FN:85,(anonymous_11)
FN:86,(anonymous_12)
FN:103,(anonymous_13)
FN:105,(anonymous_14)
FN:106,(anonymous_15)
FN:111,validateProductModelMiddleware
FN:130,(anonymous_17)
FN:132,(anonymous_18)
FN:133,(anonymous_19)
FNF:19
FNH:19
FNDA:12,(anonymous_1)
FNDA:12,(anonymous_2)
FNDA:12,(anonymous_3)
FNDA:19,(anonymous_4)
FNDA:15,(anonymous_5)
FNDA:4,(anonymous_6)
FNDA:23,(anonymous_7)
FNDA:20,(anonymous_8)
FNDA:3,(anonymous_9)
FNDA:10,(anonymous_10)
FNDA:3,(anonymous_11)
FNDA:7,(anonymous_12)
FNDA:8,(anonymous_13)
FNDA:4,(anonymous_14)
FNDA:4,(anonymous_15)
FNDA:8,validateProductModelMiddleware
FNDA:6,(anonymous_17)
FNDA:5,(anonymous_18)
FNDA:1,(anonymous_19)
DA:1,12
DA:2,12
DA:3,12
DA:4,12
DA:5,12
DA:8,12
DA:9,12
DA:18,12
DA:19,12
DA:20,12
DA:21,12
DA:22,12
DA:26,12
DA:40,12
DA:48,19
DA:49,15
DA:52,4
DA:62,12
DA:67,23
DA:68,20
DA:69,3
DA:78,12
DA:84,10
DA:85,3
DA:88,7
DA:98,12
DA:104,8
DA:105,4
DA:106,4
DA:112,8
DA:114,8
DA:115,0
DA:117,8
DA:126,12
DA:131,6
DA:132,5
DA:133,1
DA:139,12
LF:38
LH:37
BRDA:114,0,0,0
BRDA:114,1,0,8
BRDA:114,1,1,8
BRDA:114,1,2,8
BRF:4
BRH:3
end_of_record
TN:
SF:src\routers\userRoutes.ts
FN:21,(anonymous_1)
FN:33,(anonymous_2)
FN:44,(anonymous_3)
FN:65,(anonymous_4)
FN:74,(anonymous_5)
FN:75,(anonymous_6)
FN:88,(anonymous_7)
FN:89,(anonymous_8)
FN:90,(anonymous_9)
FN:104,(anonymous_10)
FN:105,(anonymous_11)
FN:106,(anonymous_12)
FN:120,(anonymous_13)
FN:121,(anonymous_14)
FN:122,(anonymous_15)
FN:136,(anonymous_16)
FN:137,(anonymous_17)
FN:138,(anonymous_18)
FN:149,(anonymous_19)
FN:150,(anonymous_20)
FN:151,(anonymous_21)
FN:176,(anonymous_22)
FN:179,(anonymous_23)
FN:180,(anonymous_24)
FN:200,(anonymous_25)
FN:207,(anonymous_26)
FN:218,(anonymous_27)
FN:234,(anonymous_28)
FN:235,(anonymous_29)
FN:236,(anonymous_30)
FN:247,(anonymous_31)
FN:248,(anonymous_32)
FN:249,(anonymous_33)
FN:260,(anonymous_34)
FNF:34
FNH:34
FNDA:12,(anonymous_1)
FNDA:12,(anonymous_2)
FNDA:12,(anonymous_3)
FNDA:40,(anonymous_4)
FNDA:36,(anonymous_5)
FNDA:4,(anonymous_6)
FNDA:12,(anonymous_7)
FNDA:11,(anonymous_8)
FNDA:1,(anonymous_9)
FNDA:6,(anonymous_10)
FNDA:5,(anonymous_11)
FNDA:1,(anonymous_12)
FNDA:20,(anonymous_13)
FNDA:12,(anonymous_14)
FNDA:8,(anonymous_15)
FNDA:15,(anonymous_16)
FNDA:7,(anonymous_17)
FNDA:8,(anonymous_18)
FNDA:4,(anonymous_19)
FNDA:3,(anonymous_20)
FNDA:1,(anonymous_21)
FNDA:13,(anonymous_22)
FNDA:4,(anonymous_23)
FNDA:9,(anonymous_24)
FNDA:12,(anonymous_25)
FNDA:12,(anonymous_26)
FNDA:12,(anonymous_27)
FNDA:456,(anonymous_28)
FNDA:451,(anonymous_29)
FNDA:5,(anonymous_30)
FNDA:7,(anonymous_31)
FNDA:5,(anonymous_32)
FNDA:2,(anonymous_33)
FNDA:3,(anonymous_34)
DA:1,12
DA:3,12
DA:5,12
DA:6,12
DA:22,12
DA:23,12
DA:24,12
DA:25,12
DA:26,12
DA:34,12
DA:57,12
DA:66,40
DA:74,36
DA:76,4
DA:85,12
DA:88,12
DA:89,11
DA:90,1
DA:99,12
DA:104,6
DA:105,5
DA:106,1
DA:115,12
DA:120,20
DA:121,12
DA:122,8
DA:131,12
DA:136,15
DA:137,7
DA:138,8
DA:146,12
DA:149,4
DA:150,3
DA:151,1
DA:165,12
DA:178,13
DA:179,4
DA:181,9
DA:201,12
DA:202,12
DA:203,12
DA:204,12
DA:208,12
DA:229,12
DA:234,456
DA:235,451
DA:236,5
DA:244,12
DA:247,7
DA:248,5
DA:249,2
DA:257,12
DA:260,3
DA:265,12
LF:54
LH:54
BRF:0
BRH:0
end_of_record
